Log file open, 11/07/19 20:39:41
LogWindows: Failed to load 'aqProf.dll' (GetLastError=126)
LogWindows: File 'aqProf.dll' does not exist
LogWindows: Failed to load 'VtuneApi.dll' (GetLastError=126)
LogWindows: File 'VtuneApi.dll' does not exist
LogWindows: Failed to load 'VtuneApi32e.dll' (GetLastError=126)
LogWindows: File 'VtuneApi32e.dll' does not exist
LogConsoleResponse: Display: Failed to find resolution value strings in scalability ini. Falling back to default.
LogInit: Display: Running engine for game: ggo
LogPlatformFile: Not using cached read wrapper
LogTaskGraph: Started task graph with 5 named threads and 23 total threads with 3 sets of task threads.
LogStats: Stats thread started at 0.667987
LogD3D11RHI: Loaded GFSDK_Aftermath_Lib.x64.dll
LogICUInternationalization: ICU TimeZone Detection - Raw Offset: -3:00, Platform Override: ''
LogPluginManager: Mounting plugin Paper2D
LogPluginManager: Mounting plugin AISupport
LogPluginManager: Mounting plugin LightPropagationVolume
LogPluginManager: Mounting plugin ActorLayerUtilities
LogPluginManager: Mounting plugin AnimationSharing
LogPluginManager: Mounting plugin CLionSourceCodeAccess
LogPluginManager: Mounting plugin CodeLiteSourceCodeAccess
LogPluginManager: Mounting plugin GitSourceControl
LogPluginManager: Mounting plugin KDevelopSourceCodeAccess
LogPluginManager: Mounting plugin NullSourceCodeAccess
LogPluginManager: Mounting plugin PerforceSourceControl
LogPluginManager: Mounting plugin SubversionSourceControl
LogPluginManager: Mounting plugin UObjectPlugin
LogPluginManager: Mounting plugin VisualStudioCodeSourceCodeAccess
LogPluginManager: Mounting plugin VisualStudioSourceCodeAccess
LogPluginManager: Mounting plugin XCodeSourceCodeAccess
LogPluginManager: Mounting plugin AssetManagerEditor
LogPluginManager: Mounting plugin CryptoKeys
LogPluginManager: Mounting plugin CurveEditorTools
LogPluginManager: Mounting plugin DataValidation
LogPluginManager: Mounting plugin EditorScriptingUtilities
LogPluginManager: Mounting plugin FacialAnimation
LogPluginManager: Mounting plugin GameplayTagsEditor
LogPluginManager: Mounting plugin GLTFImporter
LogPluginManager: Mounting plugin MacGraphicsSwitching
LogPluginManager: Mounting plugin MaterialAnalyzer
LogPluginManager: Mounting plugin MeshEditor
LogPluginManager: Mounting plugin MobileLauncherProfileWizard
LogPluginManager: Mounting plugin PluginBrowser
LogPluginManager: Mounting plugin SpeedTreeImporter
LogPluginManager: Mounting plugin DatasmithContent
LogPluginManager: Mounting plugin VariantManagerContent
LogPluginManager: Mounting plugin AlembicImporter
LogPluginManager: Mounting plugin AutomationUtils
LogPluginManager: Mounting plugin BackChannel
LogPluginManager: Mounting plugin BlastPlugin
LogPluginManager: Mounting plugin ChaosSolverPlugin
LogPluginManager: Mounting plugin CharacterAI
LogPluginManager: Mounting plugin DataPrepEditor
LogPluginManager: Mounting plugin GeometryCache
LogPluginManager: Mounting plugin GeometryCollectionPlugin
LogPluginManager: Mounting plugin HTML5Networking
LogPluginManager: Mounting plugin PlatformCrypto
LogPluginManager: Mounting plugin ProxyLODPlugin
LogPluginManager: Mounting plugin PythonScriptPlugin
LogPluginManager: Mounting plugin SkeletalReduction
LogPluginManager: Mounting plugin MagicLeap
LogPluginManager: Mounting plugin MagicLeapMedia
LogPluginManager: Mounting plugin AndroidMedia
LogPluginManager: Mounting plugin AvfMedia
LogPluginManager: Mounting plugin ImgMedia
LogPluginManager: Mounting plugin MediaCompositing
LogPluginManager: Mounting plugin MediaPlayerEditor
LogPluginManager: Mounting plugin WebMMedia
LogPluginManager: Mounting plugin WmfMedia
LogPluginManager: Mounting plugin TcpMessaging
LogPluginManager: Mounting plugin UdpMessaging
LogPluginManager: Mounting plugin ActorSequence
LogPluginManager: Mounting plugin LevelSequenceEditor
LogPluginManager: Mounting plugin MatineeToLevelSequence
LogPluginManager: Mounting plugin NetcodeUnitTest
LogPluginManager: Mounting plugin NUTUnrealEngine4
LogPluginManager: Mounting plugin OnlineSubsystemGooglePlay
LogPluginManager: Mounting plugin OnlineSubsystemIOS
LogPluginManager: Mounting plugin OnlineSubsystem
LogPluginManager: Mounting plugin OnlineSubsystemNull
LogPluginManager: Mounting plugin OnlineSubsystemUtils
LogPluginManager: Mounting plugin LauncherChunkInstaller
LogPluginManager: Mounting plugin AndroidDeviceProfileSelector
LogPluginManager: Mounting plugin AndroidMoviePlayer
LogPluginManager: Mounting plugin AndroidPermission
LogPluginManager: Mounting plugin AppleImageUtils
LogPluginManager: Mounting plugin AppleMoviePlayer
LogPluginManager: Mounting plugin ArchVisCharacter
LogPluginManager: Mounting plugin AudioCapture
LogPluginManager: Mounting plugin CableComponent
LogPluginManager: Mounting plugin CustomMeshComponent
LogPluginManager: Mounting plugin EditableMesh
LogPluginManager: Mounting plugin ExampleDeviceProfileSelector
LogPluginManager: Mounting plugin GoogleCloudMessaging
LogPluginManager: Mounting plugin IOSDeviceProfileSelector
LogPluginManager: Mounting plugin LinuxDeviceProfileSelector
LogPluginManager: Mounting plugin LocationServicesBPLibrary
LogPluginManager: Mounting plugin MobilePatchingUtils
LogPluginManager: Mounting plugin PhysXVehicles
LogPluginManager: Mounting plugin ProceduralMeshComponent
LogPluginManager: Mounting plugin RuntimePhysXCooking
LogPluginManager: Mounting plugin SignificanceManager
LogPluginManager: Mounting plugin WebMMoviePlayer
LogPluginManager: Mounting plugin WindowsMoviePlayer
LogPluginManager: Mounting plugin ScreenshotTools
LogPluginManager: Mounting plugin DatasmithC4DImporter
LogPluginManager: Mounting plugin DatasmithCADImporter
LogPluginManager: Mounting plugin DatasmithFBXImporter
LogPluginManager: Mounting plugin DatasmithGLTFImporter
LogPluginManager: Mounting plugin DatasmithIFCImporter
LogPluginManager: Mounting plugin DatasmithImporter
LogPluginManager: Mounting plugin MDLImporter
LogPluginManager: Mounting plugin StaticMeshEditorExtension
LogPluginManager: Mounting plugin VariantManager
LogInit: Warning: Incompatible or missing module: ggo
Running C:/UE_4.23/Engine/Binaries/DotNET/UnrealBuildTool.exe Development Win64 -Project="E:/docs/projects/unreal/game_off/git_game_off/ggo 4.23/ggo.uproject" -TargetType=Editor -Progress -NoHotReloadFromIDE
Using 'git status' to determine working set for adaptive non-unity build (E:\docs\projects\unreal\game_off\git_game_off).
Creating makefile for ggoEditor (no existing makefile)
@progress push 5%
Parsing headers for ggoEditor
  Running UnrealHeaderTool "E:\docs\projects\unreal\game_off\git_game_off\ggo 4.23\ggo.uproject" "E:\docs\projects\unreal\game_off\git_game_off\ggo 4.23\Intermediate\Build\Win64\ggoEditor\Development\ggoEditor.uhtmanifest" -LogCmds="loginit warning, logexit warning, logdatabase error" -Unattended -WarningsAsErrors -installed
Reflection code generated for ggoEditor in 9.0011376 seconds
@progress pop
Using Visual Studio 2017 14.16.27023 toolchain (C:\Program Files (x86)\Microsoft Visual Studio\2017\Community\VC\Tools\MSVC\14.16.27023) and Windows 10.0.16299.0 SDK (C:\Program Files (x86)\Windows Kits\10).
Building 11 actions with 8 processes...
  @progress 'Compiling C++ source code...' 0%
  @progress 'Compiling C++ source code...' 9%
  [1/11] Default.rc2
  @progress 'Compiling C++ source code...' 18%
  [2/11] SharedPCH.Engine.cpp
  @progress 'Compiling C++ source code...' 27%
  [3/11] ggo.cpp
  @progress 'Compiling C++ source code...' 36%
  [4/11] ggoGameMode.cpp
  @progress 'Compiling C++ source code...' 45%
  [5/11] ggo.init.gen.cpp
  @progress 'Compiling C++ source code...' 55%
  [6/11] ggoGameMode.gen.cpp
  @progress 'Compiling C++ source code...' 64%
  [7/11] ggoCharacter.gen.cpp
  @progress 'Compiling C++ source code...' 73%
  [8/11] ggoCharacter.cpp
  @progress 'Compiling C++ source code...' 82%
  [9/11] UE4Editor-ggo.lib
     Creating library E:\docs\projects\unreal\game_off\git_game_off\ggo 4.23\Intermediate\Build\Win64\UE4Editor\Development\ggo\UE4Editor-ggo.lib and object E:\docs\projects\unreal\game_off\git_game_off\ggo 4.23\Intermediate\Build\Win64\UE4Editor\Development\ggo\UE4Editor-ggo.exp
  @progress 'Compiling C++ source code...' 91%
  [10/11] UE4Editor-ggo.dll
     Creating library E:\docs\projects\unreal\game_off\git_game_off\ggo 4.23\Intermediate\Build\Win64\UE4Editor\Development\ggo\UE4Editor-ggo.suppressed.lib and object E:\docs\projects\unreal\game_off\git_game_off\ggo 4.23\Intermediate\Build\Win64\UE4Editor\Development\ggo\UE4Editor-ggo.suppressed.exp
  @progress 'Compiling C++ source code...' 100%
  [11/11] ggoEditor.target
Total time in Parallel executor: 44.23 seconds
Total execution time: 75.25 seconds
LogInit: Using libcurl 7.55.1-DEV
LogInit:  - built for x86_64-pc-win32
LogInit:  - supports SSL with OpenSSL/1.1.1
LogInit:  - supports HTTP deflate (compression) using libz 1.2.8
LogInit:  - other features:
LogInit:      CURL_VERSION_SSL
LogInit:      CURL_VERSION_LIBZ
LogInit:      CURL_VERSION_IPV6
LogInit:      CURL_VERSION_ASYNCHDNS
LogInit:      CURL_VERSION_LARGEFILE
LogInit:      CURL_VERSION_IDN
LogInit:  CurlRequestOptions (configurable via config and command line):
LogInit:  - bVerifyPeer = true  - Libcurl will verify peer certificate
LogInit:  - bUseHttpProxy = false  - Libcurl will NOT use HTTP proxy
LogInit:  - bDontReuseConnections = false  - Libcurl will reuse connections
LogInit:  - MaxHostConnections = 16  - Libcurl will limit the number of connections to a host
LogInit:  - LocalHostAddr = Default
LogInit:  - BufferSize = 65536
LogOnline: OSS: Creating online subsystem instance for: NULL
LogInit: WinSock: version 1.1 (2.2), MaxSocks=32767, MaxUdp=65467
LogInit: Build: ++UE4+Release-4.23-CL-9631420
LogInit: Engine Version: 4.23.1-9631420+++UE4+Release-4.23
LogInit: Compatible Engine Version: 4.23.0-8386587+++UE4+Release-4.23
LogInit: Net CL: 8386587
LogInit: OS: Windows 10 (Release 1903) (), CPU: Intel(R) Core(TM) i7-7700HQ CPU @ 2.80GHz, GPU: Intel(R) HD Graphics 630
LogInit: Compiled (64-bit): Oct 18 2019 02:07:44
LogInit: Compiled with Visual C++: 19.16.27030.01
LogInit: Build Configuration: Development
LogInit: Branch Name: ++UE4+Release-4.23
LogInit: Command Line: 
LogInit: Base Directory: C:/UE_4.23/Engine/Binaries/Win64/
LogInit: Installed Engine Build: 1
LogDevObjectVersion: Number of dev versions registered: 23
LogDevObjectVersion:   Dev-Blueprints (B0D832E4-1F89-4F0D-ACCF-7EB736FD4AA2): 10
LogDevObjectVersion:   Dev-Build (E1C64328-A22C-4D53-A36C-8E866417BD8C): 0
LogDevObjectVersion:   Dev-Core (375EC13C-06E4-48FB-B500-84F0262A717E): 3
LogDevObjectVersion:   Dev-Editor (E4B068ED-F494-42E9-A231-DA0B2E46BB41): 34
LogDevObjectVersion:   Dev-Framework (CFFC743F-43B0-4480-9391-14DF171D2073): 35
LogDevObjectVersion:   Dev-Mobile (B02B49B5-BB20-44E9-A304-32B752E40360): 2
LogDevObjectVersion:   Dev-Networking (A4E4105C-59A1-49B5-A7C5-40C4547EDFEE): 0
LogDevObjectVersion:   Dev-Online (39C831C9-5AE6-47DC-9A44-9C173E1C8E7C): 0
LogDevObjectVersion:   Dev-Physics (78F01B33-EBEA-4F98-B9B4-84EACCB95AA2): 0
LogDevObjectVersion:   Dev-Platform (6631380F-2D4D-43E0-8009-CF276956A95A): 0
LogDevObjectVersion:   Dev-Rendering (12F88B9F-8875-4AFC-A67C-D90C383ABD29): 31
LogDevObjectVersion:   Dev-Sequencer (7B5AE74C-D270-4C10-A958-57980B212A5A): 11
LogDevObjectVersion:   Dev-VR (D7296918-1DD6-4BDD-9DE2-64A83CC13884): 2
LogDevObjectVersion:   Dev-LoadTimes (C2A15278-BFE7-4AFE-6C17-90FF531DF755): 1
LogDevObjectVersion:   Private-Geometry (6EACA3D4-40EC-4CC1-B786-8BED09428FC5): 3
LogDevObjectVersion:   Dev-AnimPhys (29E575DD-E0A3-4627-9D10-D276232CDCEA): 17
LogDevObjectVersion:   Dev-Anim (AF43A65D-7FD3-4947-9873-3E8ED9C1BB05): 2
LogDevObjectVersion:   Dev-ReflectionCapture (6B266CEC-1EC7-4B8F-A30B-E4D90942FC07): 1
LogDevObjectVersion:   Dev-Automation (0DF73D61-A23F-47EA-B727-89E90C41499A): 1
LogDevObjectVersion:   FortniteMain (601D1886-AC64-4F84-AA16-D3DE0DEAC7D6): 27
LogDevObjectVersion:   Dev-Enterprise (9DFFBCD6-494F-0158-E221-12823C92A888): 6
LogDevObjectVersion:   Dev-Niagara (F2AED0AC-9AFE-416F-8664-AA7FFA26D6FC): 1
LogDevObjectVersion:   Dev-Destruction (174F1F0B-B4C6-45A5-B13F-2EE8D0FB917D): 9
LogInit: Presizing for max 16777216 objects, including 0 objects not considered by GC, pre-allocating 0 bytes for permanent pool.
LogInit: Object subsystem initialized
LogConfig: Setting CVar [[con.DebugEarlyDefault:1]]
LogConfig: Setting CVar [[r.setres:1280x720]]
[2019.11.07-23.41.03:535][  0]LogConfig: Setting CVar [[r.VSync:0]]
[2019.11.07-23.41.03:535][  0]LogConfig: Setting CVar [[r.RHICmdBypass:0]]
[2019.11.07-23.41.03:536][  0]LogConfig: Applying CVar settings from Section [/Script/Engine.RendererSettings] File [E:/docs/projects/unreal/game_off/git_game_off/ggo 4.23/Saved/Config/Windows/Engine.ini]
[2019.11.07-23.41.03:536][  0]LogConfig: Setting CVar [[r.GPUCrashDebugging:0]]
[2019.11.07-23.41.03:536][  0]LogConfig: Applying CVar settings from Section [/Script/Engine.RendererOverrideSettings] File [E:/docs/projects/unreal/game_off/git_game_off/ggo 4.23/Saved/Config/Windows/Engine.ini]
[2019.11.07-23.41.03:536][  0]LogConfig: Applying CVar settings from Section [/Script/Engine.StreamingSettings] File [E:/docs/projects/unreal/game_off/git_game_off/ggo 4.23/Saved/Config/Windows/Engine.ini]
[2019.11.07-23.41.03:536][  0]LogConfig: Setting CVar [[s.MinBulkDataSizeForAsyncLoading:131072]]
[2019.11.07-23.41.03:536][  0]LogConfig: Setting CVar [[s.AsyncLoadingThreadEnabled:0]]
[2019.11.07-23.41.03:536][  0]LogConfig: Setting CVar [[s.EventDrivenLoaderEnabled:1]]
[2019.11.07-23.41.03:536][  0]LogConfig: Setting CVar [[s.WarnIfTimeLimitExceeded:0]]
[2019.11.07-23.41.03:536][  0]LogConfig: Setting CVar [[s.TimeLimitExceededMultiplier:1.5]]
[2019.11.07-23.41.03:536][  0]LogConfig: Setting CVar [[s.TimeLimitExceededMinTime:0.005]]
[2019.11.07-23.41.03:536][  0]LogConfig: Setting CVar [[s.UseBackgroundLevelStreaming:1]]
[2019.11.07-23.41.03:536][  0]LogConfig: Setting CVar [[s.PriorityAsyncLoadingExtraTime:15.0]]
[2019.11.07-23.41.03:536][  0]LogConfig: Setting CVar [[s.LevelStreamingActorsUpdateTimeLimit:5.0]]
[2019.11.07-23.41.03:536][  0]LogConfig: Setting CVar [[s.PriorityLevelStreamingActorsUpdateExtraTime:5.0]]
[2019.11.07-23.41.03:536][  0]LogConfig: Setting CVar [[s.LevelStreamingComponentsRegistrationGranularity:10]]
[2019.11.07-23.41.03:536][  0]LogConfig: Setting CVar [[s.UnregisterComponentsTimeLimit:1.0]]
[2019.11.07-23.41.03:536][  0]LogConfig: Setting CVar [[s.LevelStreamingComponentsUnregistrationGranularity:5]]
[2019.11.07-23.41.03:536][  0]LogConfig: Applying CVar settings from Section [/Script/Engine.GarbageCollectionSettings] File [E:/docs/projects/unreal/game_off/git_game_off/ggo 4.23/Saved/Config/Windows/Engine.ini]
[2019.11.07-23.41.03:537][  0]LogConfig: Setting CVar [[gc.MaxObjectsNotConsideredByGC:1]]
[2019.11.07-23.41.03:537][  0]LogConfig: Setting CVar [[gc.SizeOfPermanentObjectPool:0]]
[2019.11.07-23.41.03:537][  0]LogConfig: Setting CVar [[gc.FlushStreamingOnGC:0]]
[2019.11.07-23.41.03:537][  0]LogConfig: Setting CVar [[gc.NumRetriesBeforeForcingGC:10]]
[2019.11.07-23.41.03:537][  0]LogConfig: Setting CVar [[gc.AllowParallelGC:1]]
[2019.11.07-23.41.03:537][  0]LogConfig: Setting CVar [[gc.TimeBetweenPurgingPendingKillObjects:61.1]]
[2019.11.07-23.41.03:537][  0]LogConfig: Setting CVar [[gc.MaxObjectsInEditor:16777216]]
[2019.11.07-23.41.03:537][  0]LogConfig: Setting CVar [[gc.IncrementalBeginDestroyEnabled:1]]
[2019.11.07-23.41.03:537][  0]LogConfig: Setting CVar [[gc.CreateGCClusters:1]]
[2019.11.07-23.41.03:537][  0]LogConfig: Setting CVar [[gc.MinGCClusterSize:5]]
[2019.11.07-23.41.03:537][  0]LogConfig: Setting CVar [[gc.ActorClusteringEnabled:0]]
[2019.11.07-23.41.03:537][  0]LogConfig: Setting CVar [[gc.BlueprintClusteringEnabled:0]]
[2019.11.07-23.41.03:537][  0]LogConfig: Setting CVar [[gc.UseDisregardForGCOnDedicatedServers:0]]
[2019.11.07-23.41.03:537][  0]LogConfig: Applying CVar settings from Section [/Script/Engine.NetworkSettings] File [E:/docs/projects/unreal/game_off/git_game_off/ggo 4.23/Saved/Config/Windows/Engine.ini]
[2019.11.07-23.41.03:537][  0]LogConfig: Applying CVar settings from Section [/Script/UnrealEd.CookerSettings] File [E:/docs/projects/unreal/game_off/git_game_off/ggo 4.23/Saved/Config/Windows/Engine.ini]
[2019.11.07-23.41.03:546][  0]LogConfig: Applying CVar settings from Section [ViewDistanceQuality@3] File [E:/docs/projects/unreal/game_off/git_game_off/ggo 4.23/Saved/Config/Windows/Scalability.ini]
[2019.11.07-23.41.03:546][  0]LogConfig: Setting CVar [[r.SkeletalMeshLODBias:0]]
[2019.11.07-23.41.03:546][  0]LogConfig: Setting CVar [[r.ViewDistanceScale:1.0]]
[2019.11.07-23.41.03:546][  0]LogConfig: Applying CVar settings from Section [AntiAliasingQuality@3] File [E:/docs/projects/unreal/game_off/git_game_off/ggo 4.23/Saved/Config/Windows/Scalability.ini]
[2019.11.07-23.41.03:546][  0]LogConfig: Setting CVar [[r.PostProcessAAQuality:4]]
[2019.11.07-23.41.03:546][  0]LogConfig: Applying CVar settings from Section [ShadowQuality@3] File [E:/docs/projects/unreal/game_off/git_game_off/ggo 4.23/Saved/Config/Windows/Scalability.ini]
[2019.11.07-23.41.03:546][  0]LogConfig: Setting CVar [[r.LightFunctionQuality:1]]
[2019.11.07-23.41.03:546][  0]LogConfig: Setting CVar [[r.ShadowQuality:5]]
[2019.11.07-23.41.03:546][  0]LogConfig: Setting CVar [[r.Shadow.CSM.MaxCascades:10]]
[2019.11.07-23.41.03:546][  0]LogConfig: Setting CVar [[r.Shadow.MaxResolution:2048]]
[2019.11.07-23.41.03:546][  0]LogConfig: Setting CVar [[r.Shadow.MaxCSMResolution:2048]]
[2019.11.07-23.41.03:546][  0]LogConfig: Setting CVar [[r.Shadow.RadiusThreshold:0.01]]
[2019.11.07-23.41.03:546][  0]LogConfig: Setting CVar [[r.Shadow.DistanceScale:1.0]]
[2019.11.07-23.41.03:547][  0]LogConfig: Setting CVar [[r.Shadow.CSM.TransitionScale:1.0]]
[2019.11.07-23.41.03:547][  0]LogConfig: Setting CVar [[r.Shadow.PreShadowResolutionFactor:1.0]]
[2019.11.07-23.41.03:547][  0]LogConfig: Setting CVar [[r.DistanceFieldShadowing:1]]
[2019.11.07-23.41.03:547][  0]LogConfig: Setting CVar [[r.DistanceFieldAO:1]]
[2019.11.07-23.41.03:547][  0]LogConfig: Setting CVar [[r.AOQuality:2]]
[2019.11.07-23.41.03:547][  0]LogConfig: Setting CVar [[r.VolumetricFog:1]]
[2019.11.07-23.41.03:547][  0]LogConfig: Setting CVar [[r.VolumetricFog.GridPixelSize:8]]
[2019.11.07-23.41.03:547][  0]LogConfig: Setting CVar [[r.VolumetricFog.GridSizeZ:128]]
[2019.11.07-23.41.03:547][  0]LogConfig: Setting CVar [[r.VolumetricFog.HistoryMissSupersampleCount:4]]
[2019.11.07-23.41.03:547][  0]LogConfig: Setting CVar [[r.LightMaxDrawDistanceScale:1]]
[2019.11.07-23.41.03:547][  0]LogConfig: Setting CVar [[r.CapsuleShadows:1]]
[2019.11.07-23.41.03:547][  0]LogConfig: Applying CVar settings from Section [PostProcessQuality@3] File [E:/docs/projects/unreal/game_off/git_game_off/ggo 4.23/Saved/Config/Windows/Scalability.ini]
[2019.11.07-23.41.03:547][  0]LogConfig: Setting CVar [[r.MotionBlurQuality:4]]
[2019.11.07-23.41.03:547][  0]LogConfig: Setting CVar [[r.AmbientOcclusionMipLevelFactor:0.4]]
[2019.11.07-23.41.03:547][  0]LogConfig: Setting CVar [[r.AmbientOcclusionMaxQuality:100]]
[2019.11.07-23.41.03:547][  0]LogConfig: Setting CVar [[r.AmbientOcclusionLevels:-1]]
[2019.11.07-23.41.03:547][  0]LogConfig: Setting CVar [[r.AmbientOcclusionRadiusScale:1.0]]
[2019.11.07-23.41.03:547][  0]LogConfig: Setting CVar [[r.DepthOfFieldQuality:2]]
[2019.11.07-23.41.03:547][  0]LogConfig: Setting CVar [[r.RenderTargetPoolMin:400]]
[2019.11.07-23.41.03:547][  0]LogConfig: Setting CVar [[r.LensFlareQuality:2]]
[2019.11.07-23.41.03:547][  0]LogConfig: Setting CVar [[r.SceneColorFringeQuality:1]]
[2019.11.07-23.41.03:547][  0]LogConfig: Setting CVar [[r.EyeAdaptationQuality:2]]
[2019.11.07-23.41.03:547][  0]LogConfig: Setting CVar [[r.BloomQuality:5]]
[2019.11.07-23.41.03:547][  0]LogConfig: Setting CVar [[r.FastBlurThreshold:100]]
[2019.11.07-23.41.03:547][  0]LogConfig: Setting CVar [[r.Upscale.Quality:3]]
[2019.11.07-23.41.03:547][  0]LogConfig: Setting CVar [[r.Tonemapper.GrainQuantization:1]]
[2019.11.07-23.41.03:547][  0]LogConfig: Setting CVar [[r.LightShaftQuality:1]]
[2019.11.07-23.41.03:547][  0]LogConfig: Setting CVar [[r.Filter.SizeScale:1]]
[2019.11.07-23.41.03:547][  0]LogConfig: Setting CVar [[r.Tonemapper.Quality:5]]
[2019.11.07-23.41.03:547][  0]LogConfig: Setting CVar [[r.DOF.Gather.AccumulatorQuality:1        ; higher gathering accumulator quality]]
[2019.11.07-23.41.03:547][  0]LogConfig: Setting CVar [[r.DOF.Gather.PostfilterMethod:1          ; Median3x3 postfilering method]]
[2019.11.07-23.41.03:547][  0]LogConfig: Setting CVar [[r.DOF.Gather.EnableBokehSettings:0       ; no bokeh simulation when gathering]]
[2019.11.07-23.41.03:547][  0]LogConfig: Setting CVar [[r.DOF.Gather.RingCount:4                 ; medium number of samples when gathering]]
[2019.11.07-23.41.03:547][  0]LogConfig: Setting CVar [[r.DOF.Scatter.ForegroundCompositing:1    ; additive foreground scattering]]
[2019.11.07-23.41.03:547][  0]LogConfig: Setting CVar [[r.DOF.Scatter.BackgroundCompositing:2    ; additive background scattering]]
[2019.11.07-23.41.03:547][  0]LogConfig: Setting CVar [[r.DOF.Scatter.EnableBokehSettings:1      ; bokeh simulation when scattering]]
[2019.11.07-23.41.03:547][  0]LogConfig: Setting CVar [[r.DOF.Scatter.MaxSpriteRatio:0.1         ; only a maximum of 10% of scattered bokeh]]
[2019.11.07-23.41.03:547][  0]LogConfig: Setting CVar [[r.DOF.Recombine.Quality:1                ; cheap slight out of focus]]
[2019.11.07-23.41.03:547][  0]LogConfig: Setting CVar [[r.DOF.Recombine.EnableBokehSettings:0    ; no bokeh simulation on slight out of focus]]
[2019.11.07-23.41.03:547][  0]LogConfig: Setting CVar [[r.DOF.TemporalAAQuality:1                ; more stable temporal accumulation]]
[2019.11.07-23.41.03:547][  0]LogConfig: Setting CVar [[r.DOF.Kernel.MaxForegroundRadius:0.025]]
[2019.11.07-23.41.03:547][  0]LogConfig: Setting CVar [[r.DOF.Kernel.MaxBackgroundRadius:0.025]]
[2019.11.07-23.41.03:547][  0]LogConfig: Applying CVar settings from Section [TextureQuality@3] File [E:/docs/projects/unreal/game_off/git_game_off/ggo 4.23/Saved/Config/Windows/Scalability.ini]
[2019.11.07-23.41.03:547][  0]LogConfig: Setting CVar [[r.Streaming.MipBias:0]]
[2019.11.07-23.41.03:547][  0]LogConfig: Setting CVar [[r.Streaming.AmortizeCPUToGPUCopy:0]]
[2019.11.07-23.41.03:547][  0]LogConfig: Setting CVar [[r.Streaming.MaxNumTexturesToStreamPerFrame:0]]
[2019.11.07-23.41.03:547][  0]LogConfig: Setting CVar [[r.Streaming.Boost:1]]
[2019.11.07-23.41.03:547][  0]LogConfig: Setting CVar [[r.MaxAnisotropy:8]]
[2019.11.07-23.41.03:547][  0]LogConfig: Setting CVar [[r.Streaming.LimitPoolSizeToVRAM:0]]
[2019.11.07-23.41.03:547][  0]LogConfig: Setting CVar [[r.Streaming.PoolSize:1000]]
[2019.11.07-23.41.03:547][  0]LogConfig: Setting CVar [[r.Streaming.MaxEffectiveScreenSize:0]]
[2019.11.07-23.41.03:547][  0]LogConfig: Applying CVar settings from Section [EffectsQuality@3] File [E:/docs/projects/unreal/game_off/git_game_off/ggo 4.23/Saved/Config/Windows/Scalability.ini]
[2019.11.07-23.41.03:548][  0]LogConfig: Setting CVar [[r.TranslucencyLightingVolumeDim:64]]
[2019.11.07-23.41.03:548][  0]LogConfig: Setting CVar [[r.RefractionQuality:2]]
[2019.11.07-23.41.03:548][  0]LogConfig: Setting CVar [[r.SSR.Quality:3]]
[2019.11.07-23.41.03:548][  0]LogConfig: Setting CVar [[r.SceneColorFormat:4]]
[2019.11.07-23.41.03:548][  0]LogConfig: Setting CVar [[r.DetailMode:2]]
[2019.11.07-23.41.03:548][  0]LogConfig: Setting CVar [[r.TranslucencyVolumeBlur:1]]
[2019.11.07-23.41.03:548][  0]LogConfig: Setting CVar [[r.MaterialQualityLevel:1 ; High quality]]
[2019.11.07-23.41.03:548][  0]LogConfig: Setting CVar [[r.SSS.Scale:1]]
[2019.11.07-23.41.03:548][  0]LogConfig: Setting CVar [[r.SSS.SampleSet:2]]
[2019.11.07-23.41.03:548][  0]LogConfig: Setting CVar [[r.SSS.Quality:1]]
[2019.11.07-23.41.03:548][  0]LogConfig: Setting CVar [[r.SSS.HalfRes:1]]
[2019.11.07-23.41.03:548][  0]LogConfig: Setting CVar [[r.EmitterSpawnRateScale:1.0]]
[2019.11.07-23.41.03:548][  0]LogConfig: Setting CVar [[r.ParticleLightQuality:2]]
[2019.11.07-23.41.03:548][  0]LogConfig: Applying CVar settings from Section [FoliageQuality@3] File [E:/docs/projects/unreal/game_off/git_game_off/ggo 4.23/Saved/Config/Windows/Scalability.ini]
[2019.11.07-23.41.03:548][  0]LogConfig: Setting CVar [[foliage.DensityScale:1.0]]
[2019.11.07-23.41.03:548][  0]LogConfig: Setting CVar [[grass.DensityScale:1.0]]
[2019.11.07-23.41.03:549][  0]LogInit: Selected Device Profile: [Windows]
[2019.11.07-23.41.03:549][  0]LogInit: Applying CVar settings loaded from the selected device profile: [Windows]
[2019.11.07-23.41.03:563][  0]LogHAL: Display: Platform has ~ 16 GB [17060036608 / 17179869184 / 16], which maps to Larger [LargestMinGB=32, LargerMinGB=12, DefaultMinGB=8, SmallerMinGB=6, SmallestMinGB=0)
[2019.11.07-23.41.03:563][  0]LogInit: Going up to parent DeviceProfile []
[2019.11.07-23.41.03:563][  0]LogConfig: Applying CVar settings from Section [ViewDistanceQuality@2] File [E:/docs/projects/unreal/game_off/git_game_off/ggo 4.23/Saved/Config/Windows/Scalability.ini]
[2019.11.07-23.41.03:563][  0]LogConfig: Setting CVar [[r.SkeletalMeshLODBias:0]]
[2019.11.07-23.41.03:563][  0]LogConfig: Setting CVar [[r.ViewDistanceScale:0.8]]
[2019.11.07-23.41.03:563][  0]LogConfig: Applying CVar settings from Section [AntiAliasingQuality@2] File [E:/docs/projects/unreal/game_off/git_game_off/ggo 4.23/Saved/Config/Windows/Scalability.ini]
[2019.11.07-23.41.03:563][  0]LogConfig: Setting CVar [[r.PostProcessAAQuality:3]]
[2019.11.07-23.41.03:563][  0]LogConfig: Applying CVar settings from Section [ShadowQuality@2] File [E:/docs/projects/unreal/game_off/git_game_off/ggo 4.23/Saved/Config/Windows/Scalability.ini]
[2019.11.07-23.41.03:563][  0]LogConfig: Setting CVar [[r.LightFunctionQuality:1]]
[2019.11.07-23.41.03:563][  0]LogConfig: Setting CVar [[r.ShadowQuality:5]]
[2019.11.07-23.41.03:563][  0]LogConfig: Setting CVar [[r.Shadow.CSM.MaxCascades:4]]
[2019.11.07-23.41.03:563][  0]LogConfig: Setting CVar [[r.Shadow.MaxResolution:1024]]
[2019.11.07-23.41.03:563][  0]LogConfig: Setting CVar [[r.Shadow.MaxCSMResolution:2048]]
[2019.11.07-23.41.03:563][  0]LogConfig: Setting CVar [[r.Shadow.RadiusThreshold:0.04]]
[2019.11.07-23.41.03:563][  0]LogConfig: Setting CVar [[r.Shadow.DistanceScale:0.85]]
[2019.11.07-23.41.03:563][  0]LogConfig: Setting CVar [[r.Shadow.CSM.TransitionScale:0.8]]
[2019.11.07-23.41.03:563][  0]LogConfig: Setting CVar [[r.Shadow.PreShadowResolutionFactor:0.5]]
[2019.11.07-23.41.03:563][  0]LogConfig: Setting CVar [[r.DistanceFieldShadowing:1]]
[2019.11.07-23.41.03:563][  0]LogConfig: Setting CVar [[r.DistanceFieldAO:1]]
[2019.11.07-23.41.03:563][  0]LogConfig: Setting CVar [[r.AOQuality:1]]
[2019.11.07-23.41.03:563][  0]LogConfig: Setting CVar [[r.VolumetricFog:1]]
[2019.11.07-23.41.03:563][  0]LogConfig: Setting CVar [[r.VolumetricFog.GridPixelSize:16]]
[2019.11.07-23.41.03:563][  0]LogConfig: Setting CVar [[r.VolumetricFog.GridSizeZ:64]]
[2019.11.07-23.41.03:563][  0]LogConfig: Setting CVar [[r.VolumetricFog.HistoryMissSupersampleCount:4]]
[2019.11.07-23.41.03:563][  0]LogConfig: Setting CVar [[r.LightMaxDrawDistanceScale:1]]
[2019.11.07-23.41.03:563][  0]LogConfig: Setting CVar [[r.CapsuleShadows:1]]
[2019.11.07-23.41.03:563][  0]LogConfig: Applying CVar settings from Section [PostProcessQuality@2] File [E:/docs/projects/unreal/game_off/git_game_off/ggo 4.23/Saved/Config/Windows/Scalability.ini]
[2019.11.07-23.41.03:564][  0]LogConfig: Setting CVar [[r.MotionBlurQuality:3]]
[2019.11.07-23.41.03:564][  0]LogConfig: Setting CVar [[r.AmbientOcclusionMipLevelFactor:0.6]]
[2019.11.07-23.41.03:564][  0]LogConfig: Setting CVar [[r.AmbientOcclusionMaxQuality:100]]
[2019.11.07-23.41.03:564][  0]LogConfig: Setting CVar [[r.AmbientOcclusionLevels:-1]]
[2019.11.07-23.41.03:564][  0]LogConfig: Setting CVar [[r.AmbientOcclusionRadiusScale:1.5]]
[2019.11.07-23.41.03:564][  0]LogConfig: Setting CVar [[r.DepthOfFieldQuality:2]]
[2019.11.07-23.41.03:564][  0]LogConfig: Setting CVar [[r.RenderTargetPoolMin:400]]
[2019.11.07-23.41.03:564][  0]LogConfig: Setting CVar [[r.LensFlareQuality:2]]
[2019.11.07-23.41.03:564][  0]LogConfig: Setting CVar [[r.SceneColorFringeQuality:1]]
[2019.11.07-23.41.03:564][  0]LogConfig: Setting CVar [[r.EyeAdaptationQuality:2]]
[2019.11.07-23.41.03:564][  0]LogConfig: Setting CVar [[r.BloomQuality:5]]
[2019.11.07-23.41.03:564][  0]LogConfig: Setting CVar [[r.FastBlurThreshold:3]]
[2019.11.07-23.41.03:564][  0]LogConfig: Setting CVar [[r.Upscale.Quality:2]]
[2019.11.07-23.41.03:564][  0]LogConfig: Setting CVar [[r.Tonemapper.GrainQuantization:1]]
[2019.11.07-23.41.03:564][  0]LogConfig: Setting CVar [[r.LightShaftQuality:1]]
[2019.11.07-23.41.03:564][  0]LogConfig: Setting CVar [[r.Filter.SizeScale:0.8]]
[2019.11.07-23.41.03:564][  0]LogConfig: Setting CVar [[r.Tonemapper.Quality:5]]
[2019.11.07-23.41.03:564][  0]LogConfig: Setting CVar [[r.DOF.Gather.AccumulatorQuality:0        ; lower gathering accumulator quality]]
[2019.11.07-23.41.03:564][  0]LogConfig: Setting CVar [[r.DOF.Gather.PostfilterMethod:2          ; Max3x3 postfilering method]]
[2019.11.07-23.41.03:564][  0]LogConfig: Setting CVar [[r.DOF.Gather.EnableBokehSettings:0       ; no bokeh simulation when gathering]]
[2019.11.07-23.41.03:564][  0]LogConfig: Setting CVar [[r.DOF.Gather.RingCount:4                 ; medium number of samples when gathering]]
[2019.11.07-23.41.03:564][  0]LogConfig: Setting CVar [[r.DOF.Scatter.ForegroundCompositing:1    ; additive foreground scattering]]
[2019.11.07-23.41.03:564][  0]LogConfig: Setting CVar [[r.DOF.Scatter.BackgroundCompositing:1    ; no background occlusion]]
[2019.11.07-23.41.03:564][  0]LogConfig: Setting CVar [[r.DOF.Scatter.EnableBokehSettings:0      ; no bokeh simulation when scattering]]
[2019.11.07-23.41.03:564][  0]LogConfig: Setting CVar [[r.DOF.Scatter.MaxSpriteRatio:0.04        ; only a maximum of 4% of scattered bokeh]]
[2019.11.07-23.41.03:564][  0]LogConfig: Setting CVar [[r.DOF.Recombine.Quality:0                ; no slight out of focus]]
[2019.11.07-23.41.03:564][  0]LogConfig: Setting CVar [[r.DOF.TemporalAAQuality:0                ; faster temporal accumulation]]
[2019.11.07-23.41.03:564][  0]LogConfig: Setting CVar [[r.DOF.Kernel.MaxForegroundRadius:0.012   ; required because of AccumulatorQuality=0]]
[2019.11.07-23.41.03:564][  0]LogConfig: Setting CVar [[r.DOF.Kernel.MaxBackgroundRadius:0.012   ; required because of AccumulatorQuality=0]]
[2019.11.07-23.41.03:564][  0]LogConfig: Applying CVar settings from Section [TextureQuality@2] File [E:/docs/projects/unreal/game_off/git_game_off/ggo 4.23/Saved/Config/Windows/Scalability.ini]
[2019.11.07-23.41.03:564][  0]LogConfig: Setting CVar [[r.Streaming.MipBias:0]]
[2019.11.07-23.41.03:564][  0]LogConfig: Setting CVar [[r.Streaming.AmortizeCPUToGPUCopy:0]]
[2019.11.07-23.41.03:564][  0]LogConfig: Setting CVar [[r.Streaming.MaxNumTexturesToStreamPerFrame:0]]
[2019.11.07-23.41.03:564][  0]LogConfig: Setting CVar [[r.Streaming.Boost:1]]
[2019.11.07-23.41.03:564][  0]LogConfig: Setting CVar [[r.MaxAnisotropy:4]]
[2019.11.07-23.41.03:564][  0]LogConfig: Setting CVar [[r.Streaming.LimitPoolSizeToVRAM:1]]
[2019.11.07-23.41.03:564][  0]LogConfig: Setting CVar [[r.Streaming.PoolSize:800]]
[2019.11.07-23.41.03:564][  0]LogConfig: Setting CVar [[r.Streaming.MaxEffectiveScreenSize:0]]
[2019.11.07-23.41.03:564][  0]LogConfig: Applying CVar settings from Section [EffectsQuality@2] File [E:/docs/projects/unreal/game_off/git_game_off/ggo 4.23/Saved/Config/Windows/Scalability.ini]
[2019.11.07-23.41.03:564][  0]LogConfig: Setting CVar [[r.TranslucencyLightingVolumeDim:48]]
[2019.11.07-23.41.03:564][  0]LogConfig: Setting CVar [[r.RefractionQuality:2]]
[2019.11.07-23.41.03:564][  0]LogConfig: Setting CVar [[r.SSR.Quality:2]]
[2019.11.07-23.41.03:564][  0]LogConfig: Setting CVar [[r.SceneColorFormat:3]]
[2019.11.07-23.41.03:564][  0]LogConfig: Setting CVar [[r.DetailMode:1]]
[2019.11.07-23.41.03:564][  0]LogConfig: Setting CVar [[r.TranslucencyVolumeBlur:1]]
[2019.11.07-23.41.03:564][  0]LogConfig: Setting CVar [[r.MaterialQualityLevel:1 ; High quality]]
[2019.11.07-23.41.03:564][  0]LogConfig: Setting CVar [[r.SSS.Scale:1]]
[2019.11.07-23.41.03:564][  0]LogConfig: Setting CVar [[r.SSS.SampleSet:1]]
[2019.11.07-23.41.03:564][  0]LogConfig: Setting CVar [[r.SSS.Quality:-1]]
[2019.11.07-23.41.03:564][  0]LogConfig: Setting CVar [[r.SSS.HalfRes:1]]
[2019.11.07-23.41.03:564][  0]LogConfig: Setting CVar [[r.EmitterSpawnRateScale:0.5]]
[2019.11.07-23.41.03:565][  0]LogConfig: Setting CVar [[r.ParticleLightQuality:1]]
[2019.11.07-23.41.03:565][  0]LogConfig: Applying CVar settings from Section [FoliageQuality@3] File [E:/docs/projects/unreal/game_off/git_game_off/ggo 4.23/Saved/Config/Windows/Scalability.ini]
[2019.11.07-23.41.03:565][  0]LogConfig: Setting CVar [[foliage.DensityScale:1.0]]
[2019.11.07-23.41.03:565][  0]LogConfig: Setting CVar [[grass.DensityScale:1.0]]
[2019.11.07-23.41.03:565][  0]LogConfig: Applying CVar settings from Section [Startup] File [../../../Engine/Config/ConsoleVariables.ini]
[2019.11.07-23.41.03:565][  0]LogConfig: Setting CVar [[net.UseAdaptiveNetUpdateFrequency:0]]
[2019.11.07-23.41.03:565][  0]LogConfig: Setting CVar [[p.chaos.AllowCreatePhysxBodies:1]]
[2019.11.07-23.41.03:565][  0]LogConfig: Applying CVar settings from Section [ConsoleVariables] File [E:/docs/projects/unreal/game_off/git_game_off/ggo 4.23/Saved/Config/Windows/Engine.ini]
[2019.11.07-23.41.03:567][  0]LogInit: Computer: DESKTOP-ALT3N70
[2019.11.07-23.41.03:567][  0]LogInit: User: heide
[2019.11.07-23.41.03:567][  0]LogInit: CPU Page size=4096, Cores=4
[2019.11.07-23.41.03:567][  0]LogInit: High frequency timer resolution =10.000000 MHz
[2019.11.07-23.41.03:567][  0]LogMemory: Memory total: Physical=15.9GB (16GB approx)
[2019.11.07-23.41.03:567][  0]LogMemory: Platform Memory Stats for Windows
[2019.11.07-23.41.03:567][  0]LogMemory: Process Physical Memory: 104.07 MB used, 104.07 MB peak
[2019.11.07-23.41.03:567][  0]LogMemory: Process Virtual Memory: 89.67 MB used, 89.67 MB peak
[2019.11.07-23.41.03:567][  0]LogMemory: Physical Memory: 8817.03 MB used,  7452.69 MB free, 16269.72 MB total
[2019.11.07-23.41.03:567][  0]LogMemory: Virtual Memory: 4707.95 MB used,  134213016.00 MB free, 134217728.00 MB total
[2019.11.07-23.41.03:577][  0]LogWindows: WindowsPlatformFeatures enabled
[2019.11.07-23.41.03:876][  0]LogInit: Using OS detected language (en-US).
[2019.11.07-23.41.03:876][  0]LogInit: Using OS detected locale (en-US).
[2019.11.07-23.41.03:881][  0]LogTextLocalizationManager: No specific localization for 'en-US' exists, so the 'en' localization will be used.
[2019.11.07-23.41.04:337][  0]LogInit: Setting process to per monitor DPI aware
[2019.11.07-23.41.04:489][  0]LogSlate: New Slate User Created.  User Index 0, Is Virtual User: 0
[2019.11.07-23.41.04:489][  0]LogSlate: Slate User Registered.  User Index 0, Is Virtual User: 0
[2019.11.07-23.41.08:792][  0]LogD3D11RHI: D3D11 adapters:
[2019.11.07-23.41.08:906][  0]LogD3D11RHI:    0. 'NVIDIA GeForce GTX 1050' (Feature Level 11_0)
[2019.11.07-23.41.08:906][  0]LogD3D11RHI:       4019/0/8134 MB DedicatedVideo/DedicatedSystem/SharedSystem, Outputs:2, VendorId:0x10de
[2019.11.07-23.41.08:962][  0]LogD3D11RHI:    1. 'Intel(R) HD Graphics 630' (Feature Level 11_0)
[2019.11.07-23.41.08:962][  0]LogD3D11RHI:       128/0/8134 MB DedicatedVideo/DedicatedSystem/SharedSystem, Outputs:0, VendorId:0x8086
[2019.11.07-23.41.08:968][  0]LogD3D11RHI:    2. 'Microsoft Basic Render Driver' (Feature Level 11_0)
[2019.11.07-23.41.08:968][  0]LogD3D11RHI:       0/0/8134 MB DedicatedVideo/DedicatedSystem/SharedSystem, Outputs:0, VendorId:0x1414
[2019.11.07-23.41.08:968][  0]LogD3D11RHI: Chosen D3D11 Adapter: 0
[2019.11.07-23.41.09:018][  0]LogD3D11RHI: Creating new Direct3DDevice
[2019.11.07-23.41.09:019][  0]LogD3D11RHI:     GPU DeviceId: 0x1c8d (for the marketing name, search the web for "GPU Device Id")
[2019.11.07-23.41.09:019][  0]LogWindows: EnumDisplayDevices:
[2019.11.07-23.41.09:019][  0]LogWindows:    0. 'Intel(R) HD Graphics 630' (P:1 D:1)
[2019.11.07-23.41.09:020][  0]LogWindows:    1. 'Intel(R) HD Graphics 630' (P:0 D:1)
[2019.11.07-23.41.09:020][  0]LogWindows:    2. 'Intel(R) HD Graphics 630' (P:0 D:0)
[2019.11.07-23.41.09:021][  0]LogWindows:    3. 'NVIDIA GeForce GTX 1050' (P:0 D:0)
[2019.11.07-23.41.09:021][  0]LogWindows:    4. 'NVIDIA GeForce GTX 1050' (P:0 D:0)
[2019.11.07-23.41.09:021][  0]LogWindows:    5. 'NVIDIA GeForce GTX 1050' (P:0 D:0)
[2019.11.07-23.41.09:022][  0]LogWindows:    6. 'NVIDIA GeForce GTX 1050' (P:0 D:0)
[2019.11.07-23.41.09:022][  0]LogWindows: DebugString: PrimaryIsNotTheChoosenAdapter PrimaryIsNotTheChoosenAdapter PrimaryIsNotTheChoosenAdapter FoundDriverCount:4 
[2019.11.07-23.41.09:022][  0]LogD3D11RHI:     Adapter Name: NVIDIA GeForce GTX 1050
[2019.11.07-23.41.09:022][  0]LogD3D11RHI:   Driver Version: 436.02 (internal:26.21.14.3602, unified:436.02)
[2019.11.07-23.41.09:022][  0]LogD3D11RHI:      Driver Date: 8-16-2019
[2019.11.07-23.41.09:022][  0]LogRHI: Texture pool is 2813 MB (70% of 4019 MB)
[2019.11.07-23.41.09:097][  0]LogD3D11RHI: Async texture creation enabled
[2019.11.07-23.41.09:127][  0]LogD3D11RHI: GPU Timing Frequency: 1000.000000 (Debug: 2 1)
[2019.11.07-23.41.09:634][  0]LogTemp: Display: Module 'AllDesktopTargetPlatform' loaded TargetPlatform 'AllDesktop'
[2019.11.07-23.41.09:647][  0]LogTemp: Display: Module 'MacClientTargetPlatform' loaded TargetPlatform 'MacClient'
[2019.11.07-23.41.09:662][  0]LogTemp: Display: Module 'MacNoEditorTargetPlatform' loaded TargetPlatform 'MacNoEditor'
[2019.11.07-23.41.09:677][  0]LogTemp: Display: Module 'MacServerTargetPlatform' loaded TargetPlatform 'MacServer'
[2019.11.07-23.41.09:701][  0]LogTemp: Display: Module 'MacTargetPlatform' loaded TargetPlatform 'Mac'
[2019.11.07-23.41.09:716][  0]LogTemp: Display: Module 'WindowsClientTargetPlatform' loaded TargetPlatform 'WindowsClient'
[2019.11.07-23.41.09:733][  0]LogTemp: Display: Module 'WindowsNoEditorTargetPlatform' loaded TargetPlatform 'WindowsNoEditor'
[2019.11.07-23.41.09:748][  0]LogTemp: Display: Module 'WindowsServerTargetPlatform' loaded TargetPlatform 'WindowsServer'
[2019.11.07-23.41.09:757][  0]LogTemp: Display: Module 'WindowsTargetPlatform' loaded TargetPlatform 'Windows'
[2019.11.07-23.41.09:833][  0]LogTemp: Display: Module 'AndroidTargetPlatform' loaded TargetPlatform 'Android'
[2019.11.07-23.41.09:833][  0]LogTemp: Display: Module 'AndroidTargetPlatform' loaded TargetPlatform 'Android_ASTC'
[2019.11.07-23.41.09:833][  0]LogTemp: Display: Module 'AndroidTargetPlatform' loaded TargetPlatform 'Android_ATC'
[2019.11.07-23.41.09:833][  0]LogTemp: Display: Module 'AndroidTargetPlatform' loaded TargetPlatform 'Android_DXT'
[2019.11.07-23.41.09:833][  0]LogTemp: Display: Module 'AndroidTargetPlatform' loaded TargetPlatform 'Android_ETC1'
[2019.11.07-23.41.09:833][  0]LogTemp: Display: Module 'AndroidTargetPlatform' loaded TargetPlatform 'Android_ETC1a'
[2019.11.07-23.41.09:833][  0]LogTemp: Display: Module 'AndroidTargetPlatform' loaded TargetPlatform 'Android_ETC2'
[2019.11.07-23.41.09:833][  0]LogTemp: Display: Module 'AndroidTargetPlatform' loaded TargetPlatform 'Android_PVRTC'
[2019.11.07-23.41.09:833][  0]LogTemp: Display: Module 'AndroidTargetPlatform' loaded TargetPlatform 'AndroidClient'
[2019.11.07-23.41.09:833][  0]LogTemp: Display: Module 'AndroidTargetPlatform' loaded TargetPlatform 'Android_ASTCClient'
[2019.11.07-23.41.09:833][  0]LogTemp: Display: Module 'AndroidTargetPlatform' loaded TargetPlatform 'Android_ATCClient'
[2019.11.07-23.41.09:833][  0]LogTemp: Display: Module 'AndroidTargetPlatform' loaded TargetPlatform 'Android_DXTClient'
[2019.11.07-23.41.09:833][  0]LogTemp: Display: Module 'AndroidTargetPlatform' loaded TargetPlatform 'Android_ETC1Client'
[2019.11.07-23.41.09:833][  0]LogTemp: Display: Module 'AndroidTargetPlatform' loaded TargetPlatform 'Android_ETC1aClient'
[2019.11.07-23.41.09:833][  0]LogTemp: Display: Module 'AndroidTargetPlatform' loaded TargetPlatform 'Android_ETC2Client'
[2019.11.07-23.41.09:833][  0]LogTemp: Display: Module 'AndroidTargetPlatform' loaded TargetPlatform 'Android_PVRTCClient'
[2019.11.07-23.41.09:833][  0]LogTemp: Display: Module 'AndroidTargetPlatform' loaded TargetPlatform 'Android_Multi'
[2019.11.07-23.41.09:833][  0]LogTemp: Display: Module 'AndroidTargetPlatform' loaded TargetPlatform 'Android_MultiClient'
[2019.11.07-23.41.09:839][  0]LogTemp: Display: Module 'HTML5TargetPlatform' loaded TargetPlatform 'HTML5'
[2019.11.07-23.41.09:886][  0]LogTemp: Display: Module 'IOSTargetPlatform' loaded TargetPlatform 'IOSClient'
[2019.11.07-23.41.09:886][  0]LogTemp: Display: Module 'IOSTargetPlatform' loaded TargetPlatform 'IOS'
[2019.11.07-23.41.09:907][  0]LogTemp: Display: Module 'TVOSTargetPlatform' loaded TargetPlatform 'TVOSClient'
[2019.11.07-23.41.09:907][  0]LogTemp: Display: Module 'TVOSTargetPlatform' loaded TargetPlatform 'TVOS'
[2019.11.07-23.41.09:920][  0]LogTemp: Display: Module 'LinuxClientTargetPlatform' loaded TargetPlatform 'LinuxClient'
[2019.11.07-23.41.09:932][  0]LogTemp: Display: Module 'LinuxNoEditorTargetPlatform' loaded TargetPlatform 'LinuxNoEditor'
[2019.11.07-23.41.09:945][  0]LogTemp: Display: Module 'LinuxServerTargetPlatform' loaded TargetPlatform 'LinuxServer'
[2019.11.07-23.41.10:085][  0]LogTemp: Display: Module 'LinuxTargetPlatform' loaded TargetPlatform 'Linux'
[2019.11.07-23.41.10:135][  0]LogTemp: Display: Module 'LuminTargetPlatform' loaded TargetPlatform 'Lumin'
[2019.11.07-23.41.10:135][  0]LogTemp: Display: Module 'LuminTargetPlatform' loaded TargetPlatform 'LuminClient'
[2019.11.07-23.41.10:135][  0]LogTargetPlatformManager: Display: Building Assets For Windows
[2019.11.07-23.41.10:210][  0]LogAudioDebug: Display: Lib vorbis DLL was dynamically loaded.
[2019.11.07-23.41.10:391][  0]LogShaderCompilers: Guid format shader working directory is -9 characters bigger than the processId version (E:/docs/projects/unreal/game_off/git_game_off/ggo 4.23/Intermediate/Shaders/WorkingDirectory/43460/).
[2019.11.07-23.41.10:391][  0]LogShaderCompilers: Cleaned the shader compiler working directory 'C:/Users/heide/AppData/Local/Temp/UnrealShaderWorkingDir/92684E3B466D3FD650B0C69599F670D0/'.
[2019.11.07-23.41.10:396][  0]LogXGEController: Cleaning working directory: C:/Users/heide/AppData/Local/Temp/UnrealXGEWorkingDir/
[2019.11.07-23.41.10:398][  0]LogShaderCompilers: Display: Using XGE Shader Compiler (Interception Interface).
[2019.11.07-23.41.14:697][  0]LogDerivedDataCache: Display: Max Cache Size: 512 MB
[2019.11.07-23.41.14:886][  0]LogDerivedDataCache: Loaded boot cache 0.19s 78MB C:/Users/heide/AppData/Local/UnrealEngine/4.23/DerivedDataCache/Boot.ddc.
[2019.11.07-23.41.14:886][  0]LogDerivedDataCache: Display: Loaded Boot cache: C:/Users/heide/AppData/Local/UnrealEngine/4.23/DerivedDataCache/Boot.ddc
[2019.11.07-23.41.14:886][  0]LogDerivedDataCache: FDerivedDataBackendGraph:  Pak pak cache file E:/docs/projects/unreal/game_off/git_game_off/ggo 4.23/DerivedDataCache/DDC.ddp not found, will not use a pak cache.
[2019.11.07-23.41.14:886][  0]LogDerivedDataCache: Unable to find inner node Pak for hierarchical cache Hierarchy.
[2019.11.07-23.41.14:886][  0]LogDerivedDataCache: FDerivedDataBackendGraph:  CompressedPak pak cache file E:/docs/projects/unreal/game_off/git_game_off/ggo 4.23/DerivedDataCache/Compressed.ddp not found, will not use a pak cache.
[2019.11.07-23.41.14:886][  0]LogDerivedDataCache: Unable to find inner node CompressedPak for hierarchical cache Hierarchy.
[2019.11.07-23.41.14:920][  0]LogDerivedDataCache: Display: Pak cache opened for reading ../../../Engine/DerivedDataCache/Compressed.ddp.
[2019.11.07-23.41.14:935][  0]LogDerivedDataCache: Display: Pak cache opened for reading ../../../Enterprise/DerivedDataCache/Compressed.ddp.
[2019.11.07-23.41.14:937][  0]LogDerivedDataCache: Using Local data cache path C:/Users/heide/AppData/Local/UnrealEngine/Common/DerivedDataCache: Writable
[2019.11.07-23.41.14:937][  0]LogDerivedDataCache: Shared data cache path not found in *engine.ini, will not use an Shared cache.
[2019.11.07-23.41.14:937][  0]LogDerivedDataCache: Unable to find inner node Shared for hierarchical cache Hierarchy.
[2019.11.07-23.41.14:971][  0]LogMaterial: Verifying Global Shaders for PCD3D_SM5
[2019.11.07-23.41.14:980][  0]LogSlate: Using FreeType 2.6.0
[2019.11.07-23.41.15:010][  0]LogSlate: SlateFontServices - WITH_FREETYPE: 1, WITH_HARFBUZZ: 1
[2019.11.07-23.41.15:670][  0]LogAssetRegistry: FAssetRegistry took 0.0055 seconds to start up
[2019.11.07-23.41.16:272][  0]LogInit: Selected Device Profile: [Windows]
[2019.11.07-23.41.16:778][  0]LogMeshReduction: Using QuadricMeshReduction for automatic static mesh reduction
[2019.11.07-23.41.16:778][  0]LogMeshReduction: Using SimplygonMeshReduction for automatic skeletal mesh reduction
[2019.11.07-23.41.16:778][  0]LogMeshReduction: Using ProxyLODMeshReduction for automatic mesh merging
[2019.11.07-23.41.16:778][  0]LogMeshReduction: No distributed automatic mesh merging module available
[2019.11.07-23.41.16:779][  0]LogMeshMerging: No distributed automatic mesh merging module available
[2019.11.07-23.41.16:865][  0]LogNetVersion: ggo 1.0.0, NetCL: 8386587, EngineNetVer: 11, GameNetVer: 0 (Checksum: 1919574962)
[2019.11.07-23.41.19:060][  0]LogPackageLocalizationCache: Processed 17 localized package path(s) for 1 prioritized culture(s) in 0.439286 seconds
[2019.11.07-23.41.19:076][  0]LogUObjectArray: 43007 objects as part of root set at end of initial load.
[2019.11.07-23.41.19:077][  0]LogUObjectAllocator: 7476616 out of 0 bytes used by permanent object pool.
[2019.11.07-23.41.19:077][  0]LogUObjectArray: CloseDisregardForGC: 0/0 objects in disregard for GC pool
[2019.11.07-23.41.26:396][  0]LogPython: Using Python 2.7.14
[2019.11.07-23.41.27:772][  0]LogTcpMessaging: Initializing TcpMessaging bridge
[2019.11.07-23.41.27:852][  0]LogUdpMessaging: Initializing bridge on interface 0.0.0.0:0 to multicast group 230.0.0.1:6666.
[2019.11.07-23.41.27:983][  0]LogLinker: Warning: Asset 'E:/docs/projects/unreal/game_off/git_game_off/ggo 4.23/Content/SideScrollerCPP/Blueprints/SideScrollerCharacter.uasset' has been saved with empty engine version. The asset will be loaded but may be incompatible.
[2019.11.07-23.41.28:851][  0]SourceControl: Source control is disabled
[2019.11.07-23.41.28:852][  0]SourceControl: Source control is disabled
[2019.11.07-23.41.28:863][  0]SourceControl: Source control is disabled
[2019.11.07-23.41.28:868][  0]SourceControl: Source control is disabled
[2019.11.07-23.41.29:602][  0]LogAndroidPermission: UAndroidPermissionCallbackProxy::GetInstance
[2019.11.07-23.41.34:515][  0]LogEngine: Initializing Engine...
[2019.11.07-23.41.34:520][  0]LogStats: UGameplayTagsManager::InitializeManager -  0.001 s
[2019.11.07-23.41.34:909][  0]LogInit: Initializing FReadOnlyCVARCache
[2019.11.07-23.41.34:972][  0]LogAIModule: Creating AISystem for world Untitled
[2019.11.07-23.41.35:097][  0]LogInit: XAudio2 using 'Headset Earphone (HyperX Virtual Surround Sound)' : 2 channels at 48 kHz using 16 bits per sample (channel mask 0x3)
[2019.11.07-23.41.35:129][  0]LogInit: FAudioDevice initialized.
[2019.11.07-23.41.35:129][  0]LogNetVersion: Set ProjectVersion to 1.0.0.0. Version Checksum will be recalculated on next use.
[2019.11.07-23.41.35:214][  0]LogDerivedDataCache: Saved boot cache 0.08s 78MB C:/Users/heide/AppData/Local/UnrealEngine/4.23/DerivedDataCache/Boot.ddc.
[2019.11.07-23.41.35:227][  0]LogInit: Texture streaming: Enabled
[2019.11.07-23.41.35:274][  0]LogEngineSessionManager: EngineSessionManager initialized
[2019.11.07-23.41.35:275][  0]LogEditorSessionSummary: Verbose: Initializing EditorSessionSummaryWriter for editor session tracking
[2019.11.07-23.41.35:276][  0]LogEditorSessionSummary: EditorSessionSummaryWriter initialized
[2019.11.07-23.41.35:574][  0]LogInit: Transaction tracking system initialized
[2019.11.07-23.41.35:668][  0]BlueprintLog: New page: Editor Load
[2019.11.07-23.41.35:911][  0]LocalizationService: Localization service is disabled
[2019.11.07-23.41.36:529][  0]LogFileCache: Scanning file cache for directory 'E:/docs/projects/unreal/game_off/git_game_off/ggo 4.23/Content/' took 0.01s
[2019.11.07-23.41.36:529][  0]LogCook: Display: Max memory allowance for cook 16384mb min free memory 0mb
[2019.11.07-23.41.36:529][  0]LogCook: Display: Mobile HDR setting 1
[2019.11.07-23.41.39:408][  0]SourceControl: Source control is disabled
[2019.11.07-23.41.39:409][  0]Cmd: MAP LOAD FILE="E:/docs/projects/unreal/game_off/git_game_off/ggo 4.23/Content/SideScrollerCPP/Maps/SideScrollerExampleMap.umap" TEMPLATE=0 SHOWPROGRESS=1 FEATURELEVEL=3
[2019.11.07-23.41.39:410][  0]LightingResults: New page: Lighting Build
[2019.11.07-23.41.39:419][  0]LogWorld: UWorld::CleanupWorld for Untitled, bSessionEnded=true, bCleanupResources=true
[2019.11.07-23.41.39:421][  0]MapCheck: New page: Map Check
[2019.11.07-23.41.39:421][  0]LightingResults: New page: Lighting Build
[2019.11.07-23.41.39:473][  0]LogUObjectHash: Compacting FUObjectHashTables data took   3.99ms
[2019.11.07-23.41.39:476][  0]LogLinker: Warning: Asset 'E:/docs/projects/unreal/game_off/git_game_off/ggo 4.23/Content/SideScrollerCPP/Maps/SideScrollerExampleMap.umap' has been saved with empty engine version. The asset will be loaded but may be incompatible.
[2019.11.07-23.41.39:662][  0]LogLinker: Warning: Asset 'E:/docs/projects/unreal/game_off/git_game_off/ggo 4.23/Content/SideScrollerCPP/Blueprints/BP_BaseDoor.uasset' has been saved with empty engine version. The asset will be loaded but may be incompatible.
[2019.11.07-23.41.39:878][  0]LogAIModule: Creating AISystem for world SideScrollerExampleMap
[2019.11.07-23.41.39:966][  0]LogEditorServer: Finished looking for orphan Actors (0.000 secs)
[2019.11.07-23.41.40:009][  0]LogUObjectHash: Compacting FUObjectHashTables data took   3.71ms
[2019.11.07-23.41.40:009][  0]Cmd: MAP CHECKDEP NOCLEARLOG
[2019.11.07-23.41.40:009][  0]MapCheck: Map check complete: 0 Error(s), 0 Warning(s), took 0.307ms to complete.
[2019.11.07-23.41.40:009][  0]LogFileHelpers: Loading map 'SideScrollerExampleMap' took 0.601
[2019.11.07-23.41.40:227][  0]LogSlate: Updating window title bar state: overlay mode, drag disabled, window buttons hidden, title bar hidden
[2019.11.07-23.41.40:238][  0]LogSlate: Updating window title bar state: overlay mode, drag disabled, window buttons hidden, title bar hidden
[2019.11.07-23.41.40:253][  0]LogSlate: Updating window title bar state: overlay mode, drag disabled, window buttons hidden, title bar hidden
[2019.11.07-23.41.40:270][  0]LogSlate: Updating window title bar state: overlay mode, drag disabled, window buttons hidden, title bar hidden
[2019.11.07-23.41.40:293][  0]LogCollectionManager: Loaded 0 collections in 0.002871 seconds
[2019.11.07-23.41.40:327][  0]LogFileCache: Scanning file cache for directory 'E:/docs/projects/unreal/game_off/git_game_off/ggo 4.23/Saved/Collections/' took 0.00s
[2019.11.07-23.41.40:327][  0]LogFileCache: Scanning file cache for directory 'E:/docs/projects/unreal/game_off/git_game_off/ggo 4.23/Content/Developers/heide/Collections/' took 0.00s
[2019.11.07-23.41.40:327][  0]LogFileCache: Scanning file cache for directory 'E:/docs/projects/unreal/game_off/git_game_off/ggo 4.23/Content/Collections/' took 0.00s
[2019.11.07-23.41.40:327][  0]LogCollectionManager: Rebuilt the GUID cache for 0 collections in 0.000006 seconds
[2019.11.07-23.41.40:345][  0]LogContentBrowser: Native class hierarchy populated in 0.0163 seconds. Added 3045 classes and 756 folders.
[2019.11.07-23.41.40:365][  0]LogContentBrowser: Native class hierarchy updated for 'WidgetCarousel' in 0.0006 seconds. Added 0 classes and 0 folders.
[2019.11.07-23.41.41:164][  0]LogContentBrowser: Native class hierarchy updated for 'AddContentDialog' in 0.0003 seconds. Added 0 classes and 0 folders.
[2019.11.07-23.41.41:173][  0]LogContentBrowser: Native class hierarchy updated for 'SceneOutliner' in 0.0006 seconds. Added 1 classes and 0 folders.
[2019.11.07-23.41.41:207][  0]LogContentBrowser: Native class hierarchy updated for 'WorldBrowser' in 0.0005 seconds. Added 2 classes and 3 folders.
[2019.11.07-23.41.41:424][  0]LogSlate: Took 0.010326 seconds to synchronously load lazily loaded font '../../../Engine/Content/Slate/Fonts/Roboto-Regular.ttf' (155K)
[2019.11.07-23.41.41:436][  0]LogSlate: Took 0.009098 seconds to synchronously load lazily loaded font '../../../Engine/Content/Slate/Fonts/Roboto-Bold.ttf' (160K)
[2019.11.07-23.41.41:455][  0]LogSlate: Took 0.008546 seconds to synchronously load lazily loaded font '../../../Engine/Content/Editor/Slate/Fonts/FontAwesome.ttf' (139K)
[2019.11.07-23.41.41:624][  0]LogRenderer: Reallocating scene render targets to support 1208x580 Format 9 NumSamples 1 (Frame:1).
[2019.11.07-23.41.41:915][  0]LogContentBrowser: Native class hierarchy updated for 'HierarchicalLODOutliner' in 0.0004 seconds. Added 0 classes and 0 folders.
[2019.11.07-23.41.41:915][  0]LogLoad: (Engine Initialization) Total time: 124.24 seconds
[2019.11.07-23.41.41:915][  0]LogLoad: (Engine Initialization) Total Blueprint compile time: 0.00 seconds
[2019.11.07-23.41.41:978][  0]LogContentStreaming: Texture pool size now 800 MB
[2019.11.07-23.41.42:016][  0]LogSlate: Took 0.010338 seconds to synchronously load lazily loaded font '../../../Engine/Content/Slate/Fonts/Roboto-Light.ttf' (167K)
[2019.11.07-23.41.42:155][  3]LogAssetRegistry: Asset discovery search completed in 26.4855 seconds
[2019.11.07-23.41.42:175][  3]LogCollectionManager: Rebuilt the object cache for 0 collections in 0.000010 seconds (found 0 objects)
[2019.11.07-23.41.42:175][  3]LogCollectionManager: Fixed up redirectors for 0 collections in 0.000143 seconds (updated 0 objects)
[2019.11.07-23.41.48:332][494]LogSlate: FSceneViewport::OnFocusLost() reason 0
[2019.11.07-23.41.48:476][505]LogUObjectHash: Compacting FUObjectHashTables data took   1.23ms
[2019.11.07-23.41.48:550][505]LogSlate: Window 'ggo - Unreal Editor' being destroyed
[2019.11.07-23.41.48:552][505]LogWindowsTextInputMethodSystem: Display: IME system now deactivated.
[2019.11.07-23.41.48:768][506]Cmd: QUIT_EDITOR
[2019.11.07-23.41.48:861][506]LogExit: Preparing to exit.
[2019.11.07-23.41.48:904][506]LogUObjectHash: Compacting FUObjectHashTables data took   3.13ms
[2019.11.07-23.41.49:100][506]LogDemo: Cleaned up 0 splitscreen connections with owner deletion
[2019.11.07-23.41.49:119][506]LogWorld: UWorld::CleanupWorld for None, bSessionEnded=true, bCleanupResources=true
[2019.11.07-23.41.49:119][506]LogExit: Editor shut down
[2019.11.07-23.41.49:120][506]LogExit: Transaction tracking system shut down
[2019.11.07-23.41.49:459][506]LogExit: Object subsystem successfully closed.
[2019.11.07-23.41.49:497][506]LogShaderCompilers: Display: Shaders left to compile 0
[2019.11.07-23.41.49:554][506]LogModuleManager: Shutting down and abandoning module HierarchicalLODOutliner (724)
[2019.11.07-23.41.49:554][506]LogModuleManager: Shutting down and abandoning module WorldBrowser (722)
[2019.11.07-23.41.49:554][506]LogModuleManager: Shutting down and abandoning module SceneOutliner (720)
[2019.11.07-23.41.49:554][506]LogModuleManager: Shutting down and abandoning module AddContentDialog (718)
[2019.11.07-23.41.49:555][506]LogModuleManager: Shutting down and abandoning module WidgetCarousel (717)
[2019.11.07-23.41.49:555][506]LogModuleManager: Shutting down and abandoning module EditorWidgets (714)
[2019.11.07-23.41.49:555][506]LogModuleManager: Shutting down and abandoning module CollectionManager (712)
[2019.11.07-23.41.49:555][506]LogModuleManager: Shutting down and abandoning module StatsViewer (710)
[2019.11.07-23.41.49:555][506]LogModuleManager: Shutting down and abandoning module VirtualTexturingEditor (708)
[2019.11.07-23.41.49:555][506]LogModuleManager: Shutting down and abandoning module FoliageEdit (706)
[2019.11.07-23.41.49:555][506]LogModuleManager: Shutting down and abandoning module LandscapeEditor (704)
[2019.11.07-23.41.49:557][506]LogModuleManager: Shutting down and abandoning module MeshPaintMode (702)
[2019.11.07-23.41.49:557][506]LogModuleManager: Shutting down and abandoning module SceneDepthPickerMode (700)
[2019.11.07-23.41.49:557][506]LogModuleManager: Shutting down and abandoning module ActorPickerMode (698)
[2019.11.07-23.41.49:557][506]LogModuleManager: Shutting down and abandoning module GeometryMode (696)
[2019.11.07-23.41.49:557][506]LogModuleManager: Shutting down and abandoning module TextureAlignMode (694)
[2019.11.07-23.41.49:557][506]LogModuleManager: Shutting down and abandoning module BspMode (692)
[2019.11.07-23.41.49:557][506]LogModuleManager: Shutting down and abandoning module PIEPreviewDeviceProfileSelector (690)
[2019.11.07-23.41.49:557][506]LogModuleManager: Shutting down and abandoning module SequenceRecorderSections (688)
[2019.11.07-23.41.49:557][506]LogModuleManager: Shutting down and abandoning module AutomationWorker (686)
[2019.11.07-23.41.49:557][506]LogModuleManager: Shutting down and abandoning module DatasmithFBXImporter (684)
[2019.11.07-23.41.49:557][506]LogModuleManager: Shutting down and abandoning module DatasmithDeltaGenImporter (682)
[2019.11.07-23.41.49:557][506]LogModuleManager: Shutting down and abandoning module DatasmithVREDImporter (680)
[2019.11.07-23.41.49:557][506]LogModuleManager: Shutting down and abandoning module AudioCaptureEditor (678)
[2019.11.07-23.41.49:558][506]LogModuleManager: Shutting down and abandoning module MatineeToLevelSequence (676)
[2019.11.07-23.41.49:558][506]LogModuleManager: Shutting down and abandoning module LevelSequenceEditor (674)
[2019.11.07-23.41.49:559][506]LogModuleManager: Shutting down and abandoning module PlacementMode (673)
[2019.11.07-23.41.49:559][506]LogModuleManager: Shutting down and abandoning module MaterialEditor (672)
[2019.11.07-23.41.49:559][506]LogModuleManager: Shutting down and abandoning module ActorSequenceEditor (668)
[2019.11.07-23.41.49:560][506]LogModuleManager: Shutting down and abandoning module WmfMediaFactory (666)
[2019.11.07-23.41.49:560][506]LogModuleManager: Shutting down and abandoning module WmfMediaEditor (664)
[2019.11.07-23.41.49:560][506]LogModuleManager: Shutting down and abandoning module WebMMediaFactory (662)
[2019.11.07-23.41.49:560][506]LogModuleManager: Shutting down and abandoning module WebMMediaEditor (660)
[2019.11.07-23.41.49:560][506]LogModuleManager: Shutting down and abandoning module WebMMedia (658)
[2019.11.07-23.41.49:560][506]LogModuleManager: Shutting down and abandoning module MediaPlayerEditor (656)
[2019.11.07-23.41.49:560][506]LogModuleManager: Shutting down and abandoning module MediaCompositingEditor (654)
[2019.11.07-23.41.49:560][506]LogModuleManager: Shutting down and abandoning module SequenceRecorder (653)
[2019.11.07-23.41.49:561][506]LogModuleManager: Shutting down and abandoning module OpenExrWrapper (650)
[2019.11.07-23.41.49:561][506]LogModuleManager: Shutting down and abandoning module ImgMediaFactory (648)
[2019.11.07-23.41.49:561][506]LogModuleManager: Shutting down and abandoning module ImgMediaEditor (646)
[2019.11.07-23.41.49:561][506]LogModuleManager: Shutting down and abandoning module AvfMediaFactory (644)
[2019.11.07-23.41.49:561][506]LogModuleManager: Shutting down and abandoning module AvfMediaEditor (642)
[2019.11.07-23.41.49:561][506]LogModuleManager: Shutting down and abandoning module AndroidMediaFactory (640)
[2019.11.07-23.41.49:561][506]LogModuleManager: Shutting down and abandoning module AndroidMediaEditor (638)
[2019.11.07-23.41.49:561][506]LogModuleManager: Shutting down and abandoning module MagicLeapCameraPreviewFactory (636)
[2019.11.07-23.41.49:561][506]LogModuleManager: Shutting down and abandoning module MagicLeapMediaCodecFactory (634)
[2019.11.07-23.41.49:561][506]LogModuleManager: Shutting down and abandoning module MagicLeapMediaFactory (632)
[2019.11.07-23.41.49:561][506]LogModuleManager: Shutting down and abandoning module MagicLeapMediaEditor (630)
[2019.11.07-23.41.49:561][506]LogModuleManager: Shutting down and abandoning module CharacterAI (628)
[2019.11.07-23.41.49:561][506]LogModuleManager: Shutting down and abandoning module SmartSnapping (626)
[2019.11.07-23.41.49:561][506]LogModuleManager: Shutting down and abandoning module SessionServices (624)
[2019.11.07-23.41.49:561][506]LogModuleManager: Shutting down and abandoning module MeshPaint (622)
[2019.11.07-23.41.49:561][506]LogModuleManager: Shutting down and abandoning module ViewportSnapping (620)
[2019.11.07-23.41.49:561][506]LogModuleManager: Shutting down and abandoning module ViewportInteraction (618)
[2019.11.07-23.41.49:561][506]LogModuleManager: Shutting down and abandoning module ClothPainter (616)
[2019.11.07-23.41.49:561][506]LogModuleManager: Shutting down and abandoning module SkeletalMeshEditor (615)
[2019.11.07-23.41.49:563][506]LogModuleManager: Shutting down and abandoning module LogVisualizer (612)
[2019.11.07-23.41.49:563][506]LogModuleManager: Shutting down and abandoning module IntroTutorials (610)
[2019.11.07-23.41.49:563][506]LogModuleManager: Shutting down and abandoning module GameProjectGeneration (609)
[2019.11.07-23.41.49:563][506]LogModuleManager: Shutting down and abandoning module LuminPlatformEditor (606)
[2019.11.07-23.41.49:563][506]LogModuleManager: Shutting down and abandoning module IOSPlatformEditor (604)
[2019.11.07-23.41.49:563][506]LogModuleManager: Shutting down and abandoning module HTML5PlatformEditor (602)
[2019.11.07-23.41.49:563][506]LogModuleManager: Shutting down and abandoning module AndroidPlatformEditor (600)
[2019.11.07-23.41.49:563][506]LogModuleManager: Shutting down and abandoning module AndroidDeviceDetection (599)
[2019.11.07-23.41.50:047][506]LogModuleManager: Shutting down and abandoning module WindowsPlatformEditor (596)
[2019.11.07-23.41.50:047][506]LogModuleManager: Shutting down and abandoning module LuminRuntimeSettings (594)
[2019.11.07-23.41.50:047][506]LogModuleManager: Shutting down and abandoning module IOSRuntimeSettings (592)
[2019.11.07-23.41.50:047][506]LogModuleManager: Shutting down and abandoning module AndroidRuntimeSettings (590)
[2019.11.07-23.41.50:047][506]LogModuleManager: Shutting down and abandoning module TimeManagementEditor (588)
[2019.11.07-23.41.50:047][506]LogModuleManager: Shutting down and abandoning module InputBindingEditor (586)
[2019.11.07-23.41.50:048][506]LogModuleManager: Shutting down and abandoning module MergeActors (584)
[2019.11.07-23.41.50:048][506]LogModuleManager: Shutting down and abandoning module LocalizationDashboard (582)
[2019.11.07-23.41.50:048][506]LogModuleManager: Shutting down and abandoning module LocalizationService (581)
[2019.11.07-23.41.50:048][506]LogModuleManager: Shutting down and abandoning module HardwareTargeting (578)
[2019.11.07-23.41.50:048][506]LogModuleManager: Shutting down and abandoning module DeviceProfileEditor (576)
[2019.11.07-23.41.50:048][506]LogModuleManager: Shutting down and abandoning module UndoHistory (574)
[2019.11.07-23.41.50:048][506]LogModuleManager: Shutting down and abandoning module XmlParser (572)
[2019.11.07-23.41.50:048][506]LogModuleManager: Shutting down and abandoning module Blutility (570)
[2019.11.07-23.41.50:048][506]LogModuleManager: Shutting down and abandoning module ProjectSettingsViewer (568)
[2019.11.07-23.41.50:048][506]LogModuleManager: Shutting down and abandoning module ProjectTargetPlatformEditor (567)
[2019.11.07-23.41.50:048][506]LogModuleManager: Shutting down and abandoning module EditorSettingsViewer (564)
[2019.11.07-23.41.50:048][506]LogModuleManager: Shutting down and abandoning module SettingsEditor (562)
[2019.11.07-23.41.50:049][506]LogModuleManager: Shutting down and abandoning module ProjectLauncher (560)
[2019.11.07-23.41.50:049][506]LogModuleManager: Shutting down and abandoning module SessionFrontend (558)
[2019.11.07-23.41.50:049][506]LogModuleManager: Shutting down and abandoning module ProfilerClient (556)
[2019.11.07-23.41.50:049][506]LogModuleManager: Shutting down and abandoning module DeviceManager (554)
[2019.11.07-23.41.50:049][506]LogModuleManager: Shutting down and abandoning module TargetDeviceServices (553)
[2019.11.07-23.41.50:094][506]LogModuleManager: Shutting down and abandoning module AutomationController (550)
[2019.11.07-23.41.50:094][506]LogModuleManager: Shutting down and abandoning module AutomationWindow (548)
[2019.11.07-23.41.50:094][506]LogModuleManager: Shutting down and abandoning module Layers (546)
[2019.11.07-23.41.50:096][506]LogModuleManager: Shutting down and abandoning module ComponentVisualizers (544)
[2019.11.07-23.41.50:096][506]LogModuleManager: Shutting down and abandoning module DetailCustomizations (542)
[2019.11.07-23.41.50:096][506]LogModuleManager: Shutting down and abandoning module PackagesDialog (540)
[2019.11.07-23.41.50:096][506]LogModuleManager: Shutting down and abandoning module AnimationBlueprintEditor (538)
[2019.11.07-23.41.50:097][506]LogModuleManager: Shutting down and abandoning module Persona (536)
[2019.11.07-23.41.50:098][506]LogModuleManager: Shutting down and abandoning module AnimGraph (535)
[2019.11.07-23.41.50:098][506]LogModuleManager: Shutting down and abandoning module Kismet (532)
[2019.11.07-23.41.50:099][506]LogModuleManager: Shutting down and abandoning module KismetWidgets (531)
[2019.11.07-23.41.50:099][506]LogModuleManager: Shutting down and abandoning module GraphEditor (528)
[2019.11.07-23.41.50:101][506]LogModuleManager: Shutting down and abandoning module StructViewer (526)
[2019.11.07-23.41.50:101][506]LogModuleManager: Shutting down and abandoning module ClassViewer (524)
[2019.11.07-23.41.50:101][506]LogModuleManager: Shutting down and abandoning module Toolbox (522)
[2019.11.07-23.41.50:101][506]LogModuleManager: Shutting down and abandoning module ModuleUI (520)
[2019.11.07-23.41.50:101][506]LogModuleManager: Shutting down and abandoning module MovieSceneTools (518)
[2019.11.07-23.41.50:102][506]LogModuleManager: Shutting down and abandoning module OutputLog (516)
[2019.11.07-23.41.50:102][506]LogModuleManager: Shutting down and abandoning module GammaUI (514)
[2019.11.07-23.41.50:102][506]LogModuleManager: Shutting down and abandoning module Documentation (512)
[2019.11.07-23.41.50:102][506]LogModuleManager: Shutting down and abandoning module LiveCoding (510)
[2019.11.07-23.41.50:102][506]LogModuleManager: Shutting down and abandoning module LevelSequence (508)
[2019.11.07-23.41.50:102][506]LogModuleManager: Shutting down and abandoning module MovieSceneTracks (506)
[2019.11.07-23.41.50:102][506]LogModuleManager: Shutting down and abandoning module MovieScene (504)
[2019.11.07-23.41.50:102][506]LogModuleManager: Shutting down and abandoning module StreamingPauseRendering (502)
[2019.11.07-23.41.50:102][506]LogModuleManager: Shutting down and abandoning module LauncherPlatform (500)
[2019.11.07-23.41.50:102][506]LogModuleManager: Shutting down and abandoning module AnalyticsET (498)
[2019.11.07-23.41.50:102][506]LogModuleManager: Shutting down and abandoning module PortalServices (496)
[2019.11.07-23.41.50:102][506]LogModuleManager: Shutting down and abandoning module PortalRpc (494)
[2019.11.07-23.41.50:102][506]LogModuleManager: Shutting down and abandoning module MessagingRpc (492)
[2019.11.07-23.41.50:102][506]LogModuleManager: Shutting down and abandoning module AIModule (490)
[2019.11.07-23.41.50:103][506]LogModuleManager: Shutting down and abandoning module GameplayDebugger (489)
[2019.11.07-23.41.50:103][506]LogModuleManager: Shutting down and abandoning module AITestSuite (487)
[2019.11.07-23.41.50:103][506]LogModuleManager: Shutting down and abandoning module NavigationSystem (485)
[2019.11.07-23.41.50:103][506]LogModuleManager: Shutting down and abandoning module ImageWriteQueue (482)
[2019.11.07-23.41.50:109][506]LogModuleManager: Shutting down and abandoning module ProfilerService (480)
[2019.11.07-23.41.50:181][506]LogModuleManager: Shutting down and abandoning module TaskGraph (478)
[2019.11.07-23.41.50:182][506]LogModuleManager: Shutting down and abandoning module DatasmithCADTranslator (476)
[2019.11.07-23.41.50:182][506]LogModuleManager: Shutting down and abandoning module DatasmithC4DImporter (474)
[2019.11.07-23.41.50:182][506]LogModuleManager: Shutting down and abandoning module VariantManager (472)
[2019.11.07-23.41.50:182][506]LogModuleManager: Shutting down and abandoning module StaticMeshEditorExtension (470)
[2019.11.07-23.41.50:182][506]LogModuleManager: Shutting down and abandoning module MeshProcessingLibrary (469)
[2019.11.07-23.41.50:182][506]LogModuleManager: Shutting down and abandoning module MDLImporter (466)
[2019.11.07-23.41.50:183][506]LogModuleManager: Shutting down and abandoning module DatasmithCoreTechExtension (464)
[2019.11.07-23.41.50:183][506]LogModuleManager: Shutting down and abandoning module StaticMeshEditor (463)
[2019.11.07-23.41.50:184][506]LogModuleManager: Shutting down and abandoning module AdvancedPreviewScene (462)
[2019.11.07-23.41.50:184][506]LogModuleManager: Shutting down and abandoning module DatasmithOpenNurbsTranslator (458)
[2019.11.07-23.41.50:184][506]LogModuleManager: Shutting down and abandoning module DatasmithNativeTranslator (456)
[2019.11.07-23.41.50:184][506]LogModuleManager: Shutting down and abandoning module DatasmithIFCImporter (454)
[2019.11.07-23.41.50:185][506]LogModuleManager: Shutting down and abandoning module DatasmithGLTFImporter (452)
[2019.11.07-23.41.50:185][506]LogModuleManager: Shutting down and abandoning module DatasmithImporter (451)
[2019.11.07-23.41.50:185][506]LogModuleManager: Shutting down and abandoning module ScreenshotTools (448)
[2019.11.07-23.41.50:185][506]LogModuleManager: Shutting down and abandoning module ProceduralMeshComponentEditor (446)
[2019.11.07-23.41.50:185][506]LogModuleManager: Shutting down and abandoning module ProceduralMeshComponent (444)
[2019.11.07-23.41.50:185][506]LogModuleManager: Shutting down and abandoning module MobilePatchingUtils (442)
[2019.11.07-23.41.50:185][506]LogModuleManager: Shutting down and abandoning module EditableMesh (440)
[2019.11.07-23.41.50:186][506]LogModuleManager: Shutting down and abandoning module CustomMeshComponent (438)
[2019.11.07-23.41.50:186][506]LogModuleManager: Shutting down and abandoning module CableComponent (436)
[2019.11.07-23.41.50:186][506]LogModuleManager: Shutting down and abandoning module AudioCapture (434)
[2019.11.07-23.41.50:186][506]LogModuleManager: Shutting down and abandoning module ArchVisCharacter (432)
[2019.11.07-23.41.50:186][506]LogModuleManager: Shutting down and abandoning module AppleImageUtilsBlueprintSupport (430)
[2019.11.07-23.41.50:186][506]LogModuleManager: Shutting down and abandoning module AppleImageUtils (428)
[2019.11.07-23.41.50:186][506]LogModuleManager: Shutting down and abandoning module AndroidPermission (426)
[2019.11.07-23.41.50:186][506]LogModuleManager: Shutting down and abandoning module NUTUnrealEngine4 (424)
[2019.11.07-23.41.50:186][506]LogModuleManager: Shutting down and abandoning module NetcodeUnitTest (422)
[2019.11.07-23.41.50:186][506]LogModuleManager: Shutting down and abandoning module MediaCompositing (420)
[2019.11.07-23.41.50:186][506]LogModuleManager: Shutting down and abandoning module ImgMedia (418)
[2019.11.07-23.41.50:186][506]LogModuleManager: Shutting down and abandoning module MagicLeapHelperVulkan (416)
[2019.11.07-23.41.50:186][506]LogModuleManager: Shutting down and abandoning module MagicLeapHelperOpenGL (414)
[2019.11.07-23.41.50:186][506]LogModuleManager: Shutting down and abandoning module MagicLeapAudio (412)
[2019.11.07-23.41.50:186][506]LogModuleManager: Shutting down and abandoning module HTML5Networking (410)
[2019.11.07-23.41.50:186][506]LogModuleManager: Shutting down and abandoning module GeometryCollectionTracks (408)
[2019.11.07-23.41.50:186][506]LogModuleManager: Shutting down and abandoning module GeometryCollectionSequencer (407)
[2019.11.07-23.41.50:186][506]LogModuleManager: Shutting down and abandoning module GeometryCollectionEditor (404)
[2019.11.07-23.41.50:186][506]LogModuleManager: Shutting down and abandoning module GeometryCollectionExampleCore (402)
[2019.11.07-23.41.50:186][506]LogModuleManager: Shutting down and abandoning module GeometryCacheTracks (400)
[2019.11.07-23.41.50:186][506]LogModuleManager: Shutting down and abandoning module GeometryCacheSequencer (398)
[2019.11.07-23.41.50:186][506]LogModuleManager: Shutting down and abandoning module DataprepLibraries (396)
[2019.11.07-23.41.50:186][506]LogModuleManager: Shutting down and abandoning module DataprepCore (394)
[2019.11.07-23.41.50:186][506]LogModuleManager: Shutting down and abandoning module DataprepEditor (392)
[2019.11.07-23.41.50:187][506]LogModuleManager: Shutting down and abandoning module ChaosSolverEditor (390)
[2019.11.07-23.41.50:187][506]LogModuleManager: Shutting down and abandoning module BlastCore (388)
[2019.11.07-23.41.50:187][506]LogModuleManager: Shutting down and abandoning module BlastAuthoring (386)
[2019.11.07-23.41.50:187][506]LogModuleManager: Shutting down and abandoning module BackChannel (384)
[2019.11.07-23.41.50:187][506]LogModuleManager: Shutting down and abandoning module AutomationUtilsEditor (382)
[2019.11.07-23.41.50:187][506]LogModuleManager: Shutting down and abandoning module AutomationUtils (380)
[2019.11.07-23.41.50:187][506]LogModuleManager: Shutting down and abandoning module AlembicImporter (378)
[2019.11.07-23.41.50:188][506]LogModuleManager: Shutting down and abandoning module AlembicLibrary (377)
[2019.11.07-23.41.50:188][506]LogModuleManager: Shutting down and abandoning module GeometryCache (376)
[2019.11.07-23.41.50:188][506]LogModuleManager: Shutting down and abandoning module GeometryCacheEd (375)
[2019.11.07-23.41.50:188][506]LogModuleManager: Shutting down and abandoning module VariantManagerContent (370)
[2019.11.07-23.41.50:188][506]LogModuleManager: Shutting down and abandoning module DatasmithContentEditor (368)
[2019.11.07-23.41.50:188][506]LogModuleManager: Shutting down and abandoning module SpeedTreeImporter (366)
[2019.11.07-23.41.50:188][506]LogModuleManager: Shutting down and abandoning module PluginBrowser (364)
[2019.11.07-23.41.50:188][506]LogModuleManager: Shutting down and abandoning module MobileLauncherProfileWizard (362)
[2019.11.07-23.41.50:188][506]LogModuleManager: Shutting down and abandoning module PolygonModeling (360)
[2019.11.07-23.41.50:188][506]LogModuleManager: Shutting down and abandoning module MeshEditor (358)
[2019.11.07-23.41.50:188][506]LogModuleManager: Shutting down and abandoning module MaterialAnalyzer (356)
[2019.11.07-23.41.50:188][506]LogModuleManager: Shutting down and abandoning module GLTFImporter (354)
[2019.11.07-23.41.50:188][506]LogModuleManager: Shutting down and abandoning module EditorScriptingUtilities (352)
[2019.11.07-23.41.50:188][506]LogModuleManager: Shutting down and abandoning module CurveEditorTools (350)
[2019.11.07-23.41.50:188][506]LogModuleManager: Shutting down and abandoning module CurveEditor (349)
[2019.11.07-23.41.50:189][506]LogModuleManager: Shutting down and abandoning module CryptoKeysOpenSSL (346)
[2019.11.07-23.41.50:189][506]LogModuleManager: Shutting down and abandoning module CryptoKeys (344)
[2019.11.07-23.41.50:189][506]LogModuleManager: Shutting down and abandoning module VisualStudioSourceCodeAccess (342)
[2019.11.07-23.41.50:189][506]LogModuleManager: Shutting down and abandoning module VisualStudioCodeSourceCodeAccess (340)
[2019.11.07-23.41.50:189][506]LogModuleManager: Shutting down and abandoning module UObjectPlugin (338)
[2019.11.07-23.41.50:189][506]LogModuleManager: Shutting down and abandoning module SubversionSourceControl (336)
[2019.11.07-23.41.50:189][506]LogModuleManager: Shutting down and abandoning module PerforceSourceControl (334)
[2019.11.07-23.41.50:190][506]LogModuleManager: Shutting down and abandoning module GitSourceControl (332)
[2019.11.07-23.41.50:190][506]LogModuleManager: Shutting down and abandoning module SourceControl (331)
[2019.11.07-23.41.50:190][506]LogModuleManager: Shutting down and abandoning module CLionSourceCodeAccess (328)
[2019.11.07-23.41.50:190][506]LogModuleManager: Shutting down and abandoning module AnimationSharingEd (326)
[2019.11.07-23.41.50:190][506]LogModuleManager: Shutting down and abandoning module ActorLayerUtilitiesEditor (324)
[2019.11.07-23.41.50:190][506]LogModuleManager: Shutting down and abandoning module ActorLayerUtilities (322)
[2019.11.07-23.41.50:190][506]LogModuleManager: Shutting down and abandoning module LightPropagationVolumeEditor (320)
[2019.11.07-23.41.50:190][506]LogModuleManager: Shutting down and abandoning module PaperTiledImporter (318)
[2019.11.07-23.41.50:190][506]LogModuleManager: Shutting down and abandoning module PaperSpriteSheetImporter (316)
[2019.11.07-23.41.50:190][506]LogModuleManager: Shutting down and abandoning module Paper2DEditor (314)
[2019.11.07-23.41.50:191][506]LogModuleManager: Shutting down and abandoning module ggo (312)
[2019.11.07-23.41.50:191][506]LogModuleManager: Shutting down and abandoning module SignificanceManager (310)
[2019.11.07-23.41.50:191][506]LogModuleManager: Shutting down and abandoning module RuntimePhysXCooking (308)
[2019.11.07-23.41.50:191][506]LogModuleManager: Shutting down and abandoning module PhysXVehiclesEditor (306)
[2019.11.07-23.41.50:191][506]LogModuleManager: Shutting down and abandoning module LocationServicesBPLibrary (302)
[2019.11.07-23.41.50:191][506]LogModuleManager: Shutting down and abandoning module ActorSequence (300)
[2019.11.07-23.41.50:191][506]LogModuleManager: Shutting down and abandoning module UdpMessaging (298)
[2019.11.07-23.41.50:291][506]LogModuleManager: Shutting down and abandoning module TcpMessaging (296)
[2019.11.07-23.41.50:392][506]LogModuleManager: Shutting down and abandoning module MagicLeapIdentity (294)
[2019.11.07-23.41.50:392][506]LogModuleManager: Shutting down and abandoning module MagicLeapSecureStorage (292)
[2019.11.07-23.41.50:392][506]LogModuleManager: Shutting down and abandoning module MagicLeapHandTracking (290)
[2019.11.07-23.41.50:392][506]LogModuleManager: Shutting down and abandoning module MagicLeapEyeTracker (288)
[2019.11.07-23.41.50:392][506]LogModuleManager: Shutting down and abandoning module MagicLeapController (286)
[2019.11.07-23.41.50:392][506]LogSlate: Slate User Destroyed.  User Index 0, Is Virtual User: 0
[2019.11.07-23.41.50:392][506]LogModuleManager: Shutting down and abandoning module MagicLeapAR (284)
[2019.11.07-23.41.50:392][506]LogModuleManager: Shutting down and abandoning module AugmentedReality (283)
[2019.11.07-23.41.50:392][506]LogModuleManager: Shutting down and abandoning module PythonScriptPlugin (280)
[2019.11.07-23.41.50:392][506]LogModuleManager: Shutting down and abandoning module GameplayTagsEditor (278)
[2019.11.07-23.41.50:393][506]LogModuleManager: Shutting down and abandoning module FacialAnimationEditor (276)
[2019.11.07-23.41.50:393][506]LogModuleManager: Shutting down and abandoning module FacialAnimation (274)
[2019.11.07-23.41.50:393][506]LogModuleManager: Shutting down and abandoning module DataValidation (272)
[2019.11.07-23.41.50:393][506]LogModuleManager: Shutting down and abandoning module AssetManagerEditor (270)
[2019.11.07-23.41.50:393][506]LogModuleManager: Shutting down and abandoning module LevelEditor (269)
[2019.11.07-23.41.50:394][506]LogModuleManager: Shutting down and abandoning module PixelInspectorModule (268)
[2019.11.07-23.41.50:394][506]LogModuleManager: Shutting down and abandoning module CommonMenuExtensions (266)
[2019.11.07-23.41.50:394][506]LogModuleManager: Shutting down and abandoning module MainFrame (264)
[2019.11.07-23.41.50:394][506]LogModuleManager: Shutting down and abandoning module HotReload (263)
[2019.11.07-23.41.50:395][506]LogModuleManager: Shutting down and abandoning module ContentBrowser (259)
[2019.11.07-23.41.50:396][506]LogModuleManager: Shutting down and abandoning module TreeMap (257)
[2019.11.07-23.41.50:396][506]LogModuleManager: Shutting down and abandoning module AnimationSharing (254)
[2019.11.07-23.41.50:396][506]LogModuleManager: Shutting down and abandoning module LightPropagationVolumeRuntime (252)
[2019.11.07-23.41.50:396][506]LogModuleManager: Shutting down and abandoning module Paper2D (250)
[2019.11.07-23.41.50:396][506]LogModuleManager: Shutting down and abandoning module WindowsMoviePlayer (248)
[2019.11.07-23.41.50:399][506]LogModuleManager: Shutting down and abandoning module WebMMoviePlayer (246)
[2019.11.07-23.41.50:399][506]LogModuleManager: Shutting down and abandoning module NetworkReplayStreaming (244)
[2019.11.07-23.41.50:399][506]LogModuleManager: Shutting down and abandoning module PacketHandler (242)
[2019.11.07-23.41.50:399][506]LogModuleManager: Shutting down and abandoning module ClothingSystemEditor (240)
[2019.11.07-23.41.50:399][506]LogModuleManager: Shutting down and abandoning module ClothingSystemRuntime (238)
[2019.11.07-23.41.50:400][506]LogModuleManager: Shutting down and abandoning module MediaAssets (236)
[2019.11.07-23.41.50:400][506]LogModuleManager: Shutting down and abandoning module Overlay (234)
[2019.11.07-23.41.50:400][506]LogModuleManager: Shutting down and abandoning module OverlayEditor (233)
[2019.11.07-23.41.50:400][506]LogModuleManager: Shutting down and abandoning module VREditor (230)
[2019.11.07-23.41.50:401][506]LogModuleManager: Shutting down and abandoning module StringTableEditor (228)
[2019.11.07-23.41.50:401][506]LogModuleManager: Shutting down and abandoning module GameplayTasksEditor (226)
[2019.11.07-23.41.50:401][506]LogModuleManager: Shutting down and abandoning module BehaviorTreeEditor (224)
[2019.11.07-23.41.50:402][506]LogModuleManager: Shutting down and abandoning module FunctionalTesting (222)
[2019.11.07-23.41.50:402][506]LogModuleManager: Shutting down and abandoning module CollisionAnalyzer (220)
[2019.11.07-23.41.50:402][506]LogModuleManager: Shutting down and abandoning module WorkspaceMenuStructure (219)
[2019.11.07-23.41.50:402][506]LogModuleManager: Shutting down and abandoning module UMG (216)
[2019.11.07-23.41.50:402][506]LogModuleManager: Shutting down and abandoning module UMGEditor (215)
[2019.11.07-23.41.50:403][506]LogModuleManager: Shutting down and abandoning module Sequencer (214)
[2019.11.07-23.41.50:404][506]LogModuleManager: Shutting down and abandoning module MessageLog (211)
[2019.11.07-23.41.50:404][506]LogModuleManager: Shutting down and abandoning module SlateReflector (206)
[2019.11.07-23.41.50:405][506]LogModuleManager: Shutting down and abandoning module Slate (204)
[2019.11.07-23.41.50:405][506]LogModuleManager: Shutting down and abandoning module LandscapeEditorUtilities (202)
[2019.11.07-23.41.50:405][506]LogModuleManager: Shutting down and abandoning module EditorStyle (200)
[2019.11.07-23.41.50:407][506]LogModuleManager: Shutting down and abandoning module UnrealEd (198)
[2019.11.07-23.41.50:407][506]LogModuleManager: Shutting down and abandoning module MRMesh (196)
[2019.11.07-23.41.50:407][506]LogModuleManager: Shutting down and abandoning module SourceCodeAccess (194)
[2019.11.07-23.41.50:407][506]LogModuleManager: Shutting down and abandoning module HeadMountedDisplay (192)
[2019.11.07-23.41.50:407][506]LogModuleManager: Shutting down and abandoning module XAudio2 (190)
[2019.11.07-23.41.50:407][506]LogModuleManager: Shutting down and abandoning module Networking (188)
[2019.11.07-23.41.50:407][506]LogModuleManager: Shutting down and abandoning module Core (186)
[2019.11.07-23.41.50:407][506]LogModuleManager: Shutting down and abandoning module KismetCompiler (184)
[2019.11.07-23.41.50:407][506]LogModuleManager: Shutting down and abandoning module MeshUtilities (182)
[2019.11.07-23.41.50:407][506]LogModuleManager: Shutting down and abandoning module MeshMergeUtilities (181)
[2019.11.07-23.41.50:407][506]LogModuleManager: Shutting down and abandoning module MeshReductionInterface (180)
[2019.11.07-23.41.50:407][506]LogModuleManager: Shutting down and abandoning module SkeletalMeshReduction (179)
[2019.11.07-23.41.50:408][506]LogModuleManager: Shutting down and abandoning module ProxyLODMeshReduction (177)
[2019.11.07-23.41.50:408][506]LogModuleManager: Shutting down and abandoning module QuadricMeshReduction (175)
[2019.11.07-23.41.50:409][506]LogModuleManager: Shutting down and abandoning module MaterialBaking (171)
[2019.11.07-23.41.50:409][506]LogModuleManager: Shutting down and abandoning module NullInstallBundleManager (166)
[2019.11.07-23.41.50:409][506]LogModuleManager: Shutting down and abandoning module DerivedDataCache (164)
[2019.11.07-23.41.50:483][506]LogDerivedDataCache: Shutdown
[2019.11.07-23.41.50:483][506]LogModuleManager: Shutting down and abandoning module XGEController (162)
[2019.11.07-23.41.50:483][506]LogXGEController: Cleaning working directory: C:/Users/heide/AppData/Local/Temp/UnrealXGEWorkingDir/
[2019.11.07-23.41.50:483][506]LogModuleManager: Shutting down and abandoning module TargetPlatform (160)
[2019.11.07-23.41.50:483][506]LogModuleManager: Shutting down and abandoning module VulkanShaderFormat (159)
[2019.11.07-23.41.50:484][506]LogModuleManager: Shutting down and abandoning module ShaderFormatVectorVM (157)
[2019.11.07-23.41.50:484][506]LogModuleManager: Shutting down and abandoning module ShaderFormatOpenGL (155)
[2019.11.07-23.41.50:484][506]LogModuleManager: Shutting down and abandoning module ShaderFormatD3D (153)
[2019.11.07-23.41.50:484][506]LogModuleManager: Shutting down and abandoning module MetalShaderFormat (151)
[2019.11.07-23.41.50:484][506]LogModuleManager: Shutting down and abandoning module TextureFormatUncompressed (149)
[2019.11.07-23.41.50:484][506]LogModuleManager: Shutting down and abandoning module TextureFormatPVR (147)
[2019.11.07-23.41.50:484][506]LogModuleManager: Shutting down and abandoning module TextureFormatDXT (145)
[2019.11.07-23.41.50:485][506]LogModuleManager: Shutting down and abandoning module TextureFormatIntelISPCTexComp (143)
[2019.11.07-23.41.50:485][506]LogModuleManager: Shutting down and abandoning module TextureFormatASTC (141)
[2019.11.07-23.41.50:485][506]LogModuleManager: Shutting down and abandoning module ImageWrapper (140)
[2019.11.07-23.41.50:485][506]LogModuleManager: Shutting down and abandoning module TextureFormatAndroid (137)
[2019.11.07-23.41.50:485][506]LogModuleManager: Shutting down and abandoning module AudioFormatOpus (135)
[2019.11.07-23.41.50:485][506]LogModuleManager: Shutting down and abandoning module AudioFormatOgg (133)
[2019.11.07-23.41.50:485][506]LogModuleManager: Shutting down and abandoning module AudioFormatADPCM (131)
[2019.11.07-23.41.50:485][506]LogModuleManager: Shutting down and abandoning module LuminTargetPlatform (129)
[2019.11.07-23.41.50:486][506]LogModuleManager: Shutting down and abandoning module LinuxTargetPlatform (127)
[2019.11.07-23.41.50:486][506]LogModuleManager: Shutting down and abandoning module LinuxServerTargetPlatform (125)
[2019.11.07-23.41.50:486][506]LogModuleManager: Shutting down and abandoning module LinuxNoEditorTargetPlatform (123)
[2019.11.07-23.41.50:486][506]LogModuleManager: Shutting down and abandoning module LinuxClientTargetPlatform (121)
[2019.11.07-23.41.50:486][506]LogModuleManager: Shutting down and abandoning module TVOSTargetPlatform (119)
[2019.11.07-23.41.50:487][506]LogModuleManager: Shutting down and abandoning module Messaging (117)
[2019.11.07-23.41.50:487][506]LogModuleManager: Shutting down and abandoning module IOSTargetPlatform (115)
[2019.11.07-23.41.50:487][506]LogModuleManager: Shutting down and abandoning module HTML5TargetPlatform (113)
[2019.11.07-23.41.50:487][506]LogModuleManager: Shutting down and abandoning module AndroidTargetPlatform (111)
[2019.11.07-23.41.50:495][506]LogModuleManager: Shutting down and abandoning module WindowsTargetPlatform (109)
[2019.11.07-23.41.50:495][506]LogModuleManager: Shutting down and abandoning module WindowsServerTargetPlatform (107)
[2019.11.07-23.41.50:495][506]LogModuleManager: Shutting down and abandoning module WindowsNoEditorTargetPlatform (105)
[2019.11.07-23.41.50:495][506]LogModuleManager: Shutting down and abandoning module WindowsClientTargetPlatform (103)
[2019.11.07-23.41.50:495][506]LogModuleManager: Shutting down and abandoning module MacTargetPlatform (101)
[2019.11.07-23.41.50:495][506]LogModuleManager: Shutting down and abandoning module MacServerTargetPlatform (99)
[2019.11.07-23.41.50:495][506]LogModuleManager: Shutting down and abandoning module MacNoEditorTargetPlatform (97)
[2019.11.07-23.41.50:495][506]LogModuleManager: Shutting down and abandoning module MacClientTargetPlatform (95)
[2019.11.07-23.41.50:495][506]LogModuleManager: Shutting down and abandoning module AllDesktopTargetPlatform (93)
[2019.11.07-23.41.50:495][506]LogModuleManager: Shutting down and abandoning module InputCore (90)
[2019.11.07-23.41.50:495][506]LogModuleManager: Shutting down and abandoning module Settings (88)
[2019.11.07-23.41.50:495][506]LogModuleManager: Shutting down and abandoning module DirectoryWatcher (86)
[2019.11.07-23.41.50:495][506]LogModuleManager: Shutting down and abandoning module PhysXCooking (84)
[2019.11.07-23.41.50:495][506]LogModuleManager: Shutting down and abandoning module WindowsPlatformFeatures (82)
[2019.11.07-23.41.50:495][506]LogModuleManager: Shutting down and abandoning module GameplayMediaEncoder (81)
[2019.11.07-23.41.50:495][506]LogModuleManager: Shutting down and abandoning module ExampleDeviceProfileSelector (78)
[2019.11.07-23.41.50:495][506]LogModuleManager: Shutting down and abandoning module LauncherChunkInstaller (76)
[2019.11.07-23.41.50:495][506]LogModuleManager: Shutting down and abandoning module OnlineBlueprintSupport (74)
[2019.11.07-23.41.50:495][506]LogModuleManager: Shutting down and abandoning module OnlineSubsystem (70)
[2019.11.07-23.41.50:497][506]LogModuleManager: Shutting down and abandoning module XMPP (65)
[2019.11.07-23.41.50:497][506]LogModuleManager: Shutting down and abandoning module WebSockets (64)
[2019.11.07-23.41.50:533][506]LogModuleManager: Shutting down and abandoning module HTTP (61)
[2019.11.07-23.41.50:533][506]LogHttp: Display: Http module shutting down, but needs to wait on 1 outstanding Http requests:
[2019.11.07-23.41.50:533][506]LogHttp: Display: 	verb=[POST] url=[https://datarouter.ol.epicgames.com/datarouter/api/v1/public/data?SessionID=%7B51A1D68B-4B03-C701-CCBA-589C7C8BC631%7D&AppID=UEEditor.Rocket.Release&AppVersion=4.23.1-9631420%2B%2B%2BUE4%2BRelease-4.23&UserID=6717a9c540b3307cf63c3a9b212e9280%7C72f8c9394ff441cf95a00285d371b6c4%7Ca231785f-548e-4139-80b0-b77e5fcdb394&AppEnvironment=datacollector-binary&UploadType=eteventstream] status=Processing
[2019.11.07-23.41.50:543][506]LogModuleManager: Shutting down and abandoning module SSL (60)
[2019.11.07-23.41.50:544][506]LogModuleManager: Shutting down and abandoning module WmfMedia (56)
[2019.11.07-23.41.50:548][506]LogModuleManager: Shutting down and abandoning module Media (55)
[2019.11.07-23.41.50:550][506]LogModuleManager: Shutting down and abandoning module MagicLeap (52)
[2019.11.07-23.41.50:550][506]LogModuleManager: Shutting down and abandoning module DatasmithContent (50)
[2019.11.07-23.41.50:550][506]LogModuleManager: Shutting down and abandoning module AISupportModule (48)
[2019.11.07-23.41.50:550][506]LogModuleManager: Shutting down and abandoning module DesktopPlatform (46)
[2019.11.07-23.41.50:550][506]LogModuleManager: Shutting down and abandoning module PythonScriptPluginPreload (44)
[2019.11.07-23.41.50:550][506]LogModuleManager: Shutting down and abandoning module PlatformCryptoOpenSSL (42)
[2019.11.07-23.41.50:551][506]LogModuleManager: Shutting down and abandoning module PlatformCrypto (40)
[2019.11.07-23.41.50:551][506]LogModuleManager: Shutting down and abandoning module AnimationModifiers (38)
[2019.11.07-23.41.50:551][506]LogModuleManager: Shutting down and abandoning module PropertyEditor (37)
[2019.11.07-23.41.50:552][506]LogModuleManager: Shutting down and abandoning module AudioEditor (34)
[2019.11.07-23.41.50:553][506]LogModuleManager: Shutting down and abandoning module TextureCompressor (32)
[2019.11.07-23.41.50:553][506]LogModuleManager: Shutting down and abandoning module RenderCore (30)
[2019.11.07-23.41.50:553][506]LogModuleManager: Shutting down and abandoning module Landscape (28)
[2019.11.07-23.41.50:553][506]LogModuleManager: Shutting down and abandoning module SlateRHIRenderer (26)
[2019.11.07-23.41.50:554][506]LogModuleManager: Shutting down and abandoning module OpenGLDrv (24)
[2019.11.07-23.41.50:555][506]LogModuleManager: Shutting down and abandoning module D3D11RHI (22)
[2019.11.07-23.41.50:555][506]LogModuleManager: Shutting down and abandoning module AnimGraphRuntime (20)
[2019.11.07-23.41.50:555][506]LogModuleManager: Shutting down and abandoning module Renderer (18)
[2019.11.07-23.41.50:555][506]LogModuleManager: Shutting down and abandoning module Engine (16)
[2019.11.07-23.41.50:555][506]LogModuleManager: Shutting down and abandoning module CoreUObject (14)
[2019.11.07-23.41.50:555][506]LogModuleManager: Shutting down and abandoning module NetworkFile (12)
[2019.11.07-23.41.50:555][506]LogModuleManager: Shutting down and abandoning module CookedIterativeFile (10)
[2019.11.07-23.41.50:555][506]LogModuleManager: Shutting down and abandoning module StreamingFile (8)
[2019.11.07-23.41.50:555][506]LogModuleManager: Shutting down and abandoning module SandboxFile (6)
[2019.11.07-23.41.50:555][506]LogModuleManager: Shutting down and abandoning module PakFile (4)
[2019.11.07-23.41.50:556][506]LogModuleManager: Shutting down and abandoning module RSA (3)
[2019.11.07-23.41.50:557][506]LogD3D11RHI: Shutdown
[2019.11.07-23.41.50:557][506]LogD3D11RHI: CleanupD3DDevice
[2019.11.07-23.41.50:559][506]LogRendererCore: FGlobalDynamicReadBuffer::Cleanup()
[2019.11.07-23.41.50:559][506]LogRendererCore: FGlobalDynamicReadBuffer::Cleanup()
[2019.11.07-23.41.50:559][506]LogRendererCore: FGlobalDynamicReadBuffer::Cleanup()
[2019.11.07-23.41.50:676][506]LogD3D11RHI: ~FD3D11DynamicRHI
[2019.11.07-23.41.50:703][506]LogExit: Exiting.
[2019.11.07-23.41.50:728][506]Log file closed, 11/07/19 20:41:50
