Log file open, 11/07/19 20:53:26
LogWindows: Failed to load 'aqProf.dll' (GetLastError=126)
LogWindows: File 'aqProf.dll' does not exist
LogWindows: Failed to load 'VtuneApi.dll' (GetLastError=126)
LogWindows: File 'VtuneApi.dll' does not exist
LogWindows: Failed to load 'VtuneApi32e.dll' (GetLastError=126)
LogWindows: File 'VtuneApi32e.dll' does not exist
LogConsoleResponse: Display: Failed to find resolution value strings in scalability ini. Falling back to default.
LogInit: Display: Running engine for game: ggo
LogPlatformFile: Not using cached read wrapper
LogTaskGraph: Started task graph with 5 named threads and 23 total threads with 3 sets of task threads.
LogStats: Stats thread started at 0.341624
LogD3D11RHI: Loaded GFSDK_Aftermath_Lib.x64.dll
LogICUInternationalization: ICU TimeZone Detection - Raw Offset: -3:00, Platform Override: ''
LogPluginManager: Mounting plugin Paper2D
LogPluginManager: Mounting plugin AISupport
LogPluginManager: Mounting plugin LightPropagationVolume
LogPluginManager: Mounting plugin ActorLayerUtilities
LogPluginManager: Mounting plugin AnimationSharing
LogPluginManager: Mounting plugin CLionSourceCodeAccess
LogPluginManager: Mounting plugin CodeLiteSourceCodeAccess
LogPluginManager: Mounting plugin GitSourceControl
LogPluginManager: Mounting plugin KDevelopSourceCodeAccess
LogPluginManager: Mounting plugin NullSourceCodeAccess
LogPluginManager: Mounting plugin PerforceSourceControl
LogPluginManager: Mounting plugin SubversionSourceControl
LogPluginManager: Mounting plugin UObjectPlugin
LogPluginManager: Mounting plugin VisualStudioCodeSourceCodeAccess
LogPluginManager: Mounting plugin VisualStudioSourceCodeAccess
LogPluginManager: Mounting plugin XCodeSourceCodeAccess
LogPluginManager: Mounting plugin AssetManagerEditor
LogPluginManager: Mounting plugin CryptoKeys
LogPluginManager: Mounting plugin CurveEditorTools
LogPluginManager: Mounting plugin DataValidation
LogPluginManager: Mounting plugin EditorScriptingUtilities
LogPluginManager: Mounting plugin FacialAnimation
LogPluginManager: Mounting plugin GameplayTagsEditor
LogPluginManager: Mounting plugin GLTFImporter
LogPluginManager: Mounting plugin MacGraphicsSwitching
LogPluginManager: Mounting plugin MaterialAnalyzer
LogPluginManager: Mounting plugin MeshEditor
LogPluginManager: Mounting plugin MobileLauncherProfileWizard
LogPluginManager: Mounting plugin PluginBrowser
LogPluginManager: Mounting plugin SpeedTreeImporter
LogPluginManager: Mounting plugin DatasmithContent
LogPluginManager: Mounting plugin VariantManagerContent
LogPluginManager: Mounting plugin AlembicImporter
LogPluginManager: Mounting plugin AutomationUtils
LogPluginManager: Mounting plugin BackChannel
LogPluginManager: Mounting plugin BlastPlugin
LogPluginManager: Mounting plugin ChaosSolverPlugin
LogPluginManager: Mounting plugin CharacterAI
LogPluginManager: Mounting plugin DataPrepEditor
LogPluginManager: Mounting plugin GeometryCache
LogPluginManager: Mounting plugin GeometryCollectionPlugin
LogPluginManager: Mounting plugin HTML5Networking
LogPluginManager: Mounting plugin PlatformCrypto
LogPluginManager: Mounting plugin ProxyLODPlugin
LogPluginManager: Mounting plugin PythonScriptPlugin
LogPluginManager: Mounting plugin SkeletalReduction
LogPluginManager: Mounting plugin MagicLeap
LogPluginManager: Mounting plugin MagicLeapMedia
LogPluginManager: Mounting plugin AndroidMedia
LogPluginManager: Mounting plugin AvfMedia
LogPluginManager: Mounting plugin ImgMedia
LogPluginManager: Mounting plugin MediaCompositing
LogPluginManager: Mounting plugin MediaPlayerEditor
LogPluginManager: Mounting plugin WebMMedia
LogPluginManager: Mounting plugin WmfMedia
LogPluginManager: Mounting plugin TcpMessaging
LogPluginManager: Mounting plugin UdpMessaging
LogPluginManager: Mounting plugin ActorSequence
LogPluginManager: Mounting plugin LevelSequenceEditor
LogPluginManager: Mounting plugin MatineeToLevelSequence
LogPluginManager: Mounting plugin NetcodeUnitTest
LogPluginManager: Mounting plugin NUTUnrealEngine4
LogPluginManager: Mounting plugin OnlineSubsystemGooglePlay
LogPluginManager: Mounting plugin OnlineSubsystemIOS
LogPluginManager: Mounting plugin OnlineSubsystem
LogPluginManager: Mounting plugin OnlineSubsystemNull
LogPluginManager: Mounting plugin OnlineSubsystemUtils
LogPluginManager: Mounting plugin LauncherChunkInstaller
LogPluginManager: Mounting plugin AndroidDeviceProfileSelector
LogPluginManager: Mounting plugin AndroidMoviePlayer
LogPluginManager: Mounting plugin AndroidPermission
LogPluginManager: Mounting plugin AppleImageUtils
LogPluginManager: Mounting plugin AppleMoviePlayer
LogPluginManager: Mounting plugin ArchVisCharacter
LogPluginManager: Mounting plugin AudioCapture
LogPluginManager: Mounting plugin CableComponent
LogPluginManager: Mounting plugin CustomMeshComponent
LogPluginManager: Mounting plugin EditableMesh
LogPluginManager: Mounting plugin ExampleDeviceProfileSelector
LogPluginManager: Mounting plugin GoogleCloudMessaging
LogPluginManager: Mounting plugin IOSDeviceProfileSelector
LogPluginManager: Mounting plugin LinuxDeviceProfileSelector
LogPluginManager: Mounting plugin LocationServicesBPLibrary
LogPluginManager: Mounting plugin MobilePatchingUtils
LogPluginManager: Mounting plugin PhysXVehicles
LogPluginManager: Mounting plugin ProceduralMeshComponent
LogPluginManager: Mounting plugin RuntimePhysXCooking
LogPluginManager: Mounting plugin SignificanceManager
LogPluginManager: Mounting plugin WebMMoviePlayer
LogPluginManager: Mounting plugin WindowsMoviePlayer
LogPluginManager: Mounting plugin ScreenshotTools
LogPluginManager: Mounting plugin DatasmithC4DImporter
LogPluginManager: Mounting plugin DatasmithCADImporter
LogPluginManager: Mounting plugin DatasmithFBXImporter
LogPluginManager: Mounting plugin DatasmithGLTFImporter
LogPluginManager: Mounting plugin DatasmithIFCImporter
LogPluginManager: Mounting plugin DatasmithImporter
LogPluginManager: Mounting plugin MDLImporter
LogPluginManager: Mounting plugin StaticMeshEditorExtension
LogPluginManager: Mounting plugin VariantManager
LogInit: Using libcurl 7.55.1-DEV
LogInit:  - built for x86_64-pc-win32
LogInit:  - supports SSL with OpenSSL/1.1.1
LogInit:  - supports HTTP deflate (compression) using libz 1.2.8
LogInit:  - other features:
LogInit:      CURL_VERSION_SSL
LogInit:      CURL_VERSION_LIBZ
LogInit:      CURL_VERSION_IPV6
LogInit:      CURL_VERSION_ASYNCHDNS
LogInit:      CURL_VERSION_LARGEFILE
LogInit:      CURL_VERSION_IDN
LogInit:  CurlRequestOptions (configurable via config and command line):
LogInit:  - bVerifyPeer = true  - Libcurl will verify peer certificate
LogInit:  - bUseHttpProxy = false  - Libcurl will NOT use HTTP proxy
LogInit:  - bDontReuseConnections = false  - Libcurl will reuse connections
LogInit:  - MaxHostConnections = 16  - Libcurl will limit the number of connections to a host
LogInit:  - LocalHostAddr = Default
LogInit:  - BufferSize = 65536
LogOnline: OSS: Creating online subsystem instance for: NULL
LogInit: WinSock: version 1.1 (2.2), MaxSocks=32767, MaxUdp=65467
LogInit: Build: ++UE4+Release-4.23-CL-9631420
LogInit: Engine Version: 4.23.1-9631420+++UE4+Release-4.23
LogInit: Compatible Engine Version: 4.23.0-8386587+++UE4+Release-4.23
LogInit: Net CL: 8386587
LogInit: OS: Windows 10 (Release 1903) (), CPU: Intel(R) Core(TM) i7-7700HQ CPU @ 2.80GHz, GPU: Intel(R) HD Graphics 630
LogInit: Compiled (64-bit): Oct 18 2019 02:07:44
LogInit: Compiled with Visual C++: 19.16.27030.01
LogInit: Build Configuration: Development
LogInit: Branch Name: ++UE4+Release-4.23
LogInit: Command Line:  -skipcompile
LogInit: Base Directory: C:/UE_4.23/Engine/Binaries/Win64/
LogInit: Installed Engine Build: 1
LogDevObjectVersion: Number of dev versions registered: 23
LogDevObjectVersion:   Dev-Blueprints (B0D832E4-1F89-4F0D-ACCF-7EB736FD4AA2): 10
LogDevObjectVersion:   Dev-Build (E1C64328-A22C-4D53-A36C-8E866417BD8C): 0
LogDevObjectVersion:   Dev-Core (375EC13C-06E4-48FB-B500-84F0262A717E): 3
LogDevObjectVersion:   Dev-Editor (E4B068ED-F494-42E9-A231-DA0B2E46BB41): 34
LogDevObjectVersion:   Dev-Framework (CFFC743F-43B0-4480-9391-14DF171D2073): 35
LogDevObjectVersion:   Dev-Mobile (B02B49B5-BB20-44E9-A304-32B752E40360): 2
LogDevObjectVersion:   Dev-Networking (A4E4105C-59A1-49B5-A7C5-40C4547EDFEE): 0
LogDevObjectVersion:   Dev-Online (39C831C9-5AE6-47DC-9A44-9C173E1C8E7C): 0
LogDevObjectVersion:   Dev-Physics (78F01B33-EBEA-4F98-B9B4-84EACCB95AA2): 0
LogDevObjectVersion:   Dev-Platform (6631380F-2D4D-43E0-8009-CF276956A95A): 0
LogDevObjectVersion:   Dev-Rendering (12F88B9F-8875-4AFC-A67C-D90C383ABD29): 31
LogDevObjectVersion:   Dev-Sequencer (7B5AE74C-D270-4C10-A958-57980B212A5A): 11
LogDevObjectVersion:   Dev-VR (D7296918-1DD6-4BDD-9DE2-64A83CC13884): 2
LogDevObjectVersion:   Dev-LoadTimes (C2A15278-BFE7-4AFE-6C17-90FF531DF755): 1
LogDevObjectVersion:   Private-Geometry (6EACA3D4-40EC-4CC1-B786-8BED09428FC5): 3
LogDevObjectVersion:   Dev-AnimPhys (29E575DD-E0A3-4627-9D10-D276232CDCEA): 17
LogDevObjectVersion:   Dev-Anim (AF43A65D-7FD3-4947-9873-3E8ED9C1BB05): 2
LogDevObjectVersion:   Dev-ReflectionCapture (6B266CEC-1EC7-4B8F-A30B-E4D90942FC07): 1
LogDevObjectVersion:   Dev-Automation (0DF73D61-A23F-47EA-B727-89E90C41499A): 1
LogDevObjectVersion:   FortniteMain (601D1886-AC64-4F84-AA16-D3DE0DEAC7D6): 27
LogDevObjectVersion:   Dev-Enterprise (9DFFBCD6-494F-0158-E221-12823C92A888): 6
LogDevObjectVersion:   Dev-Niagara (F2AED0AC-9AFE-416F-8664-AA7FFA26D6FC): 1
LogDevObjectVersion:   Dev-Destruction (174F1F0B-B4C6-45A5-B13F-2EE8D0FB917D): 9
LogInit: Presizing for max 16777216 objects, including 0 objects not considered by GC, pre-allocating 0 bytes for permanent pool.
LogInit: Object subsystem initialized
LogConfig: Setting CVar [[con.DebugEarlyDefault:1]]
LogConfig: Setting CVar [[r.setres:1280x720]]
[2019.11.07-23.53.27:541][  0]LogConfig: Setting CVar [[r.VSync:0]]
[2019.11.07-23.53.27:541][  0]LogConfig: Setting CVar [[r.RHICmdBypass:0]]
[2019.11.07-23.53.27:541][  0]LogConfig: Applying CVar settings from Section [/Script/Engine.RendererSettings] File [E:/docs/projects/unreal/game_off/git_game_off/ggo 4.23/Saved/Config/Windows/Engine.ini]
[2019.11.07-23.53.27:541][  0]LogConfig: Setting CVar [[r.GPUCrashDebugging:0]]
[2019.11.07-23.53.27:541][  0]LogConfig: Applying CVar settings from Section [/Script/Engine.RendererOverrideSettings] File [E:/docs/projects/unreal/game_off/git_game_off/ggo 4.23/Saved/Config/Windows/Engine.ini]
[2019.11.07-23.53.27:541][  0]LogConfig: Applying CVar settings from Section [/Script/Engine.StreamingSettings] File [E:/docs/projects/unreal/game_off/git_game_off/ggo 4.23/Saved/Config/Windows/Engine.ini]
[2019.11.07-23.53.27:541][  0]LogConfig: Setting CVar [[s.MinBulkDataSizeForAsyncLoading:131072]]
[2019.11.07-23.53.27:541][  0]LogConfig: Setting CVar [[s.AsyncLoadingThreadEnabled:0]]
[2019.11.07-23.53.27:541][  0]LogConfig: Setting CVar [[s.EventDrivenLoaderEnabled:1]]
[2019.11.07-23.53.27:541][  0]LogConfig: Setting CVar [[s.WarnIfTimeLimitExceeded:0]]
[2019.11.07-23.53.27:551][  0]LogConfig: Setting CVar [[s.TimeLimitExceededMultiplier:1.5]]
[2019.11.07-23.53.27:551][  0]LogConfig: Setting CVar [[s.TimeLimitExceededMinTime:0.005]]
[2019.11.07-23.53.27:551][  0]LogConfig: Setting CVar [[s.UseBackgroundLevelStreaming:1]]
[2019.11.07-23.53.27:551][  0]LogConfig: Setting CVar [[s.PriorityAsyncLoadingExtraTime:15.0]]
[2019.11.07-23.53.27:551][  0]LogConfig: Setting CVar [[s.LevelStreamingActorsUpdateTimeLimit:5.0]]
[2019.11.07-23.53.27:551][  0]LogConfig: Setting CVar [[s.PriorityLevelStreamingActorsUpdateExtraTime:5.0]]
[2019.11.07-23.53.27:551][  0]LogConfig: Setting CVar [[s.LevelStreamingComponentsRegistrationGranularity:10]]
[2019.11.07-23.53.27:551][  0]LogConfig: Setting CVar [[s.UnregisterComponentsTimeLimit:1.0]]
[2019.11.07-23.53.27:551][  0]LogConfig: Setting CVar [[s.LevelStreamingComponentsUnregistrationGranularity:5]]
[2019.11.07-23.53.27:551][  0]LogConfig: Applying CVar settings from Section [/Script/Engine.GarbageCollectionSettings] File [E:/docs/projects/unreal/game_off/git_game_off/ggo 4.23/Saved/Config/Windows/Engine.ini]
[2019.11.07-23.53.27:551][  0]LogConfig: Setting CVar [[gc.MaxObjectsNotConsideredByGC:1]]
[2019.11.07-23.53.27:551][  0]LogConfig: Setting CVar [[gc.SizeOfPermanentObjectPool:0]]
[2019.11.07-23.53.27:551][  0]LogConfig: Setting CVar [[gc.FlushStreamingOnGC:0]]
[2019.11.07-23.53.27:551][  0]LogConfig: Setting CVar [[gc.NumRetriesBeforeForcingGC:10]]
[2019.11.07-23.53.27:551][  0]LogConfig: Setting CVar [[gc.AllowParallelGC:1]]
[2019.11.07-23.53.27:551][  0]LogConfig: Setting CVar [[gc.TimeBetweenPurgingPendingKillObjects:61.1]]
[2019.11.07-23.53.27:551][  0]LogConfig: Setting CVar [[gc.MaxObjectsInEditor:16777216]]
[2019.11.07-23.53.27:551][  0]LogConfig: Setting CVar [[gc.IncrementalBeginDestroyEnabled:1]]
[2019.11.07-23.53.27:551][  0]LogConfig: Setting CVar [[gc.CreateGCClusters:1]]
[2019.11.07-23.53.27:551][  0]LogConfig: Setting CVar [[gc.MinGCClusterSize:5]]
[2019.11.07-23.53.27:551][  0]LogConfig: Setting CVar [[gc.ActorClusteringEnabled:0]]
[2019.11.07-23.53.27:551][  0]LogConfig: Setting CVar [[gc.BlueprintClusteringEnabled:0]]
[2019.11.07-23.53.27:551][  0]LogConfig: Setting CVar [[gc.UseDisregardForGCOnDedicatedServers:0]]
[2019.11.07-23.53.27:551][  0]LogConfig: Applying CVar settings from Section [/Script/Engine.NetworkSettings] File [E:/docs/projects/unreal/game_off/git_game_off/ggo 4.23/Saved/Config/Windows/Engine.ini]
[2019.11.07-23.53.27:551][  0]LogConfig: Applying CVar settings from Section [/Script/UnrealEd.CookerSettings] File [E:/docs/projects/unreal/game_off/git_game_off/ggo 4.23/Saved/Config/Windows/Engine.ini]
[2019.11.07-23.53.27:572][  0]LogConfig: Applying CVar settings from Section [ViewDistanceQuality@3] File [E:/docs/projects/unreal/game_off/git_game_off/ggo 4.23/Saved/Config/Windows/Scalability.ini]
[2019.11.07-23.53.27:572][  0]LogConfig: Setting CVar [[r.SkeletalMeshLODBias:0]]
[2019.11.07-23.53.27:572][  0]LogConfig: Setting CVar [[r.ViewDistanceScale:1.0]]
[2019.11.07-23.53.27:573][  0]LogConfig: Applying CVar settings from Section [AntiAliasingQuality@3] File [E:/docs/projects/unreal/game_off/git_game_off/ggo 4.23/Saved/Config/Windows/Scalability.ini]
[2019.11.07-23.53.27:573][  0]LogConfig: Setting CVar [[r.PostProcessAAQuality:4]]
[2019.11.07-23.53.27:573][  0]LogConfig: Applying CVar settings from Section [ShadowQuality@3] File [E:/docs/projects/unreal/game_off/git_game_off/ggo 4.23/Saved/Config/Windows/Scalability.ini]
[2019.11.07-23.53.27:573][  0]LogConfig: Setting CVar [[r.LightFunctionQuality:1]]
[2019.11.07-23.53.27:573][  0]LogConfig: Setting CVar [[r.ShadowQuality:5]]
[2019.11.07-23.53.27:573][  0]LogConfig: Setting CVar [[r.Shadow.CSM.MaxCascades:10]]
[2019.11.07-23.53.27:573][  0]LogConfig: Setting CVar [[r.Shadow.MaxResolution:2048]]
[2019.11.07-23.53.27:573][  0]LogConfig: Setting CVar [[r.Shadow.MaxCSMResolution:2048]]
[2019.11.07-23.53.27:573][  0]LogConfig: Setting CVar [[r.Shadow.RadiusThreshold:0.01]]
[2019.11.07-23.53.27:573][  0]LogConfig: Setting CVar [[r.Shadow.DistanceScale:1.0]]
[2019.11.07-23.53.27:574][  0]LogConfig: Setting CVar [[r.Shadow.CSM.TransitionScale:1.0]]
[2019.11.07-23.53.27:574][  0]LogConfig: Setting CVar [[r.Shadow.PreShadowResolutionFactor:1.0]]
[2019.11.07-23.53.27:574][  0]LogConfig: Setting CVar [[r.DistanceFieldShadowing:1]]
[2019.11.07-23.53.27:574][  0]LogConfig: Setting CVar [[r.DistanceFieldAO:1]]
[2019.11.07-23.53.27:574][  0]LogConfig: Setting CVar [[r.AOQuality:2]]
[2019.11.07-23.53.27:574][  0]LogConfig: Setting CVar [[r.VolumetricFog:1]]
[2019.11.07-23.53.27:574][  0]LogConfig: Setting CVar [[r.VolumetricFog.GridPixelSize:8]]
[2019.11.07-23.53.27:574][  0]LogConfig: Setting CVar [[r.VolumetricFog.GridSizeZ:128]]
[2019.11.07-23.53.27:575][  0]LogConfig: Setting CVar [[r.VolumetricFog.HistoryMissSupersampleCount:4]]
[2019.11.07-23.53.27:575][  0]LogConfig: Setting CVar [[r.LightMaxDrawDistanceScale:1]]
[2019.11.07-23.53.27:575][  0]LogConfig: Setting CVar [[r.CapsuleShadows:1]]
[2019.11.07-23.53.27:575][  0]LogConfig: Applying CVar settings from Section [PostProcessQuality@3] File [E:/docs/projects/unreal/game_off/git_game_off/ggo 4.23/Saved/Config/Windows/Scalability.ini]
[2019.11.07-23.53.27:575][  0]LogConfig: Setting CVar [[r.MotionBlurQuality:4]]
[2019.11.07-23.53.27:575][  0]LogConfig: Setting CVar [[r.AmbientOcclusionMipLevelFactor:0.4]]
[2019.11.07-23.53.27:575][  0]LogConfig: Setting CVar [[r.AmbientOcclusionMaxQuality:100]]
[2019.11.07-23.53.27:575][  0]LogConfig: Setting CVar [[r.AmbientOcclusionLevels:-1]]
[2019.11.07-23.53.27:575][  0]LogConfig: Setting CVar [[r.AmbientOcclusionRadiusScale:1.0]]
[2019.11.07-23.53.27:575][  0]LogConfig: Setting CVar [[r.DepthOfFieldQuality:2]]
[2019.11.07-23.53.27:575][  0]LogConfig: Setting CVar [[r.RenderTargetPoolMin:400]]
[2019.11.07-23.53.27:576][  0]LogConfig: Setting CVar [[r.LensFlareQuality:2]]
[2019.11.07-23.53.27:576][  0]LogConfig: Setting CVar [[r.SceneColorFringeQuality:1]]
[2019.11.07-23.53.27:576][  0]LogConfig: Setting CVar [[r.EyeAdaptationQuality:2]]
[2019.11.07-23.53.27:576][  0]LogConfig: Setting CVar [[r.BloomQuality:5]]
[2019.11.07-23.53.27:576][  0]LogConfig: Setting CVar [[r.FastBlurThreshold:100]]
[2019.11.07-23.53.27:576][  0]LogConfig: Setting CVar [[r.Upscale.Quality:3]]
[2019.11.07-23.53.27:576][  0]LogConfig: Setting CVar [[r.Tonemapper.GrainQuantization:1]]
[2019.11.07-23.53.27:576][  0]LogConfig: Setting CVar [[r.LightShaftQuality:1]]
[2019.11.07-23.53.27:576][  0]LogConfig: Setting CVar [[r.Filter.SizeScale:1]]
[2019.11.07-23.53.27:576][  0]LogConfig: Setting CVar [[r.Tonemapper.Quality:5]]
[2019.11.07-23.53.27:576][  0]LogConfig: Setting CVar [[r.DOF.Gather.AccumulatorQuality:1        ; higher gathering accumulator quality]]
[2019.11.07-23.53.27:576][  0]LogConfig: Setting CVar [[r.DOF.Gather.PostfilterMethod:1          ; Median3x3 postfilering method]]
[2019.11.07-23.53.27:576][  0]LogConfig: Setting CVar [[r.DOF.Gather.EnableBokehSettings:0       ; no bokeh simulation when gathering]]
[2019.11.07-23.53.27:576][  0]LogConfig: Setting CVar [[r.DOF.Gather.RingCount:4                 ; medium number of samples when gathering]]
[2019.11.07-23.53.27:577][  0]LogConfig: Setting CVar [[r.DOF.Scatter.ForegroundCompositing:1    ; additive foreground scattering]]
[2019.11.07-23.53.27:577][  0]LogConfig: Setting CVar [[r.DOF.Scatter.BackgroundCompositing:2    ; additive background scattering]]
[2019.11.07-23.53.27:577][  0]LogConfig: Setting CVar [[r.DOF.Scatter.EnableBokehSettings:1      ; bokeh simulation when scattering]]
[2019.11.07-23.53.27:577][  0]LogConfig: Setting CVar [[r.DOF.Scatter.MaxSpriteRatio:0.1         ; only a maximum of 10% of scattered bokeh]]
[2019.11.07-23.53.27:577][  0]LogConfig: Setting CVar [[r.DOF.Recombine.Quality:1                ; cheap slight out of focus]]
[2019.11.07-23.53.27:577][  0]LogConfig: Setting CVar [[r.DOF.Recombine.EnableBokehSettings:0    ; no bokeh simulation on slight out of focus]]
[2019.11.07-23.53.27:577][  0]LogConfig: Setting CVar [[r.DOF.TemporalAAQuality:1                ; more stable temporal accumulation]]
[2019.11.07-23.53.27:577][  0]LogConfig: Setting CVar [[r.DOF.Kernel.MaxForegroundRadius:0.025]]
[2019.11.07-23.53.27:577][  0]LogConfig: Setting CVar [[r.DOF.Kernel.MaxBackgroundRadius:0.025]]
[2019.11.07-23.53.27:577][  0]LogConfig: Applying CVar settings from Section [TextureQuality@3] File [E:/docs/projects/unreal/game_off/git_game_off/ggo 4.23/Saved/Config/Windows/Scalability.ini]
[2019.11.07-23.53.27:577][  0]LogConfig: Setting CVar [[r.Streaming.MipBias:0]]
[2019.11.07-23.53.27:577][  0]LogConfig: Setting CVar [[r.Streaming.AmortizeCPUToGPUCopy:0]]
[2019.11.07-23.53.27:578][  0]LogConfig: Setting CVar [[r.Streaming.MaxNumTexturesToStreamPerFrame:0]]
[2019.11.07-23.53.27:578][  0]LogConfig: Setting CVar [[r.Streaming.Boost:1]]
[2019.11.07-23.53.27:578][  0]LogConfig: Setting CVar [[r.MaxAnisotropy:8]]
[2019.11.07-23.53.27:578][  0]LogConfig: Setting CVar [[r.Streaming.LimitPoolSizeToVRAM:0]]
[2019.11.07-23.53.27:578][  0]LogConfig: Setting CVar [[r.Streaming.PoolSize:1000]]
[2019.11.07-23.53.27:578][  0]LogConfig: Setting CVar [[r.Streaming.MaxEffectiveScreenSize:0]]
[2019.11.07-23.53.27:578][  0]LogConfig: Applying CVar settings from Section [EffectsQuality@3] File [E:/docs/projects/unreal/game_off/git_game_off/ggo 4.23/Saved/Config/Windows/Scalability.ini]
[2019.11.07-23.53.27:578][  0]LogConfig: Setting CVar [[r.TranslucencyLightingVolumeDim:64]]
[2019.11.07-23.53.27:578][  0]LogConfig: Setting CVar [[r.RefractionQuality:2]]
[2019.11.07-23.53.27:578][  0]LogConfig: Setting CVar [[r.SSR.Quality:3]]
[2019.11.07-23.53.27:578][  0]LogConfig: Setting CVar [[r.SceneColorFormat:4]]
[2019.11.07-23.53.27:578][  0]LogConfig: Setting CVar [[r.DetailMode:2]]
[2019.11.07-23.53.27:578][  0]LogConfig: Setting CVar [[r.TranslucencyVolumeBlur:1]]
[2019.11.07-23.53.27:579][  0]LogConfig: Setting CVar [[r.MaterialQualityLevel:1 ; High quality]]
[2019.11.07-23.53.27:579][  0]LogConfig: Setting CVar [[r.SSS.Scale:1]]
[2019.11.07-23.53.27:579][  0]LogConfig: Setting CVar [[r.SSS.SampleSet:2]]
[2019.11.07-23.53.27:579][  0]LogConfig: Setting CVar [[r.SSS.Quality:1]]
[2019.11.07-23.53.27:579][  0]LogConfig: Setting CVar [[r.SSS.HalfRes:1]]
[2019.11.07-23.53.27:579][  0]LogConfig: Setting CVar [[r.EmitterSpawnRateScale:1.0]]
[2019.11.07-23.53.27:579][  0]LogConfig: Setting CVar [[r.ParticleLightQuality:2]]
[2019.11.07-23.53.27:580][  0]LogConfig: Applying CVar settings from Section [FoliageQuality@3] File [E:/docs/projects/unreal/game_off/git_game_off/ggo 4.23/Saved/Config/Windows/Scalability.ini]
[2019.11.07-23.53.27:580][  0]LogConfig: Setting CVar [[foliage.DensityScale:1.0]]
[2019.11.07-23.53.27:580][  0]LogConfig: Setting CVar [[grass.DensityScale:1.0]]
[2019.11.07-23.53.27:580][  0]LogInit: Selected Device Profile: [Windows]
[2019.11.07-23.53.27:580][  0]LogInit: Applying CVar settings loaded from the selected device profile: [Windows]
[2019.11.07-23.53.27:591][  0]LogHAL: Display: Platform has ~ 16 GB [17060036608 / 17179869184 / 16], which maps to Larger [LargestMinGB=32, LargerMinGB=12, DefaultMinGB=8, SmallerMinGB=6, SmallestMinGB=0)
[2019.11.07-23.53.27:591][  0]LogInit: Going up to parent DeviceProfile []
[2019.11.07-23.53.27:591][  0]LogConfig: Applying CVar settings from Section [ViewDistanceQuality@2] File [E:/docs/projects/unreal/game_off/git_game_off/ggo 4.23/Saved/Config/Windows/Scalability.ini]
[2019.11.07-23.53.27:591][  0]LogConfig: Setting CVar [[r.SkeletalMeshLODBias:0]]
[2019.11.07-23.53.27:591][  0]LogConfig: Setting CVar [[r.ViewDistanceScale:0.8]]
[2019.11.07-23.53.27:591][  0]LogConfig: Applying CVar settings from Section [AntiAliasingQuality@2] File [E:/docs/projects/unreal/game_off/git_game_off/ggo 4.23/Saved/Config/Windows/Scalability.ini]
[2019.11.07-23.53.27:591][  0]LogConfig: Setting CVar [[r.PostProcessAAQuality:3]]
[2019.11.07-23.53.27:591][  0]LogConfig: Applying CVar settings from Section [ShadowQuality@2] File [E:/docs/projects/unreal/game_off/git_game_off/ggo 4.23/Saved/Config/Windows/Scalability.ini]
[2019.11.07-23.53.27:591][  0]LogConfig: Setting CVar [[r.LightFunctionQuality:1]]
[2019.11.07-23.53.27:591][  0]LogConfig: Setting CVar [[r.ShadowQuality:5]]
[2019.11.07-23.53.27:591][  0]LogConfig: Setting CVar [[r.Shadow.CSM.MaxCascades:4]]
[2019.11.07-23.53.27:591][  0]LogConfig: Setting CVar [[r.Shadow.MaxResolution:1024]]
[2019.11.07-23.53.27:591][  0]LogConfig: Setting CVar [[r.Shadow.MaxCSMResolution:2048]]
[2019.11.07-23.53.27:591][  0]LogConfig: Setting CVar [[r.Shadow.RadiusThreshold:0.04]]
[2019.11.07-23.53.27:591][  0]LogConfig: Setting CVar [[r.Shadow.DistanceScale:0.85]]
[2019.11.07-23.53.27:591][  0]LogConfig: Setting CVar [[r.Shadow.CSM.TransitionScale:0.8]]
[2019.11.07-23.53.27:591][  0]LogConfig: Setting CVar [[r.Shadow.PreShadowResolutionFactor:0.5]]
[2019.11.07-23.53.27:591][  0]LogConfig: Setting CVar [[r.DistanceFieldShadowing:1]]
[2019.11.07-23.53.27:591][  0]LogConfig: Setting CVar [[r.DistanceFieldAO:1]]
[2019.11.07-23.53.27:591][  0]LogConfig: Setting CVar [[r.AOQuality:1]]
[2019.11.07-23.53.27:591][  0]LogConfig: Setting CVar [[r.VolumetricFog:1]]
[2019.11.07-23.53.27:591][  0]LogConfig: Setting CVar [[r.VolumetricFog.GridPixelSize:16]]
[2019.11.07-23.53.27:591][  0]LogConfig: Setting CVar [[r.VolumetricFog.GridSizeZ:64]]
[2019.11.07-23.53.27:591][  0]LogConfig: Setting CVar [[r.VolumetricFog.HistoryMissSupersampleCount:4]]
[2019.11.07-23.53.27:591][  0]LogConfig: Setting CVar [[r.LightMaxDrawDistanceScale:1]]
[2019.11.07-23.53.27:591][  0]LogConfig: Setting CVar [[r.CapsuleShadows:1]]
[2019.11.07-23.53.27:591][  0]LogConfig: Applying CVar settings from Section [PostProcessQuality@2] File [E:/docs/projects/unreal/game_off/git_game_off/ggo 4.23/Saved/Config/Windows/Scalability.ini]
[2019.11.07-23.53.27:591][  0]LogConfig: Setting CVar [[r.MotionBlurQuality:3]]
[2019.11.07-23.53.27:591][  0]LogConfig: Setting CVar [[r.AmbientOcclusionMipLevelFactor:0.6]]
[2019.11.07-23.53.27:591][  0]LogConfig: Setting CVar [[r.AmbientOcclusionMaxQuality:100]]
[2019.11.07-23.53.27:591][  0]LogConfig: Setting CVar [[r.AmbientOcclusionLevels:-1]]
[2019.11.07-23.53.27:591][  0]LogConfig: Setting CVar [[r.AmbientOcclusionRadiusScale:1.5]]
[2019.11.07-23.53.27:591][  0]LogConfig: Setting CVar [[r.DepthOfFieldQuality:2]]
[2019.11.07-23.53.27:591][  0]LogConfig: Setting CVar [[r.RenderTargetPoolMin:400]]
[2019.11.07-23.53.27:591][  0]LogConfig: Setting CVar [[r.LensFlareQuality:2]]
[2019.11.07-23.53.27:591][  0]LogConfig: Setting CVar [[r.SceneColorFringeQuality:1]]
[2019.11.07-23.53.27:591][  0]LogConfig: Setting CVar [[r.EyeAdaptationQuality:2]]
[2019.11.07-23.53.27:591][  0]LogConfig: Setting CVar [[r.BloomQuality:5]]
[2019.11.07-23.53.27:591][  0]LogConfig: Setting CVar [[r.FastBlurThreshold:3]]
[2019.11.07-23.53.27:591][  0]LogConfig: Setting CVar [[r.Upscale.Quality:2]]
[2019.11.07-23.53.27:591][  0]LogConfig: Setting CVar [[r.Tonemapper.GrainQuantization:1]]
[2019.11.07-23.53.27:591][  0]LogConfig: Setting CVar [[r.LightShaftQuality:1]]
[2019.11.07-23.53.27:591][  0]LogConfig: Setting CVar [[r.Filter.SizeScale:0.8]]
[2019.11.07-23.53.27:591][  0]LogConfig: Setting CVar [[r.Tonemapper.Quality:5]]
[2019.11.07-23.53.27:591][  0]LogConfig: Setting CVar [[r.DOF.Gather.AccumulatorQuality:0        ; lower gathering accumulator quality]]
[2019.11.07-23.53.27:591][  0]LogConfig: Setting CVar [[r.DOF.Gather.PostfilterMethod:2          ; Max3x3 postfilering method]]
[2019.11.07-23.53.27:591][  0]LogConfig: Setting CVar [[r.DOF.Gather.EnableBokehSettings:0       ; no bokeh simulation when gathering]]
[2019.11.07-23.53.27:591][  0]LogConfig: Setting CVar [[r.DOF.Gather.RingCount:4                 ; medium number of samples when gathering]]
[2019.11.07-23.53.27:591][  0]LogConfig: Setting CVar [[r.DOF.Scatter.ForegroundCompositing:1    ; additive foreground scattering]]
[2019.11.07-23.53.27:591][  0]LogConfig: Setting CVar [[r.DOF.Scatter.BackgroundCompositing:1    ; no background occlusion]]
[2019.11.07-23.53.27:591][  0]LogConfig: Setting CVar [[r.DOF.Scatter.EnableBokehSettings:0      ; no bokeh simulation when scattering]]
[2019.11.07-23.53.27:591][  0]LogConfig: Setting CVar [[r.DOF.Scatter.MaxSpriteRatio:0.04        ; only a maximum of 4% of scattered bokeh]]
[2019.11.07-23.53.27:591][  0]LogConfig: Setting CVar [[r.DOF.Recombine.Quality:0                ; no slight out of focus]]
[2019.11.07-23.53.27:591][  0]LogConfig: Setting CVar [[r.DOF.TemporalAAQuality:0                ; faster temporal accumulation]]
[2019.11.07-23.53.27:591][  0]LogConfig: Setting CVar [[r.DOF.Kernel.MaxForegroundRadius:0.012   ; required because of AccumulatorQuality=0]]
[2019.11.07-23.53.27:591][  0]LogConfig: Setting CVar [[r.DOF.Kernel.MaxBackgroundRadius:0.012   ; required because of AccumulatorQuality=0]]
[2019.11.07-23.53.27:591][  0]LogConfig: Applying CVar settings from Section [TextureQuality@2] File [E:/docs/projects/unreal/game_off/git_game_off/ggo 4.23/Saved/Config/Windows/Scalability.ini]
[2019.11.07-23.53.27:591][  0]LogConfig: Setting CVar [[r.Streaming.MipBias:0]]
[2019.11.07-23.53.27:591][  0]LogConfig: Setting CVar [[r.Streaming.AmortizeCPUToGPUCopy:0]]
[2019.11.07-23.53.27:591][  0]LogConfig: Setting CVar [[r.Streaming.MaxNumTexturesToStreamPerFrame:0]]
[2019.11.07-23.53.27:591][  0]LogConfig: Setting CVar [[r.Streaming.Boost:1]]
[2019.11.07-23.53.27:591][  0]LogConfig: Setting CVar [[r.MaxAnisotropy:4]]
[2019.11.07-23.53.27:591][  0]LogConfig: Setting CVar [[r.Streaming.LimitPoolSizeToVRAM:1]]
[2019.11.07-23.53.27:591][  0]LogConfig: Setting CVar [[r.Streaming.PoolSize:800]]
[2019.11.07-23.53.27:591][  0]LogConfig: Setting CVar [[r.Streaming.MaxEffectiveScreenSize:0]]
[2019.11.07-23.53.27:591][  0]LogConfig: Applying CVar settings from Section [EffectsQuality@2] File [E:/docs/projects/unreal/game_off/git_game_off/ggo 4.23/Saved/Config/Windows/Scalability.ini]
[2019.11.07-23.53.27:591][  0]LogConfig: Setting CVar [[r.TranslucencyLightingVolumeDim:48]]
[2019.11.07-23.53.27:591][  0]LogConfig: Setting CVar [[r.RefractionQuality:2]]
[2019.11.07-23.53.27:591][  0]LogConfig: Setting CVar [[r.SSR.Quality:2]]
[2019.11.07-23.53.27:591][  0]LogConfig: Setting CVar [[r.SceneColorFormat:3]]
[2019.11.07-23.53.27:591][  0]LogConfig: Setting CVar [[r.DetailMode:1]]
[2019.11.07-23.53.27:591][  0]LogConfig: Setting CVar [[r.TranslucencyVolumeBlur:1]]
[2019.11.07-23.53.27:591][  0]LogConfig: Setting CVar [[r.MaterialQualityLevel:1 ; High quality]]
[2019.11.07-23.53.27:591][  0]LogConfig: Setting CVar [[r.SSS.Scale:1]]
[2019.11.07-23.53.27:591][  0]LogConfig: Setting CVar [[r.SSS.SampleSet:1]]
[2019.11.07-23.53.27:591][  0]LogConfig: Setting CVar [[r.SSS.Quality:-1]]
[2019.11.07-23.53.27:591][  0]LogConfig: Setting CVar [[r.SSS.HalfRes:1]]
[2019.11.07-23.53.27:591][  0]LogConfig: Setting CVar [[r.EmitterSpawnRateScale:0.5]]
[2019.11.07-23.53.27:591][  0]LogConfig: Setting CVar [[r.ParticleLightQuality:1]]
[2019.11.07-23.53.27:591][  0]LogConfig: Applying CVar settings from Section [FoliageQuality@3] File [E:/docs/projects/unreal/game_off/git_game_off/ggo 4.23/Saved/Config/Windows/Scalability.ini]
[2019.11.07-23.53.27:591][  0]LogConfig: Setting CVar [[foliage.DensityScale:1.0]]
[2019.11.07-23.53.27:591][  0]LogConfig: Setting CVar [[grass.DensityScale:1.0]]
[2019.11.07-23.53.27:591][  0]LogConfig: Applying CVar settings from Section [Startup] File [../../../Engine/Config/ConsoleVariables.ini]
[2019.11.07-23.53.27:601][  0]LogConfig: Setting CVar [[net.UseAdaptiveNetUpdateFrequency:0]]
[2019.11.07-23.53.27:601][  0]LogConfig: Setting CVar [[p.chaos.AllowCreatePhysxBodies:1]]
[2019.11.07-23.53.27:601][  0]LogConfig: Applying CVar settings from Section [ConsoleVariables] File [E:/docs/projects/unreal/game_off/git_game_off/ggo 4.23/Saved/Config/Windows/Engine.ini]
[2019.11.07-23.53.27:602][  0]LogInit: Computer: DESKTOP-ALT3N70
[2019.11.07-23.53.27:602][  0]LogInit: User: heide
[2019.11.07-23.53.27:602][  0]LogInit: CPU Page size=4096, Cores=4
[2019.11.07-23.53.27:602][  0]LogInit: High frequency timer resolution =10.000000 MHz
[2019.11.07-23.53.27:603][  0]LogMemory: Memory total: Physical=15.9GB (16GB approx)
[2019.11.07-23.53.27:603][  0]LogMemory: Platform Memory Stats for Windows
[2019.11.07-23.53.27:603][  0]LogMemory: Process Physical Memory: 101.00 MB used, 101.00 MB peak
[2019.11.07-23.53.27:603][  0]LogMemory: Process Virtual Memory: 101.23 MB used, 101.23 MB peak
[2019.11.07-23.53.27:603][  0]LogMemory: Physical Memory: 10290.37 MB used,  5979.35 MB free, 16269.72 MB total
[2019.11.07-23.53.27:603][  0]LogMemory: Virtual Memory: 4671.78 MB used,  134213056.00 MB free, 134217728.00 MB total
[2019.11.07-23.53.27:621][  0]LogWindows: WindowsPlatformFeatures enabled
[2019.11.07-23.53.28:086][  0]LogInit: Using OS detected language (en-US).
[2019.11.07-23.53.28:086][  0]LogInit: Using OS detected locale (en-US).
[2019.11.07-23.53.28:089][  0]LogTextLocalizationManager: No specific localization for 'en-US' exists, so the 'en' localization will be used.
[2019.11.07-23.53.28:457][  0]LogInit: Setting process to per monitor DPI aware
[2019.11.07-23.53.28:630][  0]LogSlate: New Slate User Created.  User Index 0, Is Virtual User: 0
[2019.11.07-23.53.28:630][  0]LogSlate: Slate User Registered.  User Index 0, Is Virtual User: 0
[2019.11.07-23.53.32:495][  0]LogD3D11RHI: D3D11 adapters:
[2019.11.07-23.53.32:964][  0]LogD3D11RHI:    0. 'NVIDIA GeForce GTX 1050' (Feature Level 11_0)
[2019.11.07-23.53.32:964][  0]LogD3D11RHI:       4019/0/8134 MB DedicatedVideo/DedicatedSystem/SharedSystem, Outputs:2, VendorId:0x10de
[2019.11.07-23.53.33:007][  0]LogD3D11RHI:    1. 'Intel(R) HD Graphics 630' (Feature Level 11_0)
[2019.11.07-23.53.33:008][  0]LogD3D11RHI:       128/0/8134 MB DedicatedVideo/DedicatedSystem/SharedSystem, Outputs:0, VendorId:0x8086
[2019.11.07-23.53.33:020][  0]LogD3D11RHI:    2. 'Microsoft Basic Render Driver' (Feature Level 11_0)
[2019.11.07-23.53.33:020][  0]LogD3D11RHI:       0/0/8134 MB DedicatedVideo/DedicatedSystem/SharedSystem, Outputs:0, VendorId:0x1414
[2019.11.07-23.53.33:020][  0]LogD3D11RHI: Chosen D3D11 Adapter: 0
[2019.11.07-23.53.33:068][  0]LogD3D11RHI: Creating new Direct3DDevice
[2019.11.07-23.53.33:068][  0]LogD3D11RHI:     GPU DeviceId: 0x1c8d (for the marketing name, search the web for "GPU Device Id")
[2019.11.07-23.53.33:068][  0]LogWindows: EnumDisplayDevices:
[2019.11.07-23.53.33:069][  0]LogWindows:    0. 'Intel(R) HD Graphics 630' (P:1 D:1)
[2019.11.07-23.53.33:069][  0]LogWindows:    1. 'Intel(R) HD Graphics 630' (P:0 D:1)
[2019.11.07-23.53.33:070][  0]LogWindows:    2. 'Intel(R) HD Graphics 630' (P:0 D:0)
[2019.11.07-23.53.33:070][  0]LogWindows:    3. 'NVIDIA GeForce GTX 1050' (P:0 D:0)
[2019.11.07-23.53.33:071][  0]LogWindows:    4. 'NVIDIA GeForce GTX 1050' (P:0 D:0)
[2019.11.07-23.53.33:071][  0]LogWindows:    5. 'NVIDIA GeForce GTX 1050' (P:0 D:0)
[2019.11.07-23.53.33:071][  0]LogWindows:    6. 'NVIDIA GeForce GTX 1050' (P:0 D:0)
[2019.11.07-23.53.33:072][  0]LogWindows: DebugString: PrimaryIsNotTheChoosenAdapter PrimaryIsNotTheChoosenAdapter PrimaryIsNotTheChoosenAdapter FoundDriverCount:4 
[2019.11.07-23.53.33:072][  0]LogD3D11RHI:     Adapter Name: NVIDIA GeForce GTX 1050
[2019.11.07-23.53.33:072][  0]LogD3D11RHI:   Driver Version: 436.02 (internal:26.21.14.3602, unified:436.02)
[2019.11.07-23.53.33:072][  0]LogD3D11RHI:      Driver Date: 8-16-2019
[2019.11.07-23.53.33:072][  0]LogRHI: Texture pool is 2813 MB (70% of 4019 MB)
[2019.11.07-23.53.33:146][  0]LogD3D11RHI: Async texture creation enabled
[2019.11.07-23.53.33:161][  0]LogD3D11RHI: GPU Timing Frequency: 1000.000000 (Debug: 2 1)
[2019.11.07-23.53.33:604][  0]LogTemp: Display: Module 'AllDesktopTargetPlatform' loaded TargetPlatform 'AllDesktop'
[2019.11.07-23.53.33:619][  0]LogTemp: Display: Module 'MacClientTargetPlatform' loaded TargetPlatform 'MacClient'
[2019.11.07-23.53.33:636][  0]LogTemp: Display: Module 'MacNoEditorTargetPlatform' loaded TargetPlatform 'MacNoEditor'
[2019.11.07-23.53.33:653][  0]LogTemp: Display: Module 'MacServerTargetPlatform' loaded TargetPlatform 'MacServer'
[2019.11.07-23.53.33:678][  0]LogTemp: Display: Module 'MacTargetPlatform' loaded TargetPlatform 'Mac'
[2019.11.07-23.53.33:697][  0]LogTemp: Display: Module 'WindowsClientTargetPlatform' loaded TargetPlatform 'WindowsClient'
[2019.11.07-23.53.33:714][  0]LogTemp: Display: Module 'WindowsNoEditorTargetPlatform' loaded TargetPlatform 'WindowsNoEditor'
[2019.11.07-23.53.33:730][  0]LogTemp: Display: Module 'WindowsServerTargetPlatform' loaded TargetPlatform 'WindowsServer'
[2019.11.07-23.53.33:739][  0]LogTemp: Display: Module 'WindowsTargetPlatform' loaded TargetPlatform 'Windows'
[2019.11.07-23.53.33:819][  0]LogTemp: Display: Module 'AndroidTargetPlatform' loaded TargetPlatform 'Android'
[2019.11.07-23.53.33:820][  0]LogTemp: Display: Module 'AndroidTargetPlatform' loaded TargetPlatform 'Android_ASTC'
[2019.11.07-23.53.33:820][  0]LogTemp: Display: Module 'AndroidTargetPlatform' loaded TargetPlatform 'Android_ATC'
[2019.11.07-23.53.33:820][  0]LogTemp: Display: Module 'AndroidTargetPlatform' loaded TargetPlatform 'Android_DXT'
[2019.11.07-23.53.33:820][  0]LogTemp: Display: Module 'AndroidTargetPlatform' loaded TargetPlatform 'Android_ETC1'
[2019.11.07-23.53.33:820][  0]LogTemp: Display: Module 'AndroidTargetPlatform' loaded TargetPlatform 'Android_ETC1a'
[2019.11.07-23.53.33:820][  0]LogTemp: Display: Module 'AndroidTargetPlatform' loaded TargetPlatform 'Android_ETC2'
[2019.11.07-23.53.33:821][  0]LogTemp: Display: Module 'AndroidTargetPlatform' loaded TargetPlatform 'Android_PVRTC'
[2019.11.07-23.53.33:821][  0]LogTemp: Display: Module 'AndroidTargetPlatform' loaded TargetPlatform 'AndroidClient'
[2019.11.07-23.53.33:821][  0]LogTemp: Display: Module 'AndroidTargetPlatform' loaded TargetPlatform 'Android_ASTCClient'
[2019.11.07-23.53.33:821][  0]LogTemp: Display: Module 'AndroidTargetPlatform' loaded TargetPlatform 'Android_ATCClient'
[2019.11.07-23.53.33:821][  0]LogTemp: Display: Module 'AndroidTargetPlatform' loaded TargetPlatform 'Android_DXTClient'
[2019.11.07-23.53.33:821][  0]LogTemp: Display: Module 'AndroidTargetPlatform' loaded TargetPlatform 'Android_ETC1Client'
[2019.11.07-23.53.33:821][  0]LogTemp: Display: Module 'AndroidTargetPlatform' loaded TargetPlatform 'Android_ETC1aClient'
[2019.11.07-23.53.33:821][  0]LogTemp: Display: Module 'AndroidTargetPlatform' loaded TargetPlatform 'Android_ETC2Client'
[2019.11.07-23.53.33:822][  0]LogTemp: Display: Module 'AndroidTargetPlatform' loaded TargetPlatform 'Android_PVRTCClient'
[2019.11.07-23.53.33:822][  0]LogTemp: Display: Module 'AndroidTargetPlatform' loaded TargetPlatform 'Android_Multi'
[2019.11.07-23.53.33:822][  0]LogTemp: Display: Module 'AndroidTargetPlatform' loaded TargetPlatform 'Android_MultiClient'
[2019.11.07-23.53.33:831][  0]LogTemp: Display: Module 'HTML5TargetPlatform' loaded TargetPlatform 'HTML5'
[2019.11.07-23.53.33:889][  0]LogTemp: Display: Module 'IOSTargetPlatform' loaded TargetPlatform 'IOSClient'
[2019.11.07-23.53.33:889][  0]LogTemp: Display: Module 'IOSTargetPlatform' loaded TargetPlatform 'IOS'
[2019.11.07-23.53.33:918][  0]LogTemp: Display: Module 'TVOSTargetPlatform' loaded TargetPlatform 'TVOSClient'
[2019.11.07-23.53.33:919][  0]LogTemp: Display: Module 'TVOSTargetPlatform' loaded TargetPlatform 'TVOS'
[2019.11.07-23.53.33:935][  0]LogTemp: Display: Module 'LinuxClientTargetPlatform' loaded TargetPlatform 'LinuxClient'
[2019.11.07-23.53.33:948][  0]LogTemp: Display: Module 'LinuxNoEditorTargetPlatform' loaded TargetPlatform 'LinuxNoEditor'
[2019.11.07-23.53.33:961][  0]LogTemp: Display: Module 'LinuxServerTargetPlatform' loaded TargetPlatform 'LinuxServer'
[2019.11.07-23.53.33:996][  0]LogTemp: Display: Module 'LinuxTargetPlatform' loaded TargetPlatform 'Linux'
[2019.11.07-23.53.34:047][  0]LogTemp: Display: Module 'LuminTargetPlatform' loaded TargetPlatform 'Lumin'
[2019.11.07-23.53.34:047][  0]LogTemp: Display: Module 'LuminTargetPlatform' loaded TargetPlatform 'LuminClient'
[2019.11.07-23.53.34:047][  0]LogTargetPlatformManager: Display: Building Assets For Windows
[2019.11.07-23.53.34:129][  0]LogAudioDebug: Display: Lib vorbis DLL was dynamically loaded.
[2019.11.07-23.53.34:324][  0]LogShaderCompilers: Guid format shader working directory is -9 characters bigger than the processId version (E:/docs/projects/unreal/game_off/git_game_off/ggo 4.23/Intermediate/Shaders/WorkingDirectory/13352/).
[2019.11.07-23.53.34:325][  0]LogShaderCompilers: Cleaned the shader compiler working directory 'C:/Users/heide/AppData/Local/Temp/UnrealShaderWorkingDir/A53D0BBA45C2B66B7EA9B2928BB3DFD0/'.
[2019.11.07-23.53.34:329][  0]LogXGEController: Cleaning working directory: C:/Users/heide/AppData/Local/Temp/UnrealXGEWorkingDir/
[2019.11.07-23.53.34:332][  0]LogShaderCompilers: Display: Using XGE Shader Compiler (Interception Interface).
[2019.11.07-23.53.38:143][  0]LogDerivedDataCache: Display: Max Cache Size: 512 MB
[2019.11.07-23.53.38:265][  0]LogDerivedDataCache: Loaded boot cache 0.12s 78MB C:/Users/heide/AppData/Local/UnrealEngine/4.23/DerivedDataCache/Boot.ddc.
[2019.11.07-23.53.38:265][  0]LogDerivedDataCache: Display: Loaded Boot cache: C:/Users/heide/AppData/Local/UnrealEngine/4.23/DerivedDataCache/Boot.ddc
[2019.11.07-23.53.38:265][  0]LogDerivedDataCache: FDerivedDataBackendGraph:  Pak pak cache file E:/docs/projects/unreal/game_off/git_game_off/ggo 4.23/DerivedDataCache/DDC.ddp not found, will not use a pak cache.
[2019.11.07-23.53.38:265][  0]LogDerivedDataCache: Unable to find inner node Pak for hierarchical cache Hierarchy.
[2019.11.07-23.53.38:266][  0]LogDerivedDataCache: FDerivedDataBackendGraph:  CompressedPak pak cache file E:/docs/projects/unreal/game_off/git_game_off/ggo 4.23/DerivedDataCache/Compressed.ddp not found, will not use a pak cache.
[2019.11.07-23.53.38:266][  0]LogDerivedDataCache: Unable to find inner node CompressedPak for hierarchical cache Hierarchy.
[2019.11.07-23.53.38:292][  0]LogDerivedDataCache: Display: Pak cache opened for reading ../../../Engine/DerivedDataCache/Compressed.ddp.
[2019.11.07-23.53.38:304][  0]LogDerivedDataCache: Display: Pak cache opened for reading ../../../Enterprise/DerivedDataCache/Compressed.ddp.
[2019.11.07-23.53.38:308][  0]LogDerivedDataCache: Using Local data cache path C:/Users/heide/AppData/Local/UnrealEngine/Common/DerivedDataCache: Writable
[2019.11.07-23.53.38:309][  0]LogDerivedDataCache: Shared data cache path not found in *engine.ini, will not use an Shared cache.
[2019.11.07-23.53.38:309][  0]LogDerivedDataCache: Unable to find inner node Shared for hierarchical cache Hierarchy.
[2019.11.07-23.53.38:341][  0]LogMaterial: Verifying Global Shaders for PCD3D_SM5
[2019.11.07-23.53.38:345][  0]LogSlate: Using FreeType 2.6.0
[2019.11.07-23.53.38:375][  0]LogSlate: SlateFontServices - WITH_FREETYPE: 1, WITH_HARFBUZZ: 1
[2019.11.07-23.53.38:872][  0]LogAssetRegistry: FAssetRegistry took 0.0071 seconds to start up
[2019.11.07-23.53.39:297][  0]LogInit: Selected Device Profile: [Windows]
[2019.11.07-23.53.39:691][  0]LogMeshReduction: Using QuadricMeshReduction for automatic static mesh reduction
[2019.11.07-23.53.39:692][  0]LogMeshReduction: Using SimplygonMeshReduction for automatic skeletal mesh reduction
[2019.11.07-23.53.39:692][  0]LogMeshReduction: Using ProxyLODMeshReduction for automatic mesh merging
[2019.11.07-23.53.39:692][  0]LogMeshReduction: No distributed automatic mesh merging module available
[2019.11.07-23.53.39:692][  0]LogMeshMerging: No distributed automatic mesh merging module available
[2019.11.07-23.53.39:745][  0]LogNetVersion: ggo 1.0.0, NetCL: 8386587, EngineNetVer: 11, GameNetVer: 0 (Checksum: 1919574962)
[2019.11.07-23.53.41:410][  0]LogPackageLocalizationCache: Processed 17 localized package path(s) for 1 prioritized culture(s) in 0.145631 seconds
[2019.11.07-23.53.41:420][  0]LogUObjectArray: 43007 objects as part of root set at end of initial load.
[2019.11.07-23.53.41:420][  0]LogUObjectAllocator: 7476616 out of 0 bytes used by permanent object pool.
[2019.11.07-23.53.41:420][  0]LogUObjectArray: CloseDisregardForGC: 0/0 objects in disregard for GC pool
[2019.11.07-23.53.46:917][  0]LogPython: Using Python 2.7.14
[2019.11.07-23.53.48:378][  0]LogTcpMessaging: Initializing TcpMessaging bridge
[2019.11.07-23.53.48:388][  0]LogUdpMessaging: Initializing bridge on interface 0.0.0.0:0 to multicast group 230.0.0.1:6666.
[2019.11.07-23.53.49:366][  0]LogLinker: Warning: Asset 'E:/docs/projects/unreal/game_off/git_game_off/ggo 4.23/Content/SideScrollerCPP/Blueprints/SideScrollerCharacter.uasset' has been saved with empty engine version. The asset will be loaded but may be incompatible.
[2019.11.07-23.53.50:266][  0]SourceControl: Source control is disabled
[2019.11.07-23.53.50:266][  0]SourceControl: Source control is disabled
[2019.11.07-23.53.50:275][  0]SourceControl: Source control is disabled
[2019.11.07-23.53.50:279][  0]SourceControl: Source control is disabled
[2019.11.07-23.53.51:009][  0]LogAndroidPermission: UAndroidPermissionCallbackProxy::GetInstance
[2019.11.07-23.53.57:243][  0]LogEngine: Initializing Engine...
[2019.11.07-23.53.57:244][  0]LogStats: UGameplayTagsManager::InitializeManager -  0.000 s
[2019.11.07-23.53.57:942][  0]LogInit: Initializing FReadOnlyCVARCache
[2019.11.07-23.53.57:985][  0]LogAIModule: Creating AISystem for world Untitled
[2019.11.07-23.53.58:158][  0]LogInit: XAudio2 using 'Headset Earphone (HyperX Virtual Surround Sound)' : 2 channels at 48 kHz using 16 bits per sample (channel mask 0x3)
[2019.11.07-23.53.58:209][  0]LogInit: FAudioDevice initialized.
[2019.11.07-23.53.58:210][  0]LogNetVersion: Set ProjectVersion to 1.0.0.0. Version Checksum will be recalculated on next use.
[2019.11.07-23.53.58:291][  0]LogDerivedDataCache: Saved boot cache 0.08s 78MB C:/Users/heide/AppData/Local/UnrealEngine/4.23/DerivedDataCache/Boot.ddc.
[2019.11.07-23.53.58:308][  0]LogInit: Texture streaming: Enabled
[2019.11.07-23.53.58:360][  0]LogEngineSessionManager: EngineSessionManager initialized
[2019.11.07-23.53.58:361][  0]LogEditorSessionSummary: Verbose: Initializing EditorSessionSummaryWriter for editor session tracking
[2019.11.07-23.53.58:362][  0]LogEditorSessionSummary: EditorSessionSummaryWriter initialized
[2019.11.07-23.53.58:464][  0]LogInit: Transaction tracking system initialized
[2019.11.07-23.53.58:553][  0]BlueprintLog: New page: Editor Load
[2019.11.07-23.53.58:757][  0]LocalizationService: Localization service is disabled
[2019.11.07-23.53.59:683][  0]LogFileCache: Scanning file cache for directory 'E:/docs/projects/unreal/game_off/git_game_off/ggo 4.23/Content/' took 0.01s
[2019.11.07-23.53.59:684][  0]LogCook: Display: Max memory allowance for cook 16384mb min free memory 0mb
[2019.11.07-23.53.59:684][  0]LogCook: Display: Mobile HDR setting 1
[2019.11.07-23.54.02:494][  0]SourceControl: Source control is disabled
[2019.11.07-23.54.02:496][  0]Cmd: MAP LOAD FILE="E:/docs/projects/unreal/game_off/git_game_off/ggo 4.23/Content/SideScrollerCPP/Maps/SideScrollerExampleMap.umap" TEMPLATE=0 SHOWPROGRESS=1 FEATURELEVEL=3
[2019.11.07-23.54.02:504][  0]LightingResults: New page: Lighting Build
[2019.11.07-23.54.02:509][  0]LogWorld: UWorld::CleanupWorld for Untitled, bSessionEnded=true, bCleanupResources=true
[2019.11.07-23.54.02:510][  0]MapCheck: New page: Map Check
[2019.11.07-23.54.02:510][  0]LightingResults: New page: Lighting Build
[2019.11.07-23.54.02:548][  0]LogUObjectHash: Compacting FUObjectHashTables data took   6.06ms
[2019.11.07-23.54.02:551][  0]LogLinker: Warning: Asset 'E:/docs/projects/unreal/game_off/git_game_off/ggo 4.23/Content/SideScrollerCPP/Maps/SideScrollerExampleMap.umap' has been saved with empty engine version. The asset will be loaded but may be incompatible.
[2019.11.07-23.54.02:676][  0]LogLinker: Warning: Asset 'E:/docs/projects/unreal/game_off/git_game_off/ggo 4.23/Content/SideScrollerCPP/Blueprints/BP_BaseDoor.uasset' has been saved with empty engine version. The asset will be loaded but may be incompatible.
[2019.11.07-23.54.03:457][  0]LogAIModule: Creating AISystem for world SideScrollerExampleMap
[2019.11.07-23.54.03:483][  0]LogEditorServer: Finished looking for orphan Actors (0.000 secs)
[2019.11.07-23.54.03:523][  0]LogUObjectHash: Compacting FUObjectHashTables data took   3.90ms
[2019.11.07-23.54.03:524][  0]Cmd: MAP CHECKDEP NOCLEARLOG
[2019.11.07-23.54.03:524][  0]MapCheck: Map check complete: 0 Error(s), 0 Warning(s), took 0.134ms to complete.
[2019.11.07-23.54.03:524][  0]LogFileHelpers: Loading map 'SideScrollerExampleMap' took 1.029
[2019.11.07-23.54.03:751][  0]LogSlate: Updating window title bar state: overlay mode, drag disabled, window buttons hidden, title bar hidden
[2019.11.07-23.54.03:763][  0]LogSlate: Updating window title bar state: overlay mode, drag disabled, window buttons hidden, title bar hidden
[2019.11.07-23.54.03:776][  0]LogSlate: Updating window title bar state: overlay mode, drag disabled, window buttons hidden, title bar hidden
[2019.11.07-23.54.03:789][  0]LogSlate: Updating window title bar state: overlay mode, drag disabled, window buttons hidden, title bar hidden
[2019.11.07-23.54.03:811][  0]LogCollectionManager: Loaded 0 collections in 0.003419 seconds
[2019.11.07-23.54.03:826][  0]LogFileCache: Scanning file cache for directory 'E:/docs/projects/unreal/game_off/git_game_off/ggo 4.23/Saved/Collections/' took 0.01s
[2019.11.07-23.54.03:826][  0]LogFileCache: Scanning file cache for directory 'E:/docs/projects/unreal/game_off/git_game_off/ggo 4.23/Content/Developers/heide/Collections/' took 0.00s
[2019.11.07-23.54.03:826][  0]LogFileCache: Scanning file cache for directory 'E:/docs/projects/unreal/game_off/git_game_off/ggo 4.23/Content/Collections/' took 0.00s
[2019.11.07-23.54.03:826][  0]LogCollectionManager: Rebuilt the GUID cache for 0 collections in 0.000002 seconds
[2019.11.07-23.54.03:840][  0]LogContentBrowser: Native class hierarchy populated in 0.0130 seconds. Added 3045 classes and 756 folders.
[2019.11.07-23.54.03:853][  0]LogContentBrowser: Native class hierarchy updated for 'WidgetCarousel' in 0.0004 seconds. Added 0 classes and 0 folders.
[2019.11.07-23.54.04:346][  0]LogContentBrowser: Native class hierarchy updated for 'AddContentDialog' in 0.0004 seconds. Added 0 classes and 0 folders.
[2019.11.07-23.54.04:351][  0]LogContentBrowser: Native class hierarchy updated for 'SceneOutliner' in 0.0004 seconds. Added 1 classes and 0 folders.
[2019.11.07-23.54.04:374][  0]LogContentBrowser: Native class hierarchy updated for 'WorldBrowser' in 0.0004 seconds. Added 2 classes and 3 folders.
[2019.11.07-23.54.04:517][  0]LogSlate: Took 0.008179 seconds to synchronously load lazily loaded font '../../../Engine/Content/Slate/Fonts/Roboto-Regular.ttf' (155K)
[2019.11.07-23.54.04:526][  0]LogSlate: Took 0.006897 seconds to synchronously load lazily loaded font '../../../Engine/Content/Slate/Fonts/Roboto-Bold.ttf' (160K)
[2019.11.07-23.54.04:542][  0]LogSlate: Took 0.007897 seconds to synchronously load lazily loaded font '../../../Engine/Content/Editor/Slate/Fonts/FontAwesome.ttf' (139K)
[2019.11.07-23.54.04:730][  0]LogRenderer: Reallocating scene render targets to support 1208x580 Format 9 NumSamples 1 (Frame:1).
[2019.11.07-23.54.05:041][  0]LogContentBrowser: Native class hierarchy updated for 'HierarchicalLODOutliner' in 0.0006 seconds. Added 0 classes and 0 folders.
[2019.11.07-23.54.05:042][  0]LogLoad: (Engine Initialization) Total time: 41.28 seconds
[2019.11.07-23.54.05:042][  0]LogLoad: (Engine Initialization) Total Blueprint compile time: 0.00 seconds
[2019.11.07-23.54.05:107][  0]LogContentStreaming: Texture pool size now 800 MB
[2019.11.07-23.54.05:140][  0]LogSlate: Took 0.010885 seconds to synchronously load lazily loaded font '../../../Engine/Content/Slate/Fonts/Roboto-Light.ttf' (167K)
[2019.11.07-23.54.06:089][ 16]LogAssetRegistry: Asset discovery search completed in 27.2212 seconds
[2019.11.07-23.54.06:096][ 16]LogCollectionManager: Rebuilt the object cache for 0 collections in 0.000008 seconds (found 0 objects)
[2019.11.07-23.54.06:096][ 16]LogCollectionManager: Fixed up redirectors for 0 collections in 0.000324 seconds (updated 0 objects)
[2019.11.07-23.55.05:054][940]LogEditorSessionSummary: EditorSessionSummary sent report. Type=Debugger, SessionId={4B0B86EA-4DE8-2CE6-2156-C28527046D17}
[2019.11.07-23.55.05:054][940]LogEditorSessionSummary: EditorSessionSummary sent report. Type=Shutdown, SessionId={51A1D68B-4B03-C701-CCBA-589C7C8BC631}
[2019.11.07-23.59.02:610][131]LogSlate: FSceneViewport::OnFocusLost() reason 0
[2019.11.07-23.59.19:653][962]LogUObjectHash: Compacting FUObjectHashTables data took   8.38ms
