Log file open, 11/05/19 00:04:13
LogConsoleResponse: Display: Failed to find resolution value strings in scalability ini. Falling back to default.
LogInit: Display: Running engine for game: ggo
LogPlatformFile: Not using cached read wrapper
LogTaskGraph: Started task graph with 5 named threads and 14 total threads with 3 sets of task threads.
LogStats: Stats thread started at 0.069712
LogICUInternationalization: ICU TimeZone Detection - Raw Offset: +0:00, Platform Override: ''
LogPluginManager: Mounting plugin LauncherChunkInstaller
LogPluginManager: Mounting plugin TcpMessaging
LogPluginManager: Mounting plugin UdpMessaging
LogPluginManager: Mounting plugin AndroidMedia
LogPluginManager: Mounting plugin WmfMedia
LogPluginManager: Mounting plugin ImgMedia
LogPluginManager: Mounting plugin AvfMedia
LogPluginManager: Mounting plugin MediaPlayerEditor
LogPluginManager: Mounting plugin WebMMedia
LogPluginManager: Mounting plugin MediaCompositing
LogPluginManager: Mounting plugin AISupport
LogPluginManager: Mounting plugin LevelSequenceEditor
LogPluginManager: Mounting plugin ActorSequence
LogPluginManager: Mounting plugin MatineeToLevelSequence
LogPluginManager: Mounting plugin OnlineSubsystemGooglePlay
LogPluginManager: Mounting plugin OnlineSubsystem
LogPluginManager: Mounting plugin OnlineSubsystemUtils
LogPluginManager: Mounting plugin OnlineSubsystemIOS
LogPluginManager: Mounting plugin OnlineSubsystemNull
LogPluginManager: Mounting plugin PluginBrowser
LogPluginManager: Mounting plugin AssetManagerEditor
LogPluginManager: Mounting plugin DataValidation
LogPluginManager: Mounting plugin MobileLauncherProfileWizard
LogPluginManager: Mounting plugin CryptoKeys
LogPluginManager: Mounting plugin SpeedTreeImporter
LogPluginManager: Mounting plugin CurveEditorTools
LogPluginManager: Mounting plugin GameplayTagsEditor
LogPluginManager: Mounting plugin FacialAnimation
LogPluginManager: Mounting plugin MacGraphicsSwitching
LogPluginManager: Mounting plugin MaterialAnalyzer
LogPluginManager: Mounting plugin CharacterAI
LogPluginManager: Mounting plugin GeometryCache
LogPluginManager: Mounting plugin PythonScriptPlugin
LogPluginManager: Mounting plugin ProxyLODPlugin
LogPluginManager: Mounting plugin BackChannel
LogPluginManager: Mounting plugin AlembicImporter
LogPluginManager: Mounting plugin SkeletalReduction
LogPluginManager: Mounting plugin AutomationUtils
LogPluginManager: Mounting plugin HTML5Networking
LogPluginManager: Mounting plugin PlatformCrypto
LogPluginManager: Mounting plugin DatasmithContent
LogPluginManager: Mounting plugin VariantManagerContent
LogPluginManager: Mounting plugin AppleMoviePlayer
LogPluginManager: Mounting plugin ExampleDeviceProfileSelector
LogPluginManager: Mounting plugin AppleImageUtils
LogPluginManager: Mounting plugin WindowsMoviePlayer
LogPluginManager: Mounting plugin LocationServicesBPLibrary
LogPluginManager: Mounting plugin LinuxDeviceProfileSelector
LogPluginManager: Mounting plugin MobilePatchingUtils
LogPluginManager: Mounting plugin ArchVisCharacter
LogPluginManager: Mounting plugin RuntimePhysXCooking
LogPluginManager: Mounting plugin AndroidDeviceProfileSelector
LogPluginManager: Mounting plugin PhysXVehicles
LogPluginManager: Mounting plugin EditableMesh
LogPluginManager: Mounting plugin WebMMoviePlayer
LogPluginManager: Mounting plugin AudioCapture
LogPluginManager: Mounting plugin AndroidPermission
LogPluginManager: Mounting plugin ProceduralMeshComponent
LogPluginManager: Mounting plugin SignificanceManager
LogPluginManager: Mounting plugin CustomMeshComponent
LogPluginManager: Mounting plugin CableComponent
LogPluginManager: Mounting plugin GoogleCloudMessaging
LogPluginManager: Mounting plugin AndroidMoviePlayer
LogPluginManager: Mounting plugin IOSDeviceProfileSelector
LogPluginManager: Mounting plugin NUTUnrealEngine4
LogPluginManager: Mounting plugin NetcodeUnitTest
LogPluginManager: Mounting plugin AnimationSharing
LogPluginManager: Mounting plugin GitSourceControl
LogPluginManager: Mounting plugin XCodeSourceCodeAccess
LogPluginManager: Mounting plugin KDevelopSourceCodeAccess
LogPluginManager: Mounting plugin ActorLayerUtilities
LogPluginManager: Mounting plugin CodeLiteSourceCodeAccess
LogPluginManager: Mounting plugin NullSourceCodeAccess
LogPluginManager: Mounting plugin VisualStudioCodeSourceCodeAccess
LogPluginManager: Mounting plugin CLionSourceCodeAccess
LogPluginManager: Mounting plugin VisualStudioSourceCodeAccess
LogPluginManager: Mounting plugin PerforceSourceControl
LogPluginManager: Mounting plugin SubversionSourceControl
LogPluginManager: Mounting plugin UObjectPlugin
LogPluginManager: Mounting plugin Paper2D
LogPluginManager: Mounting plugin LightPropagationVolume
LogPluginManager: Mounting plugin MagicLeapMedia
LogPluginManager: Mounting plugin MagicLeap
LogPluginManager: Mounting plugin ScreenshotTools
LogInit: Using libcurl 7.48.0-DEV
LogInit:  - built for x86_64-unknown-linux-gnu
LogInit:  - supports SSL with OpenSSL/1.0.2h
LogInit:  - supports HTTP deflate (compression) using libz 1.2.8
LogInit:  - other features:
LogInit:      CURL_VERSION_SSL
LogInit:      CURL_VERSION_LIBZ
LogInit:      CURL_VERSION_IPV6
LogInit:      CURL_VERSION_ASYNCHDNS
LogInit:      CURL_VERSION_LARGEFILE
LogInit:      CURL_VERSION_TLSAUTH_SRP
LogInit:  CurlRequestOptions (configurable via config and command line):
LogInit:  - bVerifyPeer = true  - Libcurl will verify peer certificate
LogInit:  - bUseHttpProxy = false  - Libcurl will NOT use HTTP proxy
LogInit:  - bDontReuseConnections = false  - Libcurl will reuse connections
LogInit:  - MaxHostConnections = 16  - Libcurl will limit the number of connections to a host
LogInit:  - LocalHostAddr = Default
LogInit:  - BufferSize = 65536
LogOnline: OSS: Creating online subsystem instance for: NULL
LogInit: Build: ++UE4+Release-4.23-CL-0
LogInit: Engine Version: 4.23.1-0+++UE4+Release-4.23
LogInit: Compatible Engine Version: 4.23.0-0+++UE4+Release-4.23
LogInit: Net CL: 0
LogInit: OS: GenericOSVersionLabel (GenericOSSubVersionLabel), CPU: Intel(R) Core(TM) i5-4460  CPU @ 3.20GHz, GPU: GenericGPUBrand
LogInit: Compiled (64-bit): Nov  3 2019 02:40:23
LogInit: Compiled with Clang: 8.0.1 (tags/RELEASE_801/final)
LogInit: Build Configuration: Development
LogInit: Branch Name: ++UE4+Release-4.23
LogInit: Command Line: 
LogInit: Base Directory: /home/gerardo/UE4/UnrealEngine-release/Engine/Binaries/Linux/
LogInit: Installed Engine Build: 0
LogDevObjectVersion: Number of dev versions registered: 23
LogDevObjectVersion:   Dev-Blueprints (B0D832E4-1F89-4F0D-ACCF-7EB736FD4AA2): 10
LogDevObjectVersion:   Dev-Build (E1C64328-A22C-4D53-A36C-8E866417BD8C): 0
LogDevObjectVersion:   Dev-Core (375EC13C-06E4-48FB-B500-84F0262A717E): 3
LogDevObjectVersion:   Dev-Editor (E4B068ED-F494-42E9-A231-DA0B2E46BB41): 34
LogDevObjectVersion:   Dev-Framework (CFFC743F-43B0-4480-9391-14DF171D2073): 35
LogDevObjectVersion:   Dev-Mobile (B02B49B5-BB20-44E9-A304-32B752E40360): 2
LogDevObjectVersion:   Dev-Networking (A4E4105C-59A1-49B5-A7C5-40C4547EDFEE): 0
LogDevObjectVersion:   Dev-Online (39C831C9-5AE6-47DC-9A44-9C173E1C8E7C): 0
LogDevObjectVersion:   Dev-Physics (78F01B33-EBEA-4F98-B9B4-84EACCB95AA2): 0
LogDevObjectVersion:   Dev-Platform (6631380F-2D4D-43E0-8009-CF276956A95A): 0
LogDevObjectVersion:   Dev-Rendering (12F88B9F-8875-4AFC-A67C-D90C383ABD29): 31
LogDevObjectVersion:   Dev-Sequencer (7B5AE74C-D270-4C10-A958-57980B212A5A): 11
LogDevObjectVersion:   Dev-VR (D7296918-1DD6-4BDD-9DE2-64A83CC13884): 2
LogDevObjectVersion:   Dev-LoadTimes (C2A15278-BFE7-4AFE-6C17-90FF531DF755): 1
LogDevObjectVersion:   Private-Geometry (6EACA3D4-40EC-4CC1-B786-8BED09428FC5): 3
LogDevObjectVersion:   Dev-AnimPhys (29E575DD-E0A3-4627-9D10-D276232CDCEA): 17
LogDevObjectVersion:   Dev-Anim (AF43A65D-7FD3-4947-9873-3E8ED9C1BB05): 2
LogDevObjectVersion:   Dev-ReflectionCapture (6B266CEC-1EC7-4B8F-A30B-E4D90942FC07): 1
LogDevObjectVersion:   Dev-Automation (0DF73D61-A23F-47EA-B727-89E90C41499A): 1
LogDevObjectVersion:   FortniteMain (601D1886-AC64-4F84-AA16-D3DE0DEAC7D6): 27
LogDevObjectVersion:   Dev-Enterprise (9DFFBCD6-494F-0158-E221-12823C92A888): 6
LogDevObjectVersion:   Dev-Niagara (F2AED0AC-9AFE-416F-8664-AA7FFA26D6FC): 1
LogDevObjectVersion:   Dev-Destruction (174F1F0B-B4C6-45A5-B13F-2EE8D0FB917D): 9
LogInit: Presizing for max 16777216 objects, including 0 objects not considered by GC, pre-allocating 0 bytes for permanent pool.
LogInit: Object subsystem initialized
LogConfig: Setting CVar [[con.DebugEarlyDefault:1]]
LogConfig: Setting CVar [[r.setres:1280x720]]
[2019.11.05-00.04.15:271][  0]LogConfig: Setting CVar [[r.VSync:0]]
[2019.11.05-00.04.15:271][  0]LogConfig: Setting CVar [[r.RHICmdBypass:0]]
[2019.11.05-00.04.15:271][  0]LogConfig: Applying CVar settings from Section [/Script/Engine.RendererSettings] File [/home/gerardo/projects/git_game_off/ggo 4.23/Saved/Config/Linux/Engine.ini]
[2019.11.05-00.04.15:271][  0]LogConfig: Setting CVar [[r.GPUCrashDebugging:0]]
[2019.11.05-00.04.15:271][  0]LogConfig: Applying CVar settings from Section [/Script/Engine.RendererOverrideSettings] File [/home/gerardo/projects/git_game_off/ggo 4.23/Saved/Config/Linux/Engine.ini]
[2019.11.05-00.04.15:271][  0]LogConfig: Applying CVar settings from Section [/Script/Engine.StreamingSettings] File [/home/gerardo/projects/git_game_off/ggo 4.23/Saved/Config/Linux/Engine.ini]
[2019.11.05-00.04.15:271][  0]LogConfig: Setting CVar [[s.MinBulkDataSizeForAsyncLoading:131072]]
[2019.11.05-00.04.15:271][  0]LogConfig: Setting CVar [[s.AsyncLoadingThreadEnabled:0]]
[2019.11.05-00.04.15:271][  0]LogConfig: Setting CVar [[s.EventDrivenLoaderEnabled:1]]
[2019.11.05-00.04.15:271][  0]LogConfig: Setting CVar [[s.WarnIfTimeLimitExceeded:0]]
[2019.11.05-00.04.15:271][  0]LogConfig: Setting CVar [[s.TimeLimitExceededMultiplier:1.5]]
[2019.11.05-00.04.15:271][  0]LogConfig: Setting CVar [[s.TimeLimitExceededMinTime:0.005]]
[2019.11.05-00.04.15:271][  0]LogConfig: Setting CVar [[s.UseBackgroundLevelStreaming:1]]
[2019.11.05-00.04.15:271][  0]LogConfig: Setting CVar [[s.PriorityAsyncLoadingExtraTime:15.0]]
[2019.11.05-00.04.15:271][  0]LogConfig: Setting CVar [[s.LevelStreamingActorsUpdateTimeLimit:5.0]]
[2019.11.05-00.04.15:271][  0]LogConfig: Setting CVar [[s.PriorityLevelStreamingActorsUpdateExtraTime:5.0]]
[2019.11.05-00.04.15:271][  0]LogConfig: Setting CVar [[s.LevelStreamingComponentsRegistrationGranularity:10]]
[2019.11.05-00.04.15:272][  0]LogConfig: Setting CVar [[s.UnregisterComponentsTimeLimit:1.0]]
[2019.11.05-00.04.15:272][  0]LogConfig: Setting CVar [[s.LevelStreamingComponentsUnregistrationGranularity:5]]
[2019.11.05-00.04.15:272][  0]LogConfig: Applying CVar settings from Section [/Script/Engine.GarbageCollectionSettings] File [/home/gerardo/projects/git_game_off/ggo 4.23/Saved/Config/Linux/Engine.ini]
[2019.11.05-00.04.15:272][  0]LogConfig: Setting CVar [[gc.MaxObjectsNotConsideredByGC:1]]
[2019.11.05-00.04.15:272][  0]LogConfig: Setting CVar [[gc.SizeOfPermanentObjectPool:0]]
[2019.11.05-00.04.15:272][  0]LogConfig: Setting CVar [[gc.FlushStreamingOnGC:0]]
[2019.11.05-00.04.15:272][  0]LogConfig: Setting CVar [[gc.NumRetriesBeforeForcingGC:10]]
[2019.11.05-00.04.15:272][  0]LogConfig: Setting CVar [[gc.AllowParallelGC:1]]
[2019.11.05-00.04.15:272][  0]LogConfig: Setting CVar [[gc.TimeBetweenPurgingPendingKillObjects:61.1]]
[2019.11.05-00.04.15:272][  0]LogConfig: Setting CVar [[gc.MaxObjectsInEditor:16777216]]
[2019.11.05-00.04.15:272][  0]LogConfig: Setting CVar [[gc.IncrementalBeginDestroyEnabled:1]]
[2019.11.05-00.04.15:272][  0]LogConfig: Setting CVar [[gc.CreateGCClusters:1]]
[2019.11.05-00.04.15:272][  0]LogConfig: Setting CVar [[gc.MinGCClusterSize:5]]
[2019.11.05-00.04.15:272][  0]LogConfig: Setting CVar [[gc.ActorClusteringEnabled:0]]
[2019.11.05-00.04.15:272][  0]LogConfig: Setting CVar [[gc.BlueprintClusteringEnabled:0]]
[2019.11.05-00.04.15:272][  0]LogConfig: Setting CVar [[gc.UseDisregardForGCOnDedicatedServers:0]]
[2019.11.05-00.04.15:272][  0]LogConfig: Applying CVar settings from Section [/Script/Engine.NetworkSettings] File [/home/gerardo/projects/git_game_off/ggo 4.23/Saved/Config/Linux/Engine.ini]
[2019.11.05-00.04.15:272][  0]LogConfig: Applying CVar settings from Section [/Script/UnrealEd.CookerSettings] File [/home/gerardo/projects/git_game_off/ggo 4.23/Saved/Config/Linux/Engine.ini]
[2019.11.05-00.04.15:272][  0]LogInit: Initializing SDL.
[2019.11.05-00.04.15:379][  0]LogInit: Initialized SDL 2.0.10 revision: 12952 (hg-12952:bc90ce38f1e2) (compiled against 2.0.10)
[2019.11.05-00.04.15:379][  0]LogInit: Using SDL video driver 'x11'
[2019.11.05-00.04.15:379][  0]LogInit: Display metrics:
[2019.11.05-00.04.15:379][  0]LogInit:   PrimaryDisplayWidth: 1920
[2019.11.05-00.04.15:379][  0]LogInit:   PrimaryDisplayHeight: 1080
[2019.11.05-00.04.15:379][  0]LogInit:   PrimaryDisplayWorkAreaRect:
[2019.11.05-00.04.15:379][  0]LogInit:     Left=70, Top=27, Right=1920, Bottom=1080
[2019.11.05-00.04.15:379][  0]LogInit:   VirtualDisplayRect:
[2019.11.05-00.04.15:379][  0]LogInit:     Left=70, Top=27, Right=1920, Bottom=1080
[2019.11.05-00.04.15:379][  0]LogInit:   TitleSafePaddingSize: X=0.000 Y=0.000 Z=0.000 W=0.000
[2019.11.05-00.04.15:379][  0]LogInit:   ActionSafePaddingSize: X=0.000 Y=0.000 Z=0.000 W=0.000
[2019.11.05-00.04.15:379][  0]LogInit:   Number of monitors: 1
[2019.11.05-00.04.15:379][  0]LogInit:     Monitor 0
[2019.11.05-00.04.15:379][  0]LogInit:       Name: Philips TV 29"
[2019.11.05-00.04.15:379][  0]LogInit:       ID: display0
[2019.11.05-00.04.15:379][  0]LogInit:       NativeWidth: 1920
[2019.11.05-00.04.15:379][  0]LogInit:       NativeHeight: 1080
[2019.11.05-00.04.15:379][  0]LogInit:       bIsPrimary: true
[2019.11.05-00.04.15:380][  0]LogConfig: Applying CVar settings from Section [ViewDistanceQuality@3] File [/home/gerardo/projects/git_game_off/ggo 4.23/Saved/Config/Linux/Scalability.ini]
[2019.11.05-00.04.15:380][  0]LogConfig: Setting CVar [[r.SkeletalMeshLODBias:0]]
[2019.11.05-00.04.15:380][  0]LogConfig: Setting CVar [[r.ViewDistanceScale:1.0]]
[2019.11.05-00.04.15:380][  0]LogConfig: Applying CVar settings from Section [AntiAliasingQuality@3] File [/home/gerardo/projects/git_game_off/ggo 4.23/Saved/Config/Linux/Scalability.ini]
[2019.11.05-00.04.15:380][  0]LogConfig: Setting CVar [[r.PostProcessAAQuality:4]]
[2019.11.05-00.04.15:380][  0]LogConfig: Applying CVar settings from Section [ShadowQuality@3] File [/home/gerardo/projects/git_game_off/ggo 4.23/Saved/Config/Linux/Scalability.ini]
[2019.11.05-00.04.15:380][  0]LogConfig: Setting CVar [[r.LightFunctionQuality:1]]
[2019.11.05-00.04.15:380][  0]LogConfig: Setting CVar [[r.ShadowQuality:5]]
[2019.11.05-00.04.15:380][  0]LogConfig: Setting CVar [[r.Shadow.CSM.MaxCascades:10]]
[2019.11.05-00.04.15:380][  0]LogConfig: Setting CVar [[r.Shadow.MaxResolution:2048]]
[2019.11.05-00.04.15:380][  0]LogConfig: Setting CVar [[r.Shadow.MaxCSMResolution:2048]]
[2019.11.05-00.04.15:380][  0]LogConfig: Setting CVar [[r.Shadow.RadiusThreshold:0.01]]
[2019.11.05-00.04.15:380][  0]LogConfig: Setting CVar [[r.Shadow.DistanceScale:1.0]]
[2019.11.05-00.04.15:380][  0]LogConfig: Setting CVar [[r.Shadow.CSM.TransitionScale:1.0]]
[2019.11.05-00.04.15:380][  0]LogConfig: Setting CVar [[r.Shadow.PreShadowResolutionFactor:1.0]]
[2019.11.05-00.04.15:380][  0]LogConfig: Setting CVar [[r.DistanceFieldShadowing:1]]
[2019.11.05-00.04.15:380][  0]LogConfig: Setting CVar [[r.DistanceFieldAO:1]]
[2019.11.05-00.04.15:380][  0]LogConfig: Setting CVar [[r.AOQuality:2]]
[2019.11.05-00.04.15:380][  0]LogConfig: Setting CVar [[r.VolumetricFog:1]]
[2019.11.05-00.04.15:380][  0]LogConfig: Setting CVar [[r.VolumetricFog.GridPixelSize:8]]
[2019.11.05-00.04.15:380][  0]LogConfig: Setting CVar [[r.VolumetricFog.GridSizeZ:128]]
[2019.11.05-00.04.15:380][  0]LogConfig: Setting CVar [[r.VolumetricFog.HistoryMissSupersampleCount:4]]
[2019.11.05-00.04.15:380][  0]LogConfig: Setting CVar [[r.LightMaxDrawDistanceScale:1]]
[2019.11.05-00.04.15:380][  0]LogConfig: Setting CVar [[r.CapsuleShadows:1]]
[2019.11.05-00.04.15:380][  0]LogConfig: Applying CVar settings from Section [PostProcessQuality@3] File [/home/gerardo/projects/git_game_off/ggo 4.23/Saved/Config/Linux/Scalability.ini]
[2019.11.05-00.04.15:380][  0]LogConfig: Setting CVar [[r.MotionBlurQuality:4]]
[2019.11.05-00.04.15:380][  0]LogConfig: Setting CVar [[r.AmbientOcclusionMipLevelFactor:0.4]]
[2019.11.05-00.04.15:380][  0]LogConfig: Setting CVar [[r.AmbientOcclusionMaxQuality:100]]
[2019.11.05-00.04.15:380][  0]LogConfig: Setting CVar [[r.AmbientOcclusionLevels:-1]]
[2019.11.05-00.04.15:380][  0]LogConfig: Setting CVar [[r.AmbientOcclusionRadiusScale:1.0]]
[2019.11.05-00.04.15:380][  0]LogConfig: Setting CVar [[r.DepthOfFieldQuality:2]]
[2019.11.05-00.04.15:380][  0]LogConfig: Setting CVar [[r.RenderTargetPoolMin:400]]
[2019.11.05-00.04.15:380][  0]LogConfig: Setting CVar [[r.LensFlareQuality:2]]
[2019.11.05-00.04.15:380][  0]LogConfig: Setting CVar [[r.SceneColorFringeQuality:1]]
[2019.11.05-00.04.15:380][  0]LogConfig: Setting CVar [[r.EyeAdaptationQuality:2]]
[2019.11.05-00.04.15:380][  0]LogConfig: Setting CVar [[r.BloomQuality:5]]
[2019.11.05-00.04.15:380][  0]LogConfig: Setting CVar [[r.FastBlurThreshold:100]]
[2019.11.05-00.04.15:380][  0]LogConfig: Setting CVar [[r.Upscale.Quality:3]]
[2019.11.05-00.04.15:380][  0]LogConfig: Setting CVar [[r.Tonemapper.GrainQuantization:1]]
[2019.11.05-00.04.15:380][  0]LogConfig: Setting CVar [[r.LightShaftQuality:1]]
[2019.11.05-00.04.15:380][  0]LogConfig: Setting CVar [[r.Filter.SizeScale:1]]
[2019.11.05-00.04.15:380][  0]LogConfig: Setting CVar [[r.Tonemapper.Quality:5]]
[2019.11.05-00.04.15:380][  0]LogConfig: Setting CVar [[r.DOF.Gather.AccumulatorQuality:1        ; higher gathering accumulator quality]]
[2019.11.05-00.04.15:380][  0]LogConfig: Setting CVar [[r.DOF.Gather.PostfilterMethod:1          ; Median3x3 postfilering method]]
[2019.11.05-00.04.15:380][  0]LogConfig: Setting CVar [[r.DOF.Gather.EnableBokehSettings:0       ; no bokeh simulation when gathering]]
[2019.11.05-00.04.15:380][  0]LogConfig: Setting CVar [[r.DOF.Gather.RingCount:4                 ; medium number of samples when gathering]]
[2019.11.05-00.04.15:380][  0]LogConfig: Setting CVar [[r.DOF.Scatter.ForegroundCompositing:1    ; additive foreground scattering]]
[2019.11.05-00.04.15:380][  0]LogConfig: Setting CVar [[r.DOF.Scatter.BackgroundCompositing:2    ; additive background scattering]]
[2019.11.05-00.04.15:380][  0]LogConfig: Setting CVar [[r.DOF.Scatter.EnableBokehSettings:1      ; bokeh simulation when scattering]]
[2019.11.05-00.04.15:380][  0]LogConfig: Setting CVar [[r.DOF.Scatter.MaxSpriteRatio:0.1         ; only a maximum of 10% of scattered bokeh]]
[2019.11.05-00.04.15:380][  0]LogConfig: Setting CVar [[r.DOF.Recombine.Quality:1                ; cheap slight out of focus]]
[2019.11.05-00.04.15:380][  0]LogConfig: Setting CVar [[r.DOF.Recombine.EnableBokehSettings:0    ; no bokeh simulation on slight out of focus]]
[2019.11.05-00.04.15:380][  0]LogConfig: Setting CVar [[r.DOF.TemporalAAQuality:1                ; more stable temporal accumulation]]
[2019.11.05-00.04.15:380][  0]LogConfig: Setting CVar [[r.DOF.Kernel.MaxForegroundRadius:0.025]]
[2019.11.05-00.04.15:380][  0]LogConfig: Setting CVar [[r.DOF.Kernel.MaxBackgroundRadius:0.025]]
[2019.11.05-00.04.15:380][  0]LogConfig: Applying CVar settings from Section [TextureQuality@3] File [/home/gerardo/projects/git_game_off/ggo 4.23/Saved/Config/Linux/Scalability.ini]
[2019.11.05-00.04.15:380][  0]LogConfig: Setting CVar [[r.Streaming.MipBias:0]]
[2019.11.05-00.04.15:380][  0]LogConfig: Setting CVar [[r.Streaming.AmortizeCPUToGPUCopy:0]]
[2019.11.05-00.04.15:380][  0]LogConfig: Setting CVar [[r.Streaming.MaxNumTexturesToStreamPerFrame:0]]
[2019.11.05-00.04.15:380][  0]LogConfig: Setting CVar [[r.Streaming.Boost:1]]
[2019.11.05-00.04.15:380][  0]LogConfig: Setting CVar [[r.MaxAnisotropy:8]]
[2019.11.05-00.04.15:380][  0]LogConfig: Setting CVar [[r.Streaming.LimitPoolSizeToVRAM:0]]
[2019.11.05-00.04.15:380][  0]LogConfig: Setting CVar [[r.Streaming.PoolSize:1000]]
[2019.11.05-00.04.15:380][  0]LogConfig: Setting CVar [[r.Streaming.MaxEffectiveScreenSize:0]]
[2019.11.05-00.04.15:380][  0]LogConfig: Applying CVar settings from Section [EffectsQuality@3] File [/home/gerardo/projects/git_game_off/ggo 4.23/Saved/Config/Linux/Scalability.ini]
[2019.11.05-00.04.15:380][  0]LogConfig: Setting CVar [[r.TranslucencyLightingVolumeDim:64]]
[2019.11.05-00.04.15:380][  0]LogConfig: Setting CVar [[r.RefractionQuality:2]]
[2019.11.05-00.04.15:381][  0]LogConfig: Setting CVar [[r.SSR.Quality:3]]
[2019.11.05-00.04.15:381][  0]LogConfig: Setting CVar [[r.SceneColorFormat:4]]
[2019.11.05-00.04.15:381][  0]LogConfig: Setting CVar [[r.DetailMode:2]]
[2019.11.05-00.04.15:381][  0]LogConfig: Setting CVar [[r.TranslucencyVolumeBlur:1]]
[2019.11.05-00.04.15:381][  0]LogConfig: Setting CVar [[r.MaterialQualityLevel:1 ; High quality]]
[2019.11.05-00.04.15:381][  0]LogConfig: Setting CVar [[r.SSS.Scale:1]]
[2019.11.05-00.04.15:381][  0]LogConfig: Setting CVar [[r.SSS.SampleSet:2]]
[2019.11.05-00.04.15:381][  0]LogConfig: Setting CVar [[r.SSS.Quality:1]]
[2019.11.05-00.04.15:381][  0]LogConfig: Setting CVar [[r.SSS.HalfRes:1]]
[2019.11.05-00.04.15:381][  0]LogConfig: Setting CVar [[r.EmitterSpawnRateScale:1.0]]
[2019.11.05-00.04.15:381][  0]LogConfig: Setting CVar [[r.ParticleLightQuality:2]]
[2019.11.05-00.04.15:381][  0]LogConfig: Applying CVar settings from Section [FoliageQuality@3] File [/home/gerardo/projects/git_game_off/ggo 4.23/Saved/Config/Linux/Scalability.ini]
[2019.11.05-00.04.15:381][  0]LogConfig: Setting CVar [[foliage.DensityScale:1.0]]
[2019.11.05-00.04.15:381][  0]LogConfig: Setting CVar [[grass.DensityScale:1.0]]
[2019.11.05-00.04.15:381][  0]LogLinux: Selected Device Profile: [Linux]
[2019.11.05-00.04.15:381][  0]LogInit: Applying CVar settings loaded from the selected device profile: [Linux]
[2019.11.05-00.04.15:389][  0]LogHAL: Display: Platform has ~ 4 GB [16708907008 / 4294967296 / 16], which maps to Smallest [LargestMinGB=32, LargerMinGB=12, DefaultMinGB=8, SmallerMinGB=6, SmallestMinGB=0)
[2019.11.05-00.04.15:389][  0]LogInit: Going up to parent DeviceProfile []
[2019.11.05-00.04.15:389][  0]LogConfig: Applying CVar settings from Section [ViewDistanceQuality@3] File [/home/gerardo/projects/git_game_off/ggo 4.23/Saved/Config/Linux/Scalability.ini]
[2019.11.05-00.04.15:389][  0]LogConfig: Setting CVar [[r.SkeletalMeshLODBias:0]]
[2019.11.05-00.04.15:389][  0]LogConfig: Setting CVar [[r.ViewDistanceScale:1.0]]
[2019.11.05-00.04.15:389][  0]LogConfig: Applying CVar settings from Section [AntiAliasingQuality@3] File [/home/gerardo/projects/git_game_off/ggo 4.23/Saved/Config/Linux/Scalability.ini]
[2019.11.05-00.04.15:389][  0]LogConfig: Setting CVar [[r.PostProcessAAQuality:4]]
[2019.11.05-00.04.15:389][  0]LogConfig: Applying CVar settings from Section [ShadowQuality@3] File [/home/gerardo/projects/git_game_off/ggo 4.23/Saved/Config/Linux/Scalability.ini]
[2019.11.05-00.04.15:389][  0]LogConfig: Setting CVar [[r.LightFunctionQuality:1]]
[2019.11.05-00.04.15:389][  0]LogConfig: Setting CVar [[r.ShadowQuality:5]]
[2019.11.05-00.04.15:389][  0]LogConfig: Setting CVar [[r.Shadow.CSM.MaxCascades:10]]
[2019.11.05-00.04.15:389][  0]LogConfig: Setting CVar [[r.Shadow.MaxResolution:2048]]
[2019.11.05-00.04.15:389][  0]LogConfig: Setting CVar [[r.Shadow.MaxCSMResolution:2048]]
[2019.11.05-00.04.15:389][  0]LogConfig: Setting CVar [[r.Shadow.RadiusThreshold:0.01]]
[2019.11.05-00.04.15:389][  0]LogConfig: Setting CVar [[r.Shadow.DistanceScale:1.0]]
[2019.11.05-00.04.15:389][  0]LogConfig: Setting CVar [[r.Shadow.CSM.TransitionScale:1.0]]
[2019.11.05-00.04.15:389][  0]LogConfig: Setting CVar [[r.Shadow.PreShadowResolutionFactor:1.0]]
[2019.11.05-00.04.15:389][  0]LogConfig: Setting CVar [[r.DistanceFieldShadowing:1]]
[2019.11.05-00.04.15:389][  0]LogConfig: Setting CVar [[r.DistanceFieldAO:1]]
[2019.11.05-00.04.15:389][  0]LogConfig: Setting CVar [[r.AOQuality:2]]
[2019.11.05-00.04.15:389][  0]LogConfig: Setting CVar [[r.VolumetricFog:1]]
[2019.11.05-00.04.15:389][  0]LogConfig: Setting CVar [[r.VolumetricFog.GridPixelSize:8]]
[2019.11.05-00.04.15:389][  0]LogConfig: Setting CVar [[r.VolumetricFog.GridSizeZ:128]]
[2019.11.05-00.04.15:389][  0]LogConfig: Setting CVar [[r.VolumetricFog.HistoryMissSupersampleCount:4]]
[2019.11.05-00.04.15:389][  0]LogConfig: Setting CVar [[r.LightMaxDrawDistanceScale:1]]
[2019.11.05-00.04.15:389][  0]LogConfig: Setting CVar [[r.CapsuleShadows:1]]
[2019.11.05-00.04.15:389][  0]LogConfig: Applying CVar settings from Section [PostProcessQuality@3] File [/home/gerardo/projects/git_game_off/ggo 4.23/Saved/Config/Linux/Scalability.ini]
[2019.11.05-00.04.15:389][  0]LogConfig: Setting CVar [[r.MotionBlurQuality:4]]
[2019.11.05-00.04.15:389][  0]LogConfig: Setting CVar [[r.AmbientOcclusionMipLevelFactor:0.4]]
[2019.11.05-00.04.15:389][  0]LogConfig: Setting CVar [[r.AmbientOcclusionMaxQuality:100]]
[2019.11.05-00.04.15:389][  0]LogConfig: Setting CVar [[r.AmbientOcclusionLevels:-1]]
[2019.11.05-00.04.15:389][  0]LogConfig: Setting CVar [[r.AmbientOcclusionRadiusScale:1.0]]
[2019.11.05-00.04.15:389][  0]LogConfig: Setting CVar [[r.DepthOfFieldQuality:2]]
[2019.11.05-00.04.15:389][  0]LogConfig: Setting CVar [[r.RenderTargetPoolMin:400]]
[2019.11.05-00.04.15:389][  0]LogConfig: Setting CVar [[r.LensFlareQuality:2]]
[2019.11.05-00.04.15:389][  0]LogConfig: Setting CVar [[r.SceneColorFringeQuality:1]]
[2019.11.05-00.04.15:389][  0]LogConfig: Setting CVar [[r.EyeAdaptationQuality:2]]
[2019.11.05-00.04.15:389][  0]LogConfig: Setting CVar [[r.BloomQuality:5]]
[2019.11.05-00.04.15:389][  0]LogConfig: Setting CVar [[r.FastBlurThreshold:100]]
[2019.11.05-00.04.15:389][  0]LogConfig: Setting CVar [[r.Upscale.Quality:3]]
[2019.11.05-00.04.15:389][  0]LogConfig: Setting CVar [[r.Tonemapper.GrainQuantization:1]]
[2019.11.05-00.04.15:389][  0]LogConfig: Setting CVar [[r.LightShaftQuality:1]]
[2019.11.05-00.04.15:389][  0]LogConfig: Setting CVar [[r.Filter.SizeScale:1]]
[2019.11.05-00.04.15:389][  0]LogConfig: Setting CVar [[r.Tonemapper.Quality:5]]
[2019.11.05-00.04.15:389][  0]LogConfig: Setting CVar [[r.DOF.Gather.AccumulatorQuality:1        ; higher gathering accumulator quality]]
[2019.11.05-00.04.15:389][  0]LogConfig: Setting CVar [[r.DOF.Gather.PostfilterMethod:1          ; Median3x3 postfilering method]]
[2019.11.05-00.04.15:389][  0]LogConfig: Setting CVar [[r.DOF.Gather.EnableBokehSettings:0       ; no bokeh simulation when gathering]]
[2019.11.05-00.04.15:389][  0]LogConfig: Setting CVar [[r.DOF.Gather.RingCount:4                 ; medium number of samples when gathering]]
[2019.11.05-00.04.15:389][  0]LogConfig: Setting CVar [[r.DOF.Scatter.ForegroundCompositing:1    ; additive foreground scattering]]
[2019.11.05-00.04.15:389][  0]LogConfig: Setting CVar [[r.DOF.Scatter.BackgroundCompositing:2    ; additive background scattering]]
[2019.11.05-00.04.15:389][  0]LogConfig: Setting CVar [[r.DOF.Scatter.EnableBokehSettings:1      ; bokeh simulation when scattering]]
[2019.11.05-00.04.15:389][  0]LogConfig: Setting CVar [[r.DOF.Scatter.MaxSpriteRatio:0.1         ; only a maximum of 10% of scattered bokeh]]
[2019.11.05-00.04.15:389][  0]LogConfig: Setting CVar [[r.DOF.Recombine.Quality:1                ; cheap slight out of focus]]
[2019.11.05-00.04.15:389][  0]LogConfig: Setting CVar [[r.DOF.Recombine.EnableBokehSettings:0    ; no bokeh simulation on slight out of focus]]
[2019.11.05-00.04.15:389][  0]LogConfig: Setting CVar [[r.DOF.TemporalAAQuality:1                ; more stable temporal accumulation]]
[2019.11.05-00.04.15:389][  0]LogConfig: Setting CVar [[r.DOF.Kernel.MaxForegroundRadius:0.025]]
[2019.11.05-00.04.15:389][  0]LogConfig: Setting CVar [[r.DOF.Kernel.MaxBackgroundRadius:0.025]]
[2019.11.05-00.04.15:389][  0]LogConfig: Applying CVar settings from Section [TextureQuality@3] File [/home/gerardo/projects/git_game_off/ggo 4.23/Saved/Config/Linux/Scalability.ini]
[2019.11.05-00.04.15:389][  0]LogConfig: Setting CVar [[r.Streaming.MipBias:0]]
[2019.11.05-00.04.15:389][  0]LogConfig: Setting CVar [[r.Streaming.AmortizeCPUToGPUCopy:0]]
[2019.11.05-00.04.15:389][  0]LogConfig: Setting CVar [[r.Streaming.MaxNumTexturesToStreamPerFrame:0]]
[2019.11.05-00.04.15:389][  0]LogConfig: Setting CVar [[r.Streaming.Boost:1]]
[2019.11.05-00.04.15:389][  0]LogConfig: Setting CVar [[r.MaxAnisotropy:8]]
[2019.11.05-00.04.15:389][  0]LogConfig: Setting CVar [[r.Streaming.LimitPoolSizeToVRAM:0]]
[2019.11.05-00.04.15:390][  0]LogConfig: Setting CVar [[r.Streaming.PoolSize:1000]]
[2019.11.05-00.04.15:390][  0]LogConfig: Setting CVar [[r.Streaming.MaxEffectiveScreenSize:0]]
[2019.11.05-00.04.15:390][  0]LogConfig: Applying CVar settings from Section [EffectsQuality@3] File [/home/gerardo/projects/git_game_off/ggo 4.23/Saved/Config/Linux/Scalability.ini]
[2019.11.05-00.04.15:390][  0]LogConfig: Setting CVar [[r.TranslucencyLightingVolumeDim:64]]
[2019.11.05-00.04.15:390][  0]LogConfig: Setting CVar [[r.RefractionQuality:2]]
[2019.11.05-00.04.15:390][  0]LogConfig: Setting CVar [[r.SSR.Quality:3]]
[2019.11.05-00.04.15:390][  0]LogConfig: Setting CVar [[r.SceneColorFormat:4]]
[2019.11.05-00.04.15:390][  0]LogConfig: Setting CVar [[r.DetailMode:2]]
[2019.11.05-00.04.15:390][  0]LogConfig: Setting CVar [[r.TranslucencyVolumeBlur:1]]
[2019.11.05-00.04.15:390][  0]LogConfig: Setting CVar [[r.MaterialQualityLevel:1 ; High quality]]
[2019.11.05-00.04.15:390][  0]LogConfig: Setting CVar [[r.SSS.Scale:1]]
[2019.11.05-00.04.15:390][  0]LogConfig: Setting CVar [[r.SSS.SampleSet:2]]
[2019.11.05-00.04.15:390][  0]LogConfig: Setting CVar [[r.SSS.Quality:1]]
[2019.11.05-00.04.15:390][  0]LogConfig: Setting CVar [[r.SSS.HalfRes:1]]
[2019.11.05-00.04.15:390][  0]LogConfig: Setting CVar [[r.EmitterSpawnRateScale:1.0]]
[2019.11.05-00.04.15:390][  0]LogConfig: Setting CVar [[r.ParticleLightQuality:2]]
[2019.11.05-00.04.15:390][  0]LogConfig: Applying CVar settings from Section [FoliageQuality@3] File [/home/gerardo/projects/git_game_off/ggo 4.23/Saved/Config/Linux/Scalability.ini]
[2019.11.05-00.04.15:390][  0]LogConfig: Setting CVar [[foliage.DensityScale:1.0]]
[2019.11.05-00.04.15:390][  0]LogConfig: Setting CVar [[grass.DensityScale:1.0]]
[2019.11.05-00.04.15:390][  0]LogConfig: Applying CVar settings from Section [Startup] File [../../../Engine/Config/ConsoleVariables.ini]
[2019.11.05-00.04.15:390][  0]LogConfig: Setting CVar [[net.UseAdaptiveNetUpdateFrequency:0]]
[2019.11.05-00.04.15:390][  0]LogConfig: Setting CVar [[p.chaos.AllowCreatePhysxBodies:1]]
[2019.11.05-00.04.15:390][  0]LogConfig: Applying CVar settings from Section [ConsoleVariables] File [/home/gerardo/projects/git_game_off/ggo 4.23/Saved/Config/Linux/Engine.ini]
[2019.11.05-00.04.15:390][  0]LogConfig: Setting CVar [[g.TimeoutForBlockOnRenderFence:60000]]
[2019.11.05-00.04.15:390][  0]LogInit: Unix hardware info:
[2019.11.05-00.04.15:390][  0]LogInit:  - we are the first instance of this executable
[2019.11.05-00.04.15:390][  0]LogInit:  - this process' id (pid) is 5982, parent process' id (ppid) is 1
[2019.11.05-00.04.15:390][  0]LogInit:  - we are not running under debugger
[2019.11.05-00.04.15:390][  0]LogInit:  - machine network name is 'gerardo-B85M-DS3H-A'
[2019.11.05-00.04.15:390][  0]LogInit:  - user name is 'gerardo' (gerardo)
[2019.11.05-00.04.15:390][  0]LogInit:  - we're logged in locally
[2019.11.05-00.04.15:390][  0]LogInit:  - we're running with rendering
[2019.11.05-00.04.15:390][  0]LogInit:  - CPU: GenuineIntel 'Intel(R) Core(TM) i5-4460  CPU @ 3.20GHz' (signature: 0x306C3)
[2019.11.05-00.04.15:390][  0]LogInit:  - Number of physical cores available for the process: 4
[2019.11.05-00.04.15:390][  0]LogInit:  - Number of logical cores available for the process: 4
[2019.11.05-00.04.15:390][  0]LogInit:  - Cache line size: 64
[2019.11.05-00.04.15:390][  0]LogInit:  - Memory allocator used: binned2
[2019.11.05-00.04.15:390][  0]LogInit:  - This binary is optimized with LTO: no, PGO: no, instrumented for PGO data collection: no
[2019.11.05-00.04.15:390][  0]LogInit:  - This is an internal build.
[2019.11.05-00.04.15:390][  0]LogCore: Benchmarking clocks:
[2019.11.05-00.04.15:390][  0]LogCore:  - CLOCK_MONOTONIC (id=1) can sustain 52915558 (52916K, 53M) calls per second without zero deltas.
[2019.11.05-00.04.15:390][  0]LogCore:  - CLOCK_MONOTONIC_RAW (id=4) can sustain 1705608 (1706K, 2M) calls per second without zero deltas.
[2019.11.05-00.04.15:390][  0]LogCore:  - CLOCK_MONOTONIC_COARSE (id=6) can sustain 163718010 (163718K, 164M) calls per second with 99.999841% zero deltas.
[2019.11.05-00.04.15:390][  0]LogCore: Selected clock_id 1 (CLOCK_MONOTONIC) since it is the fastest support clock without zero deltas.
[2019.11.05-00.04.15:390][  0]LogInit: Unix-specific commandline switches:
[2019.11.05-00.04.15:390][  0]LogInit:  -ansimalloc - use malloc()/free() from libc (useful for tools like valgrind and electric fence)
[2019.11.05-00.04.15:390][  0]LogInit:  -jemalloc - use jemalloc for all memory allocation
[2019.11.05-00.04.15:390][  0]LogInit:  -binnedmalloc - use binned malloc  for all memory allocation
[2019.11.05-00.04.15:390][  0]LogInit:  -filemapcachesize=NUMBER - set the size for case-sensitive file mapping cache
[2019.11.05-00.04.15:390][  0]LogInit:  -useksm - uses kernel same-page mapping (KSM) for mapped memory (OFF)
[2019.11.05-00.04.15:390][  0]LogInit:  -ksmmergeall - marks all mmap'd memory pages suitable for KSM (OFF)
[2019.11.05-00.04.15:391][  0]LogInit:  -preloadmodulesymbols - Loads the main module symbols file into memory (OFF)
[2019.11.05-00.04.15:391][  0]LogInit:  -sigdfl=SIGNAL - Allows a specific signal to be set to its default handler rather then ignoring the signal
[2019.11.05-00.04.15:391][  0]LogInit:  -httpproxy=ADDRESS:PORT - redirects HTTP requests to a proxy (only supported if compiled with libcurl)
[2019.11.05-00.04.15:391][  0]LogInit:  -reuseconn - allow libcurl to reuse HTTP connections (only matters if compiled with libcurl)
[2019.11.05-00.04.15:391][  0]LogInit:  -virtmemkb=NUMBER - sets process virtual memory (address space) limit (overrides VirtualMemoryLimitInKB value from .ini)
[2019.11.05-00.04.15:391][  0]LogInit:  - Physical RAM available (not considering process quota): 16 GB (15934 MB, 16317292 KB, 16708907008 bytes)
[2019.11.05-00.04.15:391][  0]LogInit:  - VirtualMemoryAllocator pools will grow at scale 1.4
[2019.11.05-00.04.15:391][  0]LogInit:  - MemoryRangeDecommit() will be a no-op (re-run with -vmapoolevict to change)
[2019.11.05-00.04.15:471][  0]LogInit: Using OS detected language (en-US).
[2019.11.05-00.04.15:471][  0]LogInit: Using OS detected locale (en-US).
[2019.11.05-00.04.15:472][  0]LogTextLocalizationManager: No specific localization for 'en-US' exists, so the 'en' localization will be used.
[2019.11.05-00.04.15:761][  0]LogSlate: New Slate User Created.  User Index 0, Is Virtual User: 0
[2019.11.05-00.04.15:761][  0]LogSlate: Slate User Registered.  User Index 0, Is Virtual User: 0
[2019.11.05-00.04.16:562][  0]LogInit: Using SDL_WINDOW_VULKAN
[2019.11.05-00.04.16:671][  0]LogVulkanRHI: Display: - Found instance layer VK_LAYER_LUNARG_standard_validation
[2019.11.05-00.04.16:671][  0]LogVulkanRHI: Display: - Found instance layer VK_LAYER_MESA_overlay
[2019.11.05-00.04.16:671][  0]LogVulkanRHI: Display: - Found instance extension VK_EXT_acquire_xlib_display
[2019.11.05-00.04.16:671][  0]LogVulkanRHI: Display: - Found instance extension VK_EXT_debug_report
[2019.11.05-00.04.16:672][  0]LogVulkanRHI: Display: - Found instance extension VK_EXT_debug_utils
[2019.11.05-00.04.16:672][  0]LogVulkanRHI: Display: - Found instance extension VK_EXT_direct_mode_display
[2019.11.05-00.04.16:672][  0]LogVulkanRHI: Display: - Found instance extension VK_EXT_display_surface_counter
[2019.11.05-00.04.16:672][  0]LogVulkanRHI: Display: - Found instance extension VK_KHR_device_group_creation
[2019.11.05-00.04.16:672][  0]LogVulkanRHI: Display: - Found instance extension VK_KHR_display
[2019.11.05-00.04.16:672][  0]LogVulkanRHI: Display: - Found instance extension VK_KHR_external_fence_capabilities
[2019.11.05-00.04.16:672][  0]LogVulkanRHI: Display: - Found instance extension VK_KHR_external_memory_capabilities
[2019.11.05-00.04.16:672][  0]LogVulkanRHI: Display: - Found instance extension VK_KHR_external_semaphore_capabilities
[2019.11.05-00.04.16:672][  0]LogVulkanRHI: Display: - Found instance extension VK_KHR_get_display_properties2
[2019.11.05-00.04.16:672][  0]LogVulkanRHI: Display: - Found instance extension VK_KHR_get_physical_device_properties2
[2019.11.05-00.04.16:672][  0]LogVulkanRHI: Display: - Found instance extension VK_KHR_get_surface_capabilities2
[2019.11.05-00.04.16:672][  0]LogVulkanRHI: Display: - Found instance extension VK_KHR_surface
[2019.11.05-00.04.16:672][  0]LogVulkanRHI: Display: - Found instance extension VK_KHR_wayland_surface
[2019.11.05-00.04.16:672][  0]LogVulkanRHI: Display: - Found instance extension VK_KHR_xcb_surface
[2019.11.05-00.04.16:672][  0]LogVulkanRHI: Display: - Found instance extension VK_KHR_xlib_surface
[2019.11.05-00.04.16:672][  0]LogVulkanRHI: Display: Not using instance layers
[2019.11.05-00.04.16:672][  0]LogVulkanRHI: Display: Using instance extensions
[2019.11.05-00.04.16:672][  0]LogVulkanRHI: Display: * VK_KHR_surface
[2019.11.05-00.04.16:672][  0]LogVulkanRHI: Display: * VK_KHR_xlib_surface
[2019.11.05-00.04.16:688][  0]LogVulkanRHI: Display: Found 2 device(s)
[2019.11.05-00.04.16:688][  0]LogVulkanRHI: Display: Device 0: Intel(R) Haswell Desktop
[2019.11.05-00.04.16:688][  0]LogVulkanRHI: Display: - API 1.1.102(0x401066) Driver 0x4c02063 VendorId 0x8086
[2019.11.05-00.04.16:688][  0]LogVulkanRHI: Display: - DeviceID 0x412 Type Integrated GPU
[2019.11.05-00.04.16:688][  0]LogVulkanRHI: Display: - Max Descriptor Sets Bound 8 Timestamps 1
[2019.11.05-00.04.16:688][  0]LogVulkanRHI: Display: Device 1: GeForce GTX 960
[2019.11.05-00.04.16:688][  0]LogVulkanRHI: Display: - API 1.1.95(0x40105f) Driver 0x688e0000 VendorId 0x10de
[2019.11.05-00.04.16:688][  0]LogVulkanRHI: Display: - DeviceID 0x1401 Type Discrete GPU
[2019.11.05-00.04.16:688][  0]LogVulkanRHI: Display: - Max Descriptor Sets Bound 32 Timestamps 1
[2019.11.05-00.04.16:688][  0]LogVulkanRHI: Display: Using Device 1: Geometry 1 Tessellation 1
[2019.11.05-00.04.16:688][  0]LogVulkanRHI: Display: - Found device extension VK_EXT_blend_operation_advanced
[2019.11.05-00.04.16:688][  0]LogVulkanRHI: Display: - Found device extension VK_EXT_conditional_rendering
[2019.11.05-00.04.16:688][  0]LogVulkanRHI: Display: - Found device extension VK_EXT_conservative_rasterization
[2019.11.05-00.04.16:688][  0]LogVulkanRHI: Display: - Found device extension VK_EXT_depth_range_unrestricted
[2019.11.05-00.04.16:688][  0]LogVulkanRHI: Display: - Found device extension VK_EXT_descriptor_indexing
[2019.11.05-00.04.16:688][  0]LogVulkanRHI: Display: - Found device extension VK_EXT_discard_rectangles
[2019.11.05-00.04.16:688][  0]LogVulkanRHI: Display: - Found device extension VK_EXT_display_control
[2019.11.05-00.04.16:688][  0]LogVulkanRHI: Display: - Found device extension VK_EXT_global_priority
[2019.11.05-00.04.16:688][  0]LogVulkanRHI: Display: - Found device extension VK_EXT_inline_uniform_block
[2019.11.05-00.04.16:688][  0]LogVulkanRHI: Display: - Found device extension VK_EXT_post_depth_coverage
[2019.11.05-00.04.16:688][  0]LogVulkanRHI: Display: - Found device extension VK_EXT_sample_locations
[2019.11.05-00.04.16:688][  0]LogVulkanRHI: Display: - Found device extension VK_EXT_sampler_filter_minmax
[2019.11.05-00.04.16:688][  0]LogVulkanRHI: Display: - Found device extension VK_EXT_scalar_block_layout
[2019.11.05-00.04.16:688][  0]LogVulkanRHI: Display: - Found device extension VK_EXT_shader_subgroup_ballot
[2019.11.05-00.04.16:688][  0]LogVulkanRHI: Display: - Found device extension VK_EXT_shader_subgroup_vote
[2019.11.05-00.04.16:688][  0]LogVulkanRHI: Display: - Found device extension VK_EXT_shader_viewport_index_layer
[2019.11.05-00.04.16:688][  0]LogVulkanRHI: Display: - Found device extension VK_EXT_transform_feedback
[2019.11.05-00.04.16:688][  0]LogVulkanRHI: Display: - Found device extension VK_EXT_vertex_attribute_divisor
[2019.11.05-00.04.16:689][  0]LogVulkanRHI: Display: - Found device extension VK_KHR_16bit_storage
[2019.11.05-00.04.16:689][  0]LogVulkanRHI: Display: - Found device extension VK_KHR_8bit_storage
[2019.11.05-00.04.16:689][  0]LogVulkanRHI: Display: - Found device extension VK_KHR_bind_memory2
[2019.11.05-00.04.16:689][  0]LogVulkanRHI: Display: - Found device extension VK_KHR_create_renderpass2
[2019.11.05-00.04.16:689][  0]LogVulkanRHI: Display: - Found device extension VK_KHR_dedicated_allocation
[2019.11.05-00.04.16:689][  0]LogVulkanRHI: Display: - Found device extension VK_KHR_depth_stencil_resolve
[2019.11.05-00.04.16:689][  0]LogVulkanRHI: Display: - Found device extension VK_KHR_descriptor_update_template
[2019.11.05-00.04.16:689][  0]LogVulkanRHI: Display: - Found device extension VK_KHR_device_group
[2019.11.05-00.04.16:689][  0]LogVulkanRHI: Display: - Found device extension VK_KHR_draw_indirect_count
[2019.11.05-00.04.16:689][  0]LogVulkanRHI: Display: - Found device extension VK_KHR_driver_properties
[2019.11.05-00.04.16:689][  0]LogVulkanRHI: Display: - Found device extension VK_KHR_external_fence
[2019.11.05-00.04.16:689][  0]LogVulkanRHI: Display: - Found device extension VK_KHR_external_fence_fd
[2019.11.05-00.04.16:689][  0]LogVulkanRHI: Display: - Found device extension VK_KHR_external_memory
[2019.11.05-00.04.16:689][  0]LogVulkanRHI: Display: - Found device extension VK_KHR_external_memory_fd
[2019.11.05-00.04.16:689][  0]LogVulkanRHI: Display: - Found device extension VK_KHR_external_semaphore
[2019.11.05-00.04.16:689][  0]LogVulkanRHI: Display: - Found device extension VK_KHR_external_semaphore_fd
[2019.11.05-00.04.16:689][  0]LogVulkanRHI: Display: - Found device extension VK_KHR_get_memory_requirements2
[2019.11.05-00.04.16:689][  0]LogVulkanRHI: Display: - Found device extension VK_KHR_image_format_list
[2019.11.05-00.04.16:689][  0]LogVulkanRHI: Display: - Found device extension VK_KHR_maintenance1
[2019.11.05-00.04.16:689][  0]LogVulkanRHI: Display: - Found device extension VK_KHR_maintenance2
[2019.11.05-00.04.16:689][  0]LogVulkanRHI: Display: - Found device extension VK_KHR_maintenance3
[2019.11.05-00.04.16:689][  0]LogVulkanRHI: Display: - Found device extension VK_KHR_multiview
[2019.11.05-00.04.16:689][  0]LogVulkanRHI: Display: - Found device extension VK_KHR_push_descriptor
[2019.11.05-00.04.16:689][  0]LogVulkanRHI: Display: - Found device extension VK_KHR_relaxed_block_layout
[2019.11.05-00.04.16:689][  0]LogVulkanRHI: Display: - Found device extension VK_KHR_sampler_mirror_clamp_to_edge
[2019.11.05-00.04.16:689][  0]LogVulkanRHI: Display: - Found device extension VK_KHR_sampler_ycbcr_conversion
[2019.11.05-00.04.16:689][  0]LogVulkanRHI: Display: - Found device extension VK_KHR_shader_atomic_int64
[2019.11.05-00.04.16:689][  0]LogVulkanRHI: Display: - Found device extension VK_KHR_shader_draw_parameters
[2019.11.05-00.04.16:689][  0]LogVulkanRHI: Display: - Found device extension VK_KHR_shader_float16_int8
[2019.11.05-00.04.16:689][  0]LogVulkanRHI: Display: - Found device extension VK_KHR_shader_float_controls
[2019.11.05-00.04.16:689][  0]LogVulkanRHI: Display: - Found device extension VK_KHR_storage_buffer_storage_class
[2019.11.05-00.04.16:689][  0]LogVulkanRHI: Display: - Found device extension VK_KHR_swapchain
[2019.11.05-00.04.16:689][  0]LogVulkanRHI: Display: - Found device extension VK_KHR_swapchain_mutable_format
[2019.11.05-00.04.16:689][  0]LogVulkanRHI: Display: - Found device extension VK_KHR_variable_pointers
[2019.11.05-00.04.16:689][  0]LogVulkanRHI: Display: - Found device extension VK_KHR_vulkan_memory_model
[2019.11.05-00.04.16:689][  0]LogVulkanRHI: Display: - Found device extension VK_NV_dedicated_allocation
[2019.11.05-00.04.16:689][  0]LogVulkanRHI: Display: - Found device extension VK_NV_device_diagnostic_checkpoints
[2019.11.05-00.04.16:689][  0]LogVulkanRHI: Display: - Found device extension VK_NV_fill_rectangle
[2019.11.05-00.04.16:689][  0]LogVulkanRHI: Display: - Found device extension VK_NV_fragment_coverage_to_color
[2019.11.05-00.04.16:689][  0]LogVulkanRHI: Display: - Found device extension VK_NV_framebuffer_mixed_samples
[2019.11.05-00.04.16:689][  0]LogVulkanRHI: Display: - Found device extension VK_NV_geometry_shader_passthrough
[2019.11.05-00.04.16:689][  0]LogVulkanRHI: Display: - Found device extension VK_NV_sample_mask_override_coverage
[2019.11.05-00.04.16:689][  0]LogVulkanRHI: Display: - Found device extension VK_NV_shader_subgroup_partitioned
[2019.11.05-00.04.16:689][  0]LogVulkanRHI: Display: - Found device extension VK_NV_viewport_array2
[2019.11.05-00.04.16:689][  0]LogVulkanRHI: Display: - Found device extension VK_NV_viewport_swizzle
[2019.11.05-00.04.16:689][  0]LogVulkanRHI: Display: - Found device extension VK_NVX_device_generated_commands
[2019.11.05-00.04.16:689][  0]LogVulkanRHI: Display: - Found device extension VK_NVX_multiview_per_view_attributes
[2019.11.05-00.04.16:689][  0]LogVulkanRHI: Display: Using device extensions
[2019.11.05-00.04.16:689][  0]LogVulkanRHI: Display: * VK_KHR_swapchain
[2019.11.05-00.04.16:689][  0]LogVulkanRHI: Display: * VK_KHR_maintenance1
[2019.11.05-00.04.16:689][  0]LogVulkanRHI: Display: * VK_KHR_maintenance2
[2019.11.05-00.04.16:689][  0]LogVulkanRHI: Display: Found 2 Queue Families
[2019.11.05-00.04.16:689][  0]LogVulkanRHI: Display: Initializing Queue Family 0: 16 queues Gfx Compute Xfer Sparse
[2019.11.05-00.04.16:689][  0]LogVulkanRHI: Display: Initializing Queue Family 1: 1 queues Xfer
[2019.11.05-00.04.16:951][  0]LogVulkanRHI: Display: 2 Device Memory Heaps; Max memory allocations -1
[2019.11.05-00.04.16:951][  0]LogVulkanRHI: Display: 0: Flags 0x1 Size 4294967296 (4096.00 MB) GPU
[2019.11.05-00.04.16:951][  0]LogVulkanRHI: Display: 1: Flags 0x0 Size 12531680256 (11951.14 MB) 
[2019.11.05-00.04.16:951][  0]LogVulkanRHI: Display: 11 Device Memory Types (Not unified)
[2019.11.05-00.04.16:951][  0]LogVulkanRHI: Display: 0: Flags 0x0 Heap 1 
[2019.11.05-00.04.16:951][  0]LogVulkanRHI: Display: 1: Flags 0x0 Heap 1 
[2019.11.05-00.04.16:951][  0]LogVulkanRHI: Display: 2: Flags 0x0 Heap 1 
[2019.11.05-00.04.16:951][  0]LogVulkanRHI: Display: 3: Flags 0x0 Heap 1 
[2019.11.05-00.04.16:951][  0]LogVulkanRHI: Display: 4: Flags 0x0 Heap 1 
[2019.11.05-00.04.16:951][  0]LogVulkanRHI: Display: 5: Flags 0x0 Heap 1 
[2019.11.05-00.04.16:951][  0]LogVulkanRHI: Display: 6: Flags 0x0 Heap 1 
[2019.11.05-00.04.16:951][  0]LogVulkanRHI: Display: 7: Flags 0x1 Heap 0  Local
[2019.11.05-00.04.16:951][  0]LogVulkanRHI: Display: 8: Flags 0x1 Heap 0  Local
[2019.11.05-00.04.16:951][  0]LogVulkanRHI: Display: 9: Flags 0x6 Heap 1  HostVisible HostCoherent
[2019.11.05-00.04.16:951][  0]LogVulkanRHI: Display: 10: Flags 0xe Heap 1  HostVisible HostCoherent HostCached
[2019.11.05-00.04.17:001][  0]LogVulkanRHI: Display: FVulkanPipelineStateCacheManager: Binary pipeline cache '../../../../../projects/git_game_off/ggo 4.23/Saved/VulkanPSO.cache.10de.1401' not found.
[2019.11.05-00.04.17:011][  0]LogVulkanRHI: Display: Nvidia User Driver Version = 418.56
[2019.11.05-00.04.17:059][  0]LogRHI: Texture pool is 2723 MB (70% of 3891 MB)
[2019.11.05-00.04.17:920][  0]LogTemp: Display: Module 'AllDesktopTargetPlatform' loaded TargetPlatform 'AllDesktop'
[2019.11.05-00.04.18:219][  0]LogTemp: Display: Module 'AndroidTargetPlatform' loaded TargetPlatform 'Android'
[2019.11.05-00.04.18:219][  0]LogTemp: Display: Module 'AndroidTargetPlatform' loaded TargetPlatform 'Android_ASTC'
[2019.11.05-00.04.18:219][  0]LogTemp: Display: Module 'AndroidTargetPlatform' loaded TargetPlatform 'Android_ATC'
[2019.11.05-00.04.18:219][  0]LogTemp: Display: Module 'AndroidTargetPlatform' loaded TargetPlatform 'Android_DXT'
[2019.11.05-00.04.18:219][  0]LogTemp: Display: Module 'AndroidTargetPlatform' loaded TargetPlatform 'Android_ETC1'
[2019.11.05-00.04.18:219][  0]LogTemp: Display: Module 'AndroidTargetPlatform' loaded TargetPlatform 'Android_ETC1a'
[2019.11.05-00.04.18:219][  0]LogTemp: Display: Module 'AndroidTargetPlatform' loaded TargetPlatform 'Android_ETC2'
[2019.11.05-00.04.18:219][  0]LogTemp: Display: Module 'AndroidTargetPlatform' loaded TargetPlatform 'Android_PVRTC'
[2019.11.05-00.04.18:219][  0]LogTemp: Display: Module 'AndroidTargetPlatform' loaded TargetPlatform 'AndroidClient'
[2019.11.05-00.04.18:219][  0]LogTemp: Display: Module 'AndroidTargetPlatform' loaded TargetPlatform 'Android_ASTCClient'
[2019.11.05-00.04.18:219][  0]LogTemp: Display: Module 'AndroidTargetPlatform' loaded TargetPlatform 'Android_ATCClient'
[2019.11.05-00.04.18:219][  0]LogTemp: Display: Module 'AndroidTargetPlatform' loaded TargetPlatform 'Android_DXTClient'
[2019.11.05-00.04.18:219][  0]LogTemp: Display: Module 'AndroidTargetPlatform' loaded TargetPlatform 'Android_ETC1Client'
[2019.11.05-00.04.18:219][  0]LogTemp: Display: Module 'AndroidTargetPlatform' loaded TargetPlatform 'Android_ETC1aClient'
[2019.11.05-00.04.18:219][  0]LogTemp: Display: Module 'AndroidTargetPlatform' loaded TargetPlatform 'Android_ETC2Client'
[2019.11.05-00.04.18:219][  0]LogTemp: Display: Module 'AndroidTargetPlatform' loaded TargetPlatform 'Android_PVRTCClient'
[2019.11.05-00.04.18:219][  0]LogTemp: Display: Module 'AndroidTargetPlatform' loaded TargetPlatform 'Android_Multi'
[2019.11.05-00.04.18:219][  0]LogTemp: Display: Module 'AndroidTargetPlatform' loaded TargetPlatform 'Android_MultiClient'
[2019.11.05-00.04.18:498][  0]LogTemp: Display: Module 'LinuxClientTargetPlatform' loaded TargetPlatform 'LinuxClient'
[2019.11.05-00.04.18:766][  0]LogTemp: Display: Module 'LinuxNoEditorTargetPlatform' loaded TargetPlatform 'LinuxNoEditor'
[2019.11.05-00.04.19:032][  0]LogTemp: Display: Module 'LinuxServerTargetPlatform' loaded TargetPlatform 'LinuxServer'
[2019.11.05-00.04.19:293][  0]LogTemp: Display: Module 'LinuxTargetPlatform' loaded TargetPlatform 'Linux'
[2019.11.05-00.04.19:553][  0]LogTemp: Display: Module 'HTML5TargetPlatform' loaded TargetPlatform 'HTML5'
[2019.11.05-00.04.19:558][  0]LogTargetPlatformManager: Display: Building Assets For Linux
[2019.11.05-00.04.20:315][  0]LogShaderCompilers: Guid format shader working directory is 15 characters bigger than the processId version (../../../../../projects/git_game_off/ggo 4.23/Intermediate/Shaders/WorkingDirectory/5982/).
[2019.11.05-00.04.20:315][  0]LogShaderCompilers: Cleaned the shader compiler working directory '../../../../../projects/git_game_off/ggo 4.23/Intermediate/Shaders/tmp/870C94DAAC4F4E83A162EAC5B0C17EF5/'.
[2019.11.05-00.04.20:315][  0]LogShaderCompilers: Display: Using Local Shader Compiler.
[2019.11.05-00.04.21:645][  0]LogDerivedDataCache: Display: Max Cache Size: 512 MB
[2019.11.05-00.04.21:811][  0]LogDerivedDataCache: Loaded boot cache 0.17s 130MB ../../../../../projects/git_game_off/ggo 4.23/DerivedDataCache/Boot.ddc.
[2019.11.05-00.04.21:811][  0]LogDerivedDataCache: Display: Loaded Boot cache: ../../../../../projects/git_game_off/ggo 4.23/DerivedDataCache/Boot.ddc
[2019.11.05-00.04.21:811][  0]LogDerivedDataCache: FDerivedDataBackendGraph:  Pak pak cache file ../../../../../projects/git_game_off/ggo 4.23/DerivedDataCache/DDC.ddp not found, will not use a pak cache.
[2019.11.05-00.04.21:811][  0]LogDerivedDataCache: Unable to find inner node Pak for hierarchical cache Hierarchy.
[2019.11.05-00.04.21:811][  0]LogDerivedDataCache: FDerivedDataBackendGraph:  EnginePak pak cache file ../../../Engine/DerivedDataCache/DDC.ddp not found, will not use a pak cache.
[2019.11.05-00.04.21:811][  0]LogDerivedDataCache: Unable to find inner node EnginePak for hierarchical cache Hierarchy.
[2019.11.05-00.04.21:813][  0]LogDerivedDataCache: Using Local data cache path ../../../Engine/DerivedDataCache: Writable
[2019.11.05-00.04.21:813][  0]LogDerivedDataCache: Shared data cache path not found in *engine.ini, will not use an Shared cache.
[2019.11.05-00.04.21:813][  0]LogDerivedDataCache: Unable to find inner node Shared for hierarchical cache Hierarchy.
[2019.11.05-00.04.21:852][  0]LogMaterial: Verifying Global Shaders for SF_VULKAN_SM5
[2019.11.05-00.04.21:858][  0]LogSlate: Using FreeType 2.6.0
[2019.11.05-00.04.21:859][  0]LogSlate: SlateFontServices - WITH_FREETYPE: 1, WITH_HARFBUZZ: 0
[2019.11.05-00.04.21:958][  0]LogAssetRegistry: FAssetRegistry took 0.0022 seconds to start up
[2019.11.05-00.04.22:278][  0]LogLinux: Selected Device Profile: [Linux]
[2019.11.05-00.04.23:594][  0]LogMeshReduction: Using QuadricMeshReduction for automatic static mesh reduction
[2019.11.05-00.04.23:594][  0]LogMeshReduction: Using SimplygonMeshReduction for automatic skeletal mesh reduction
[2019.11.05-00.04.23:594][  0]LogMeshReduction: No automatic mesh merging module available
[2019.11.05-00.04.23:594][  0]LogMeshReduction: No distributed automatic mesh merging module available
[2019.11.05-00.04.23:594][  0]LogMeshMerging: No automatic mesh merging module available
[2019.11.05-00.04.23:594][  0]LogMeshMerging: No distributed automatic mesh merging module available
[2019.11.05-00.04.23:608][  0]LogNetVersion: ggo 1.0.0, NetCL: 0, EngineNetVer: 11, GameNetVer: 0 (Checksum: 2303379731)
[2019.11.05-00.04.24:246][  0]LogPackageLocalizationCache: Processed 11 localized package path(s) for 1 prioritized culture(s) in 0.032711 seconds
[2019.11.05-00.04.24:263][  0]LogUObjectArray: 43661 objects as part of root set at end of initial load.
[2019.11.05-00.04.24:263][  0]LogUObjectAllocator: 7591320 out of 0 bytes used by permanent object pool.
[2019.11.05-00.04.24:263][  0]LogUObjectArray: CloseDisregardForGC: 0/0 objects in disregard for GC pool
[2019.11.05-00.04.24:608][  0]LogHAL: Linux SourceCodeAccessSettings: NullSourceCodeAccessor
[2019.11.05-00.04.30:159][  0]LogTcpMessaging: Initializing TcpMessaging bridge
[2019.11.05-00.04.30:162][  0]LogUdpMessaging: Initializing bridge on interface 0.0.0.0:0 to multicast group 230.0.0.1:6666.
[2019.11.05-00.04.33:209][  0]LogPython: Using Python 2.7.14
[2019.11.05-00.04.42:774][  0]LogAndroidPermission: UAndroidPermissionCallbackProxy::GetInstance
[2019.11.05-00.04.44:824][  0]SourceControl: Source control is disabled
[2019.11.05-00.04.44:824][  0]SourceControl: Source control is disabled
[2019.11.05-00.04.45:951][  0]SourceControl: Source control is disabled
[2019.11.05-00.04.46:160][  0]SourceControl: Source control is disabled
[2019.11.05-00.04.47:747][  0]LogEngine: Initializing Engine...
[2019.11.05-00.04.47:748][  0]LogStats: UGameplayTagsManager::InitializeManager -  0.000 s
[2019.11.05-00.04.48:263][  0]LogInit: Initializing FReadOnlyCVARCache
[2019.11.05-00.04.49:214][  0]LogAIModule: Creating AISystem for world Untitled
[2019.11.05-00.04.49:222][  0]LogAudioMixer: Display: Audio Mixer Platform Settings:
[2019.11.05-00.04.49:222][  0]LogAudioMixer: Display: 	Sample Rate:						  48000
[2019.11.05-00.04.49:222][  0]LogAudioMixer: Display: 	Callback Buffer Frame Size Requested: 1024
[2019.11.05-00.04.49:222][  0]LogAudioMixer: Display: 	Callback Buffer Frame Size To Use:	  1024
[2019.11.05-00.04.49:222][  0]LogAudioMixer: Display: 	Number of buffers to queue:			  2
[2019.11.05-00.04.49:222][  0]LogAudioMixer: Display: 	Max Channels (voices):				  32
[2019.11.05-00.04.49:222][  0]LogAudioMixer: Display: 	Number of Async Source Workers:		  0
[2019.11.05-00.04.49:223][  0]LogAudioMixer: Display: Initializing audio mixer.
[2019.11.05-00.04.49:233][  0]LogAudioMixerSDL: Display: Initialized SDL using pulseaudio platform API backend.
[2019.11.05-00.04.50:795][  0]LogAudioMixer: Display: Using Audio Device Default Audio Device
[2019.11.05-00.04.50:799][  0]LogInit: FAudioDevice initialized.
[2019.11.05-00.04.50:799][  0]LogNetVersion: Set ProjectVersion to 1.0.0.0. Version Checksum will be recalculated on next use.
[2019.11.05-00.04.50:909][  0]LogDerivedDataCache: Saved boot cache 0.11s 130MB ../../../../../projects/git_game_off/ggo 4.23/DerivedDataCache/Boot.ddc.
[2019.11.05-00.04.51:362][  0]LogInit: Texture streaming: Enabled
[2019.11.05-00.04.51:424][  0]LogEngineSessionManager: EngineSessionManager initialized
[2019.11.05-00.04.51:424][  0]LogEditorSessionSummary: Verbose: Initializing EditorSessionSummaryWriter for editor session tracking
[2019.11.05-00.04.51:466][  0]LogEditorSessionSummary: EditorSessionSummaryWriter initialized
[2019.11.05-00.04.52:421][  0]LogInit: Transaction tracking system initialized
[2019.11.05-00.04.54:061][  0]BlueprintLog: New page: Editor Load
[2019.11.05-00.04.58:158][  0]LocalizationService: Localization service is disabled
[2019.11.05-00.05.01:483][  0]LogFileCache: Scanning file cache for directory '/home/gerardo/projects/git_game_off/ggo 4.23/Content/' took 0.00s
[2019.11.05-00.05.01:483][  0]LogCook: Display: Max memory allowance for cook 16384mb min free memory 0mb
[2019.11.05-00.05.01:483][  0]LogCook: Display: Mobile HDR setting 1
[2019.11.05-00.05.07:994][  0]SourceControl: Source control is disabled
[2019.11.05-00.05.07:994][  0]Cmd: MAP LOAD FILE="../../../../../projects/git_game_off/ggo 4.23/Content/SideScrollerCPP/Maps/SideScrollerExampleMap.umap" TEMPLATE=0 SHOWPROGRESS=1 FEATURELEVEL=3
[2019.11.05-00.05.07:999][  0]LightingResults: New page: Lighting Build
[2019.11.05-00.05.08:160][  0]LogWorld: UWorld::CleanupWorld for Untitled, bSessionEnded=true, bCleanupResources=true
[2019.11.05-00.05.08:161][  0]MapCheck: New page: Map Check
[2019.11.05-00.05.08:161][  0]LightingResults: New page: Lighting Build
[2019.11.05-00.05.08:197][  0]LogUObjectHash: Compacting FUObjectHashTables data took   4.53ms
[2019.11.05-00.05.08:241][  0]LogLinker: Warning: While loading '../../../../../projects/git_game_off/ggo 4.23/Content/SideScrollerCPP/Maps/SideScrollerExampleMap.umap' failed to load '/Game/SideScrollerCPP/Maps/SideScrollerExampleMap_BuiltData': Can't find file.
[2019.11.05-00.05.08:241][  0]LogLinker: Warning: While loading '../../../../../projects/git_game_off/ggo 4.23/Content/SideScrollerCPP/Maps/SideScrollerExampleMap.umap' failed to load '/Game/SideScrollerCPP/Maps/SideScrollerExampleMap_BuiltData': Can't find file.
[2019.11.05-00.05.08:243][  0]LogLinker: Warning: While loading '../../../../../projects/git_game_off/ggo 4.23/Content/SideScrollerCPP/Maps/SideScrollerExampleMap.umap' failed to load '/Game/SideScrollerCPP/Maps/SideScrollerExampleMap_BuiltData': Can't find file.
[2019.11.05-00.05.08:244][  0]LogLinker: Warning: While loading '../../../../../projects/git_game_off/ggo 4.23/Content/SideScrollerCPP/Maps/SideScrollerExampleMap.umap' failed to load '/Game/SideScrollerCPP/Maps/SideScrollerExampleMap_BuiltData': Can't find file.
[2019.11.05-00.05.08:244][  0]LogLinker: Warning: Failed to load '/Game/SideScrollerCPP/Maps/SideScrollerExampleMap_BuiltData': Can't find file.
[2019.11.05-00.05.08:244][  0]LogLinker: Warning: Failed to load '/Game/SideScrollerCPP/Maps/SideScrollerExampleMap_BuiltData': Can't find file.
[2019.11.05-00.05.08:244][  0]LogLinker: Warning: Failed to load '/Game/SideScrollerCPP/Maps/SideScrollerExampleMap_BuiltData': Can't find file.
[2019.11.05-00.05.08:245][  0]LogLinker: Warning: Failed to load '/Game/SideScrollerCPP/Maps/SideScrollerExampleMap_BuiltData': Can't find file.
[2019.11.05-00.05.08:248][  0]LogLinker: Warning: While loading '../../../../../projects/git_game_off/ggo 4.23/Content/SideScrollerCPP/Maps/SideScrollerExampleMap.umap' failed to load '/Game/SideScrollerCPP/Maps/SideScrollerExampleMap_BuiltData': Can't find file.
[2019.11.05-00.05.08:249][  0]LoadErrors: Failed to load /Game/SideScrollerCPP/Maps/SideScrollerExampleMap_BuiltData.SideScrollerExampleMap_BuiltData Referenced by PersistentLevel
[2019.11.05-00.05.08:249][  0]LogLinker: Warning: While loading '../../../../../projects/git_game_off/ggo 4.23/Content/SideScrollerCPP/Maps/SideScrollerExampleMap.umap' failed to load '/Game/SideScrollerCPP/Maps/SideScrollerExampleMap_BuiltData': Can't find file.
[2019.11.05-00.05.08:249][  0]LoadErrors: Failed to load /Game/SideScrollerCPP/Maps/SideScrollerExampleMap_BuiltData.SideScrollerExampleMap_BuiltData Referenced by PersistentLevel
[2019.11.05-00.05.08:296][  0]LogAIModule: Creating AISystem for world SideScrollerExampleMap
[2019.11.05-00.05.08:304][  0]LogEditorServer: Finished looking for orphan Actors (0.000 secs)
[2019.11.05-00.05.08:333][  0]LogUObjectHash: Compacting FUObjectHashTables data took   3.95ms
[2019.11.05-00.05.08:339][  0]Cmd: MAP CHECKDEP NOCLEARLOG
[2019.11.05-00.05.08:339][  0]MapCheck: Map check complete: 0 Error(s), 0 Warning(s), took 0.101ms to complete.
[2019.11.05-00.05.08:339][  0]LogFileHelpers: Loading map 'SideScrollerExampleMap' took 0.345
[2019.11.05-00.05.08:379][  0]LogLinux: Scale at X=70.000000, Y=27.000000: 1.000000 (monitor=#0, HDPI=96.000000 (horz scale: 1.000000), VDPI=96.000000 (vert scale: 1.000000))
[2019.11.05-00.05.08:381][  0]LogLinux: Scale at X=995.000000, Y=553.500000: 1.000000 (monitor=#0, HDPI=96.000000 (horz scale: 1.000000), VDPI=96.000000 (vert scale: 1.000000))
[2019.11.05-00.05.08:408][  0]LogLinux: Scale at X=70.000000, Y=27.000000: 1.000000 (monitor=#0, HDPI=96.000000 (horz scale: 1.000000), VDPI=96.000000 (vert scale: 1.000000))
[2019.11.05-00.05.08:492][  0]LogSlate: Updating window title bar state: overlay mode, drag disabled, window buttons hidden, title bar hidden
[2019.11.05-00.05.08:502][  0]LogSlate: Updating window title bar state: overlay mode, drag disabled, window buttons hidden, title bar hidden
[2019.11.05-00.05.08:513][  0]LogSlate: Updating window title bar state: overlay mode, drag disabled, window buttons hidden, title bar hidden
[2019.11.05-00.05.08:522][  0]LogSlate: Updating window title bar state: overlay mode, drag disabled, window buttons hidden, title bar hidden
[2019.11.05-00.05.08:535][  0]LogCollectionManager: Loaded 0 collections in 0.002416 seconds
[2019.11.05-00.05.08:545][  0]LogFileCache: Scanning file cache for directory '/home/gerardo/projects/git_game_off/ggo 4.23/Saved/Collections/' took 0.00s
[2019.11.05-00.05.08:545][  0]LogFileCache: Scanning file cache for directory '/home/gerardo/projects/git_game_off/ggo 4.23/Content/Developers/gerardo/Collections/' took 0.00s
[2019.11.05-00.05.08:545][  0]LogFileCache: Scanning file cache for directory '/home/gerardo/projects/git_game_off/ggo 4.23/Content/Collections/' took 0.00s
[2019.11.05-00.05.08:545][  0]LogContentBrowser: Native class hierarchy populated in 0.0085 seconds. Added 2831 classes and 639 folders.
[2019.11.05-00.05.08:547][  0]LogCollectionManager: Rebuilt the GUID cache for 0 collections in 0.000002 seconds
[2019.11.05-00.05.08:916][  0]LogContentBrowser: Native class hierarchy updated for 'WidgetCarousel' in 0.0003 seconds. Added 0 classes and 0 folders.
[2019.11.05-00.05.08:938][  0]LogContentBrowser: Native class hierarchy updated for 'AddContentDialog' in 0.0003 seconds. Added 0 classes and 0 folders.
[2019.11.05-00.05.09:113][  0]LogContentBrowser: Native class hierarchy updated for 'SceneOutliner' in 0.0004 seconds. Added 1 classes and 2 folders.
[2019.11.05-00.05.09:137][  0]LogLinux: Scale at X=455.000000, Y=235.000000: 1.000000 (monitor=#0, HDPI=96.000000 (horz scale: 1.000000), VDPI=96.000000 (vert scale: 1.000000))
[2019.11.05-00.05.09:138][  0]LogLinux: Scale at X=960.000000, Y=540.000000: 1.000000 (monitor=#0, HDPI=96.000000 (horz scale: 1.000000), VDPI=96.000000 (vert scale: 1.000000))
[2019.11.05-00.05.09:162][  0]LogVulkanRHI: Display: Requested PixelFormat 18 not supported by this swapchain! Falling back to supported swapchain format...
[2019.11.05-00.05.09:162][  0]LogVulkanRHI: Display: Queue Family 0: Supports Present
[2019.11.05-00.05.09:162][  0]LogVulkanRHI: Display: Queue Family 0: Supports Present
[2019.11.05-00.05.09:162][  0]LogVulkanRHI: Display: Found 3 Surface present modes:
[2019.11.05-00.05.09:162][  0]LogVulkanRHI: Display: - VK_PRESENT_MODE_FIFO_KHR (2)
[2019.11.05-00.05.09:162][  0]LogVulkanRHI: Display: - VK_PRESENT_MODE_FIFO_RELAXED_KHR (3)
[2019.11.05-00.05.09:162][  0]LogVulkanRHI: Display: - VK_PRESENT_MODE_IMMEDIATE_KHR (0)
[2019.11.05-00.05.09:162][  0]LogVulkanRHI: Display: Selected VkPresentModeKHR mode 2
[2019.11.05-00.05.09:162][  0]LogVulkanRHI: Creating new VK swapchain with format 44, color space 0, num images 3
[2019.11.05-00.05.09:274][  0]LogLinux: Scale at X=354.000000, Y=193.000000: 1.000000 (monitor=#0, HDPI=96.000000 (horz scale: 1.000000), VDPI=96.000000 (vert scale: 1.000000))
[2019.11.05-00.05.09:274][  0]LogLinux: Scale at X=960.500000, Y=540.000000: 1.000000 (monitor=#0, HDPI=96.000000 (horz scale: 1.000000), VDPI=96.000000 (vert scale: 1.000000))
[2019.11.05-00.05.09:654][  0]LogSlate: Took 0.000089 seconds to synchronously load lazily loaded font '../../../Engine/Content/Slate/Fonts/Roboto-Bold.ttf' (160K)
[2019.11.05-00.05.09:657][  0]LogSlate: Took 0.000114 seconds to synchronously load lazily loaded font '../../../Engine/Content/Slate/Fonts/Roboto-Regular.ttf' (155K)
[2019.11.05-00.05.09:838][  0]LogContentBrowser: Native class hierarchy updated for 'HierarchicalLODOutliner' in 0.0004 seconds. Added 0 classes and 0 folders.
[2019.11.05-00.05.09:838][  0]LogLoad: (Engine Initialization) Total time: 58.75 seconds
[2019.11.05-00.05.09:838][  0]LogLoad: (Engine Initialization) Total Blueprint compile time: 0.00 seconds
[2019.11.05-00.05.09:859][  0]LogSlate: Took 0.000132 seconds to synchronously load lazily loaded font '../../../Engine/Content/Editor/Slate/Fonts/FontAwesome.ttf' (139K)
[2019.11.05-00.05.09:987][  0]LogRenderer: Reallocating scene render targets to support 1164x584 Format 10 NumSamples 1 (Frame:1).
[2019.11.05-00.05.09:987][  0]LogSlate: FSceneViewport::OnFocusLost() reason 5
[2019.11.05-00.05.10:028][  0]LogAssetRegistry: Asset discovery search completed in 48.0700 seconds
[2019.11.05-00.05.10:035][  0]LogCollectionManager: Rebuilt the object cache for 0 collections in 0.000002 seconds (found 0 objects)
[2019.11.05-00.05.10:035][  0]LogCollectionManager: Fixed up redirectors for 0 collections in 0.000170 seconds (updated 0 objects)
[2019.11.05-00.05.10:036][  0]LogContentStreaming: Texture pool size now 1000 MB
[2019.11.05-00.05.10:096][  0]LogSlate: Took 0.000092 seconds to synchronously load lazily loaded font '../../../Engine/Content/Slate/Fonts/Roboto-Light.ttf' (167K)
[2019.11.05-00.05.11:175][ 63]LogLinux: Scale at X=960.000000, Y=540.000000: 1.000000 (monitor=#0, HDPI=96.000000 (horz scale: 1.000000), VDPI=96.000000 (vert scale: 1.000000))
[2019.11.05-00.08.55:187][117]LogLinux: Scale at X=354.000000, Y=193.000000: 1.000000 (monitor=#0, HDPI=96.000000 (horz scale: 1.000000), VDPI=96.000000 (vert scale: 1.000000))
[2019.11.05-00.08.55:187][117]LogSlate: Window 'Plugins' being destroyed
[2019.11.05-00.08.55:261][117]LogSlate: Window 'Plugins' being destroyed
[2019.11.05-00.08.57:502][252]LogSlate: FSceneViewport::OnFocusLost() reason 5
[2019.11.05-00.08.57:568][256]LogLinux: Scale at X=455.000000, Y=235.000000: 1.000000 (monitor=#0, HDPI=96.000000 (horz scale: 1.000000), VDPI=96.000000 (vert scale: 1.000000))
[2019.11.05-00.08.57:568][256]LogSlate: Window 'Message Log' being destroyed
[2019.11.05-00.08.57:649][256]LogSlate: Window 'Message Log' being destroyed
[2019.11.05-00.09.12:176][106]LogSlate: FSceneViewport::OnFocusLost() reason 0
[2019.11.05-00.09.12:263][112]LogTemp: Repeating last play command: Selected Viewport
[2019.11.05-00.09.12:274][112]LogBlueprintUserMessages: Early PlayInEditor Detection: Level '/Game/SideScrollerCPP/Maps/SideScrollerExampleMap.SideScrollerExampleMap:PersistentLevel' has LevelScriptBlueprint '/Game/SideScrollerCPP/Maps/SideScrollerExampleMap.SideScrollerExampleMap:PersistentLevel.SideScrollerExampleMap' with GeneratedClass '/Game/SideScrollerCPP/Maps/SideScrollerExampleMap.SideScrollerExampleMap_C' with ClassGeneratedBy '/Game/SideScrollerCPP/Maps/SideScrollerExampleMap.SideScrollerExampleMap:PersistentLevel.SideScrollerExampleMap'
[2019.11.05-00.09.12:274][112]LogPlayLevel: PlayLevel: No blueprints needed recompiling
[2019.11.05-00.09.12:275][112]PIE: New page: PIE session: SideScrollerExampleMap (Nov 5, 2019, 12:09:12 AM)
[2019.11.05-00.09.12:276][112]LogOnline: OSS: Creating online subsystem instance for: NULL
[2019.11.05-00.09.12:276][112]LogPlayLevel: Creating play world package: /Game/SideScrollerCPP/Maps/UEDPIE_0_SideScrollerExampleMap
[2019.11.05-00.09.12:309][112]LogPlayLevel: PIE: StaticDuplicateObject took: (0.031511s)
[2019.11.05-00.09.12:309][112]LogAIModule: Creating AISystem for world SideScrollerExampleMap
[2019.11.05-00.09.12:310][112]LogPlayLevel: PIE: World Init took: (0.000901s)
[2019.11.05-00.09.12:310][112]LogPlayLevel: PIE: Created PIE world by copying editor world from /Game/SideScrollerCPP/Maps/SideScrollerExampleMap.SideScrollerExampleMap to /Game/SideScrollerCPP/Maps/UEDPIE_0_SideScrollerExampleMap.SideScrollerExampleMap (0.033196s)
[2019.11.05-00.09.12:338][112]LogUObjectHash: Compacting FUObjectHashTables data took   3.05ms
[2019.11.05-00.09.12:341][112]LogAudioMixer: Display: Audio Mixer Platform Settings:
[2019.11.05-00.09.12:341][112]LogAudioMixer: Display: 	Sample Rate:						  48000
[2019.11.05-00.09.12:341][112]LogAudioMixer: Display: 	Callback Buffer Frame Size Requested: 1024
[2019.11.05-00.09.12:341][112]LogAudioMixer: Display: 	Callback Buffer Frame Size To Use:	  1024
[2019.11.05-00.09.12:341][112]LogAudioMixer: Display: 	Number of buffers to queue:			  2
[2019.11.05-00.09.12:341][112]LogAudioMixer: Display: 	Max Channels (voices):				  32
[2019.11.05-00.09.12:341][112]LogAudioMixer: Display: 	Number of Async Source Workers:		  0
[2019.11.05-00.09.12:341][112]LogAudioMixer: Display: Initializing audio mixer.
[2019.11.05-00.09.12:341][112]LogAudioMixerSDL: Display: Initialized SDL using pulseaudio platform API backend.
[2019.11.05-00.09.14:082][112]LogAudioMixer: Display: Using Audio Device Default Audio Device
[2019.11.05-00.09.14:086][112]LogInit: FAudioDevice initialized.
[2019.11.05-00.09.14:102][112]LogLoad: Game class is 'ggoGameMode'
[2019.11.05-00.09.14:107][112]LogWorld: Bringing World /Game/SideScrollerCPP/Maps/UEDPIE_0_SideScrollerExampleMap.SideScrollerExampleMap up for play (max tick rate 0) at 2019.11.05-00.09.14
[2019.11.05-00.09.14:108][112]LogWorld: Bringing up level for play took: 0.003195
[2019.11.05-00.09.14:108][112]LogOnline: OSS: Creating online subsystem instance for: :Context_1
[2019.11.05-00.09.14:508][112]LogContentBrowser: Native class hierarchy updated for 'MovieSceneCapture' in 0.0004 seconds. Added 20 classes and 0 folders.
[2019.11.05-00.09.14:509][112]PIE: Play in editor start time for /Game/SideScrollerCPP/Maps/UEDPIE_0_SideScrollerExampleMap 2.235
[2019.11.05-00.09.14:509][112]LogBlueprintUserMessages: Late PlayInEditor Detection: Level '/Game/SideScrollerCPP/Maps/SideScrollerExampleMap.SideScrollerExampleMap:PersistentLevel' has LevelScriptBlueprint '/Game/SideScrollerCPP/Maps/SideScrollerExampleMap.SideScrollerExampleMap:PersistentLevel.SideScrollerExampleMap' with GeneratedClass '/Game/SideScrollerCPP/Maps/SideScrollerExampleMap.SideScrollerExampleMap_C' with ClassGeneratedBy '/Game/SideScrollerCPP/Maps/SideScrollerExampleMap.SideScrollerExampleMap:PersistentLevel.SideScrollerExampleMap'
[2019.11.05-00.10.12:588][578]LogAudioMixer: Display: No commands were queued while flushing the source manager.
[2019.11.05-00.10.12:588][578]LogAudioMixer: Display: No commands were queued while flushing the source manager.
[2019.11.05-00.10.12:588][578]LogBlueprintUserMessages: Early EndPlayMap Detection: Level '/Game/SideScrollerCPP/Maps/SideScrollerExampleMap.SideScrollerExampleMap:PersistentLevel' has LevelScriptBlueprint '/Game/SideScrollerCPP/Maps/SideScrollerExampleMap.SideScrollerExampleMap:PersistentLevel.SideScrollerExampleMap' with GeneratedClass '/Game/SideScrollerCPP/Maps/SideScrollerExampleMap.SideScrollerExampleMap_C' with ClassGeneratedBy '/Game/SideScrollerCPP/Maps/SideScrollerExampleMap.SideScrollerExampleMap:PersistentLevel.SideScrollerExampleMap'
[2019.11.05-00.10.12:589][578]LogSlate: Updating window title bar state: overlay mode, drag disabled, window buttons hidden, title bar hidden
[2019.11.05-00.10.12:589][578]LogWorld: BeginTearingDown for /Game/SideScrollerCPP/Maps/UEDPIE_0_SideScrollerExampleMap
[2019.11.05-00.10.12:589][578]LogAudioMixer: Display: No commands were queued while flushing the source manager.
[2019.11.05-00.10.12:589][578]LogWorld: UWorld::CleanupWorld for SideScrollerExampleMap, bSessionEnded=true, bCleanupResources=true
[2019.11.05-00.10.12:624][578]LogPlayLevel: Display: Shutting down PIE online subsystems
[2019.11.05-00.10.12:624][578]LogBlueprintUserMessages: Late EndPlayMap Detection: Level '/Game/SideScrollerCPP/Maps/SideScrollerExampleMap.SideScrollerExampleMap:PersistentLevel' has LevelScriptBlueprint '/Game/SideScrollerCPP/Maps/SideScrollerExampleMap.SideScrollerExampleMap:PersistentLevel.SideScrollerExampleMap' with GeneratedClass '/Game/SideScrollerCPP/Maps/SideScrollerExampleMap.SideScrollerExampleMap_C' with ClassGeneratedBy '/Game/SideScrollerCPP/Maps/SideScrollerExampleMap.SideScrollerExampleMap:PersistentLevel.SideScrollerExampleMap'
[2019.11.05-00.10.12:658][578]LogAudioMixer: Display: No commands were queued while flushing the source manager.
[2019.11.05-00.10.12:698][578]LogSlate: Updating window title bar state: overlay mode, drag disabled, window buttons hidden, title bar hidden
[2019.11.05-00.10.12:703][578]LogUObjectHash: Compacting FUObjectHashTables data took   3.16ms
[2019.11.05-00.10.12:728][579]LogPlayLevel: Display: Destroying online subsystem :Context_1
